{"numFailedTestSuites":2,"numFailedTests":0,"numPassedTestSuites":16,"numPassedTests":137,"numPendingTestSuites":0,"numPendingTests":0,"numRuntimeErrorTestSuites":2,"numTodoTests":0,"numTotalTestSuites":18,"numTotalTests":137,"openHandles":[],"snapshot":{"added":0,"didUpdate":false,"failure":false,"filesAdded":0,"filesRemoved":0,"filesRemovedList":[],"filesUnmatched":0,"filesUpdated":0,"matched":0,"total":0,"unchecked":0,"uncheckedKeysByFile":[],"unmatched":0,"updated":0},"startTime":1773233162515,"success":false,"testResults":[{"assertionResults":[{"ancestorTitles":["fileStore - Decoupled Behavior (Post-Refactoring)","Store Independence"],"duration":10,"failing":false,"failureDetails":[],"failureMessages":[],"fullName":"fileStore - Decoupled Behavior (Post-Refactoring) Store Independence should track currentProjectId independently","invocations":1,"location":null,"numPassingAsserts":1,"retryReasons":[],"startAt":1773233166490,"status":"passed","title":"should track currentProjectId independently"},{"ancestorTitles":["fileStore - Decoupled Behavior (Post-Refactoring)","Store Independence"],"duration":6,"failing":false,"failureDetails":[],"failureMessages":[],"fullName":"fileStore - Decoupled Behavior (Post-Refactoring) Store Independence should save files using its own currentProjectId state","invocations":1,"location":null,"numPassingAsserts":1,"retryReasons":[],"startAt":1773233166502,"status":"passed","title":"should save files using its own currentProjectId state"},{"ancestorTitles":["fileStore - Decoupled Behavior (Post-Refactoring)","Store Independence"],"duration":2,"failing":false,"failureDetails":[],"failureMessages":[],"fullName":"fileStore - Decoupled Behavior (Post-Refactoring) Store Independence should handle null currentProjectId gracefully","invocations":1,"location":null,"numPassingAsserts":1,"retryReasons":[],"startAt":1773233166509,"status":"passed","title":"should handle null currentProjectId gracefully"},{"ancestorTitles":["fileStore - Decoupled Behavior (Post-Refactoring)","File Operations (Independent of Coupling)"],"duration":4,"failing":false,"failureDetails":[],"failureMessages":[],"fullName":"fileStore - Decoupled Behavior (Post-Refactoring) File Operations (Independent of Coupling) should create a file by path","invocations":1,"location":null,"numPassingAsserts":2,"retryReasons":[],"startAt":1773233166512,"status":"passed","title":"should create a file by path"},{"ancestorTitles":["fileStore - Decoupled Behavior (Post-Refactoring)","File Operations (Independent of Coupling)"],"duration":2,"failing":false,"failureDetails":[],"failureMessages":[],"fullName":"fileStore - Decoupled Behavior (Post-Refactoring) File Operations (Independent of Coupling) should return error when creating duplicate file","invocations":1,"location":null,"numPassingAsserts":1,"retryReasons":[],"startAt":1773233166517,"status":"passed","title":"should return error when creating duplicate file"},{"ancestorTitles":["fileStore - Decoupled Behavior (Post-Refactoring)","File Operations (Independent of Coupling)"],"duration":1,"failing":false,"failureDetails":[],"failureMessages":[],"fullName":"fileStore - Decoupled Behavior (Post-Refactoring) File Operations (Independent of Coupling) should create file by ID","invocations":1,"location":null,"numPassingAsserts":2,"retryReasons":[],"startAt":1773233166519,"status":"passed","title":"should create file by ID"},{"ancestorTitles":["fileStore - Decoupled Behavior (Post-Refactoring)","File Operations (Independent of Coupling)"],"duration":1,"failing":false,"failureDetails":[],"failureMessages":[],"fullName":"fileStore - Decoupled Behavior (Post-Refactoring) File Operations (Independent of Coupling) should create folder by ID","invocations":1,"location":null,"numPassingAsserts":2,"retryReasons":[],"startAt":1773233166521,"status":"passed","title":"should create folder by ID"},{"ancestorTitles":["fileStore - Decoupled Behavior (Post-Refactoring)","File Operations (Independent of Coupling)"],"duration":1,"failing":false,"failureDetails":[],"failureMessages":[],"fullName":"fileStore - Decoupled Behavior (Post-Refactoring) File Operations (Independent of Coupling) should update file content","invocations":1,"location":null,"numPassingAsserts":2,"retryReasons":[],"startAt":1773233166523,"status":"passed","title":"should update file content"},{"ancestorTitles":["fileStore - Decoupled Behavior (Post-Refactoring)","File Operations (Independent of Coupling)"],"duration":2,"failing":false,"failureDetails":[],"failureMessages":[],"fullName":"fileStore - Decoupled Behavior (Post-Refactoring) File Operations (Independent of Coupling) should save file content by ID","invocations":1,"location":null,"numPassingAsserts":1,"retryReasons":[],"startAt":1773233166524,"status":"passed","title":"should save file content by ID"},{"ancestorTitles":["fileStore - Decoupled Behavior (Post-Refactoring)","File Operations (Independent of Coupling)"],"duration":2,"failing":false,"failureDetails":[],"failureMessages":[],"fullName":"fileStore - Decoupled Behavior (Post-Refactoring) File Operations (Independent of Coupling) should patch file with batch edits","invocations":1,"location":null,"numPassingAsserts":2,"retryReasons":[],"startAt":1773233166526,"status":"passed","title":"should patch file with batch edits"},{"ancestorTitles":["fileStore - Decoupled Behavior (Post-Refactoring)","File Operations (Independent of Coupling)"],"duration":1,"failing":false,"failureDetails":[],"failureMessages":[],"fullName":"fileStore - Decoupled Behavior (Post-Refactoring) File Operations (Independent of Coupling) should read file content with line numbers","invocations":1,"location":null,"numPassingAsserts":3,"retryReasons":[],"startAt":1773233166528,"status":"passed","title":"should read file content with line numbers"},{"ancestorTitles":["fileStore - Decoupled Behavior (Post-Refactoring)","File Operations (Independent of Coupling)"],"duration":7,"failing":false,"failureDetails":[],"failureMessages":[],"fullName":"fileStore - Decoupled Behavior (Post-Refactoring) File Operations (Independent of Coupling) should search files by query","invocations":1,"location":null,"numPassingAsserts":2,"retryReasons":[],"startAt":1773233166529,"status":"passed","title":"should search files by query"},{"ancestorTitles":["fileStore - Decoupled Behavior (Post-Refactoring)","File Operations (Independent of Coupling)"],"duration":2,"failing":false,"failureDetails":[],"failureMessages":[],"fullName":"fileStore - Decoupled Behavior (Post-Refactoring) File Operations (Independent of Coupling) should delete file by path","invocations":1,"location":null,"numPassingAsserts":2,"retryReasons":[],"startAt":1773233166536,"status":"passed","title":"should delete file by path"},{"ancestorTitles":["fileStore - Decoupled Behavior (Post-Refactoring)","File Operations (Independent of Coupling)"],"duration":1,"failing":false,"failureDetails":[],"failureMessages":[],"fullName":"fileStore - Decoupled Behavior (Post-Refactoring) File Operations (Independent of Coupling) should delete file by ID","invocations":1,"location":null,"numPassingAsserts":2,"retryReasons":[],"startAt":1773233166538,"status":"passed","title":"should delete file by ID"},{"ancestorTitles":["fileStore - Decoupled Behavior (Post-Refactoring)","File Operations (Independent of Coupling)"],"duration":1,"failing":false,"failureDetails":[],"failureMessages":[],"fullName":"fileStore - Decoupled Behavior (Post-Refactoring) File Operations (Independent of Coupling) should rename file","invocations":1,"location":null,"numPassingAsserts":3,"retryReasons":[],"startAt":1773233166540,"status":"passed","title":"should rename file"},{"ancestorTitles":["fileStore - Decoupled Behavior (Post-Refactoring)","File Operations (Independent of Coupling)"],"duration":11,"failing":false,"failureDetails":[],"failureMessages":[],"fullName":"fileStore - Decoupled Behavior (Post-Refactoring) File Operations (Independent of Coupling) should list files in tree structure","invocations":1,"location":null,"numPassingAsserts":2,"retryReasons":[],"startAt":1773233166541,"status":"passed","title":"should list files in tree structure"},{"ancestorTitles":["fileStore - Decoupled Behavior (Post-Refactoring)","File Operations (Independent of Coupling)"],"duration":0,"failing":false,"failureDetails":[],"failureMessages":[],"fullName":"fileStore - Decoupled Behavior (Post-Refactoring) File Operations (Independent of Coupling) should set active file ID","invocations":1,"location":null,"numPassingAsserts":1,"retryReasons":[],"startAt":1773233166553,"status":"passed","title":"should set active file ID"},{"ancestorTitles":["fileStore - Decoupled Behavior (Post-Refactoring)","File Operations (Independent of Coupling)"],"duration":1,"failing":false,"failureDetails":[],"failureMessages":[],"fullName":"fileStore - Decoupled Behavior (Post-Refactoring) File Operations (Independent of Coupling) should clear active file ID when deleting active file","invocations":1,"location":null,"numPassingAsserts":1,"retryReasons":[],"startAt":1773233166553,"status":"passed","title":"should clear active file ID when deleting active file"},{"ancestorTitles":["fileStore - Decoupled Behavior (Post-Refactoring)","Load Files Behavior"],"duration":1,"failing":false,"failureDetails":[],"failureMessages":[],"fullName":"fileStore - Decoupled Behavior (Post-Refactoring) Load Files Behavior should load files from database","invocations":1,"location":null,"numPassingAsserts":2,"retryReasons":[],"startAt":1773233166555,"status":"passed","title":"should load files from database"},{"ancestorTitles":["fileStore - Decoupled Behavior (Post-Refactoring)","Load Files Behavior"],"duration":56,"failing":false,"failureDetails":[],"failureMessages":[],"fullName":"fileStore - Decoupled Behavior (Post-Refactoring) Load Files Behavior should initialize default files when database returns empty","invocations":1,"location":null,"numPassingAsserts":2,"retryReasons":[],"startAt":1773233166556,"status":"passed","title":"should initialize default files when database returns empty"},{"ancestorTitles":["fileStore - Decoupled Behavior (Post-Refactoring)","Load Files Behavior"],"duration":24,"failing":false,"failureDetails":[],"failureMessages":[],"fullName":"fileStore - Decoupled Behavior (Post-Refactoring) Load Files Behavior should handle database errors gracefully","invocations":1,"location":null,"numPassingAsserts":1,"retryReasons":[],"startAt":1773233166613,"status":"passed","title":"should handle database errors gracefully"},{"ancestorTitles":["fileStore - Decoupled Behavior (Post-Refactoring)","Edge Cases"],"duration":1,"failing":false,"failureDetails":[],"failureMessages":[],"fullName":"fileStore - Decoupled Behavior (Post-Refactoring) Edge Cases should handle reading non-existent file","invocations":1,"location":null,"numPassingAsserts":1,"retryReasons":[],"startAt":1773233166637,"status":"passed","title":"should handle reading non-existent file"},{"ancestorTitles":["fileStore - Decoupled Behavior (Post-Refactoring)","Edge Cases"],"duration":1,"failing":false,"failureDetails":[],"failureMessages":[],"fullName":"fileStore - Decoupled Behavior (Post-Refactoring) Edge Cases should handle updating non-existent file","invocations":1,"location":null,"numPassingAsserts":1,"retryReasons":[],"startAt":1773233166638,"status":"passed","title":"should handle updating non-existent file"},{"ancestorTitles":["fileStore - Decoupled Behavior (Post-Refactoring)","Edge Cases"],"duration":1,"failing":false,"failureDetails":[],"failureMessages":[],"fullName":"fileStore - Decoupled Behavior (Post-Refactoring) Edge Cases should handle deleting non-existent file","invocations":1,"location":null,"numPassingAsserts":1,"retryReasons":[],"startAt":1773233166639,"status":"passed","title":"should handle deleting non-existent file"},{"ancestorTitles":["fileStore - Decoupled Behavior (Post-Refactoring)","Edge Cases"],"duration":1,"failing":false,"failureDetails":[],"failureMessages":[],"fullName":"fileStore - Decoupled Behavior (Post-Refactoring) Edge Cases should handle renaming non-existent file","invocations":1,"location":null,"numPassingAsserts":1,"retryReasons":[],"startAt":1773233166640,"status":"passed","title":"should handle renaming non-existent file"},{"ancestorTitles":["fileStore - Decoupled Behavior (Post-Refactoring)","Edge Cases"],"duration":0,"failing":false,"failureDetails":[],"failureMessages":[],"fullName":"fileStore - Decoupled Behavior (Post-Refactoring) Edge Cases should handle creating file with non-existent parent","invocations":1,"location":null,"numPassingAsserts":1,"retryReasons":[],"startAt":1773233166643,"status":"passed","title":"should handle creating file with non-existent parent"},{"ancestorTitles":["fileStore - Decoupled Behavior (Post-Refactoring)","Edge Cases"],"duration":0,"failing":false,"failureDetails":[],"failureMessages":[],"fullName":"fileStore - Decoupled Behavior (Post-Refactoring) Edge Cases should return empty search results","invocations":1,"location":null,"numPassingAsserts":1,"retryReasons":[],"startAt":1773233166644,"status":"passed","title":"should return empty search results"}],"endTime":1773233166647,"message":"","name":"C:\\Users\\shinobi\\Documents\\NovelIDE\\__tests__\\unit\\stores\\fileStore.test.ts","startTime":1773233164648,"status":"passed","summary":""},{"assertionResults":[{"ancestorTitles":["useAgentEngine - empty parts handling"],"duration":39,"failing":false,"failureDetails":[],"failureMessages":[],"fullName":"useAgentEngine - empty parts handling should add a visible system error message when parts is empty","invocations":1,"location":null,"numPassingAsserts":2,"retryReasons":[],"startAt":1773233167455,"status":"passed","title":"should add a visible system error message when parts is empty"}],"endTime":1773233167496,"message":"","name":"C:\\Users\\shinobi\\Documents\\NovelIDE\\__tests__\\unit\\hooks\\useAgentEngine.emptyParts.test.tsx","startTime":1773233166679,"status":"passed","summary":""},{"assertionResults":[{"ancestorTitles":["createPersistingStore - 基本功能验证","基本功能"],"duration":5,"failing":false,"failureDetails":[],"failureMessages":[],"fullName":"createPersistingStore - 基本功能验证 基本功能 应该创建store并返回setState","invocations":1,"location":null,"numPassingAsserts":2,"retryReasons":[],"startAt":1773233167761,"status":"passed","title":"应该创建store并返回setState"},{"ancestorTitles":["createPersistingStore - 基本功能验证","基本功能"],"duration":4,"failing":false,"failureDetails":[],"failureMessages":[],"fullName":"createPersistingStore - 基本功能验证 基本功能 应该在状态变化时调用saver","invocations":1,"location":null,"numPassingAsserts":2,"retryReasons":[],"startAt":1773233167766,"status":"passed","title":"应该在状态变化时调用saver"},{"ancestorTitles":["createPersistingStore - 基本功能验证","基本功能"],"duration":1,"failing":false,"failureDetails":[],"failureMessages":[],"fullName":"createPersistingStore - 基本功能验证 基本功能 应该支持0ms防抖延迟（立即保存）","invocations":1,"location":null,"numPassingAsserts":2,"retryReasons":[],"startAt":1773233167770,"status":"passed","title":"应该支持0ms防抖延迟（立即保存）"},{"ancestorTitles":["createPersistingStore - 基本功能验证","错误处理"],"duration":9,"failing":false,"failureDetails":[],"failureMessages":[],"fullName":"createPersistingStore - 基本功能验证 错误处理 应该捕获持久化错误并输出到console","invocations":1,"location":null,"numPassingAsserts":2,"retryReasons":[],"startAt":1773233167772,"status":"passed","title":"应该捕获持久化错误并输出到console"}],"endTime":1773233167782,"message":"","name":"C:\\Users\\shinobi\\Documents\\NovelIDE\\__tests__\\unit\\stores\\createPersistingStore.basic.test.ts","startTime":1773233167514,"status":"passed","summary":""},{"assertionResults":[{"ancestorTitles":["createPersistingStore - 统一持久化策略","防抖持久化"],"duration":4,"failing":false,"failureDetails":[],"failureMessages":[],"fullName":"createPersistingStore - 统一持久化策略 防抖持久化 应该在状态变化后防抖保存","invocations":1,"location":null,"numPassingAsserts":2,"retryReasons":[],"startAt":1773233168094,"status":"passed","title":"应该在状态变化后防抖保存"},{"ancestorTitles":["createPersistingStore - 统一持久化策略","防抖持久化"],"duration":2,"failing":false,"failureDetails":[],"failureMessages":[],"fullName":"createPersistingStore - 统一持久化策略 防抖持久化 应该在配置的延迟时间后保存","invocations":1,"location":null,"numPassingAsserts":2,"retryReasons":[],"startAt":1773233168098,"status":"passed","title":"应该在配置的延迟时间后保存"},{"ancestorTitles":["createPersistingStore - 统一持久化策略","防抖持久化"],"duration":2,"failing":false,"failureDetails":[],"failureMessages":[],"fullName":"createPersistingStore - 统一持久化策略 防抖持久化 应该取消pending的保存当有新状态变化时","invocations":1,"location":null,"numPassingAsserts":2,"retryReasons":[],"startAt":1773233168101,"status":"passed","title":"应该取消pending的保存当有新状态变化时"},{"ancestorTitles":["createPersistingStore - 统一持久化策略","防抖持久化"],"duration":8,"failing":false,"failureDetails":[],"failureMessages":[],"fullName":"createPersistingStore - 统一持久化策略 防抖持久化 应该处理异步保存错误","invocations":1,"location":null,"numPassingAsserts":2,"retryReasons":[],"startAt":1773233168104,"status":"passed","title":"应该处理异步保存错误"},{"ancestorTitles":["createPersistingStore - 统一持久化策略","状态管理"],"duration":5,"failing":false,"failureDetails":[],"failureMessages":[],"fullName":"createPersistingStore - 统一持久化策略 状态管理 应该提供setState方法更新状态","invocations":1,"location":null,"numPassingAsserts":2,"retryReasons":[],"startAt":1773233168112,"status":"passed","title":"应该提供setState方法更新状态"},{"ancestorTitles":["createPersistingStore - 统一持久化策略","状态管理"],"duration":3,"failing":false,"failureDetails":[],"failureMessages":[],"fullName":"createPersistingStore - 统一持久化策略 状态管理 应该合并部分状态更新","invocations":1,"location":null,"numPassingAsserts":2,"retryReasons":[],"startAt":1773233168117,"status":"passed","title":"应该合并部分状态更新"},{"ancestorTitles":["createPersistingStore - 统一持久化策略","状态管理"],"duration":2,"failing":false,"failureDetails":[],"failureMessages":[],"fullName":"createPersistingStore - 统一持久化策略 状态管理 应该保持Zustand的selector功能","invocations":1,"location":null,"numPassingAsserts":2,"retryReasons":[],"startAt":1773233168120,"status":"passed","title":"应该保持Zustand的selector功能"},{"ancestorTitles":["createPersistingStore - 统一持久化策略","边界情况"],"duration":2,"failing":false,"failureDetails":[],"failureMessages":[],"fullName":"createPersistingStore - 统一持久化策略 边界情况 应该处理空初始状态","invocations":1,"location":null,"numPassingAsserts":2,"retryReasons":[],"startAt":1773233168122,"status":"passed","title":"应该处理空初始状态"},{"ancestorTitles":["createPersistingStore - 统一持久化策略","边界情况"],"duration":2,"failing":false,"failureDetails":[],"failureMessages":[],"fullName":"createPersistingStore - 统一持久化策略 边界情况 应该处理null值更新","invocations":1,"location":null,"numPassingAsserts":1,"retryReasons":[],"startAt":1773233168124,"status":"passed","title":"应该处理null值更新"},{"ancestorTitles":["createPersistingStore - 统一持久化策略","边界情况"],"duration":1,"failing":false,"failureDetails":[],"failureMessages":[],"fullName":"createPersistingStore - 统一持久化策略 边界情况 应该处理saver为undefined的情况","invocations":1,"location":null,"numPassingAsserts":1,"retryReasons":[],"startAt":1773233168127,"status":"passed","title":"应该处理saver为undefined的情况"},{"ancestorTitles":["createPersistingStore - 统一持久化策略","配置选项"],"duration":2,"failing":false,"failureDetails":[],"failureMessages":[],"fullName":"createPersistingStore - 统一持久化策略 配置选项 应该使用默认1秒防抖延迟","invocations":1,"location":null,"numPassingAsserts":2,"retryReasons":[],"startAt":1773233168128,"status":"passed","title":"应该使用默认1秒防抖延迟"},{"ancestorTitles":["createPersistingStore - 统一持久化策略","配置选项"],"duration":2,"failing":false,"failureDetails":[],"failureMessages":[],"fullName":"createPersistingStore - 统一持久化策略 配置选项 应该支持自定义防抖延迟","invocations":1,"location":null,"numPassingAsserts":2,"retryReasons":[],"startAt":1773233168130,"status":"passed","title":"应该支持自定义防抖延迟"},{"ancestorTitles":["createPersistingStore - 统一持久化策略","配置选项"],"duration":2,"failing":false,"failureDetails":[],"failureMessages":[],"fullName":"createPersistingStore - 统一持久化策略 配置选项 应该支持0延迟（立即保存）","invocations":1,"location":null,"numPassingAsserts":1,"retryReasons":[],"startAt":1773233168132,"status":"passed","title":"应该支持0延迟（立即保存）"}],"endTime":1773233168135,"message":"","name":"C:\\Users\\shinobi\\Documents\\NovelIDE\\__tests__\\unit\\stores\\createPersistingStore.test.ts","startTime":1773233167806,"status":"passed","summary":""},{"assertionResults":[{"ancestorTitles":["FileService - 文件系统域逻辑","系统文件保护"],"duration":2,"failing":false,"failureDetails":[],"failureMessages":[],"fullName":"FileService - 文件系统域逻辑 系统文件保护 应该识别系统保护文件","invocations":1,"location":null,"numPassingAsserts":1,"retryReasons":[],"startAt":1773233168431,"status":"passed","title":"应该识别系统保护文件"},{"ancestorTitles":["FileService - 文件系统域逻辑","系统文件保护"],"duration":0,"failing":false,"failureDetails":[],"failureMessages":[],"fullName":"FileService - 文件系统域逻辑 系统文件保护 应该允许删除非系统文件","invocations":1,"location":null,"numPassingAsserts":1,"retryReasons":[],"startAt":1773233168434,"status":"passed","title":"应该允许删除非系统文件"},{"ancestorTitles":["FileService - 文件系统域逻辑","系统文件保护"],"duration":1,"failing":false,"failureDetails":[],"failureMessages":[],"fullName":"FileService - 文件系统域逻辑 系统文件保护 应该识别受保护的文件夹","invocations":1,"location":null,"numPassingAsserts":1,"retryReasons":[],"startAt":1773233168434,"status":"passed","title":"应该识别受保护的文件夹"},{"ancestorTitles":["FileService - 文件系统域逻辑","系统文件保护"],"duration":1,"failing":false,"failureDetails":[],"failureMessages":[],"fullName":"FileService - 文件系统域逻辑 系统文件保护 应该识别受保护的子文件","invocations":1,"location":null,"numPassingAsserts":1,"retryReasons":[],"startAt":1773233168435,"status":"passed","title":"应该识别受保护的子文件"},{"ancestorTitles":["FileService - 文件系统域逻辑","系统文件保护"],"duration":1,"failing":false,"failureDetails":[],"failureMessages":[],"fullName":"FileService - 文件系统域逻辑 系统文件保护 应该允许删除99_创作规范目录下的文件","invocations":1,"location":null,"numPassingAsserts":1,"retryReasons":[],"startAt":1773233168436,"status":"passed","title":"应该允许删除99_创作规范目录下的文件"},{"ancestorTitles":["FileService - 文件系统域逻辑","文件重命名权限"],"duration":1,"failing":false,"failureDetails":[],"failureMessages":[],"fullName":"FileService - 文件系统域逻辑 文件重命名权限 应该阻止重命名98_技能配置目录下的保护文件","invocations":1,"location":null,"numPassingAsserts":1,"retryReasons":[],"startAt":1773233168437,"status":"passed","title":"应该阻止重命名98_技能配置目录下的保护文件"},{"ancestorTitles":["FileService - 文件系统域逻辑","文件重命名权限"],"duration":1,"failing":false,"failureDetails":[],"failureMessages":[],"fullName":"FileService - 文件系统域逻辑 文件重命名权限 应该允许重命名99_创作规范目录下的文件","invocations":1,"location":null,"numPassingAsserts":1,"retryReasons":[],"startAt":1773233168438,"status":"passed","title":"应该允许重命名99_创作规范目录下的文件"},{"ancestorTitles":["FileService - 文件系统域逻辑","文件重命名权限"],"duration":1,"failing":false,"failureDetails":[],"failureMessages":[],"fullName":"FileService - 文件系统域逻辑 文件重命名权限 应该允许重命名用户文件","invocations":1,"location":null,"numPassingAsserts":1,"retryReasons":[],"startAt":1773233168444,"status":"passed","title":"应该允许重命名用户文件"},{"ancestorTitles":["FileService - 文件系统域逻辑","系统文件恢复"],"duration":2,"failing":false,"failureDetails":[],"failureMessages":[],"fullName":"FileService - 文件系统域逻辑 系统文件恢复 应该在缺失系统文件夹时创建它们","invocations":1,"location":null,"numPassingAsserts":4,"retryReasons":[],"startAt":1773233168445,"status":"passed","title":"应该在缺失系统文件夹时创建它们"},{"ancestorTitles":["FileService - 文件系统域逻辑","系统文件恢复"],"duration":1,"failing":false,"failureDetails":[],"failureMessages":[],"fullName":"FileService - 文件系统域逻辑 系统文件恢复 应该在缺失系统文件时创建它们","invocations":1,"location":null,"numPassingAsserts":3,"retryReasons":[],"startAt":1773233168447,"status":"passed","title":"应该在缺失系统文件时创建它们"},{"ancestorTitles":["FileService - 文件系统域逻辑","系统文件恢复"],"duration":1,"failing":false,"failureDetails":[],"failureMessages":[],"fullName":"FileService - 文件系统域逻辑 系统文件恢复 应该保留现有的系统文件","invocations":1,"location":null,"numPassingAsserts":2,"retryReasons":[],"startAt":1773233168448,"status":"passed","title":"应该保留现有的系统文件"},{"ancestorTitles":["FileService - 文件系统域逻辑","系统文件恢复"],"duration":0,"failing":false,"failureDetails":[],"failureMessages":[],"fullName":"FileService - 文件系统域逻辑 系统文件恢复 应该创建嵌套的subskill文件夹","invocations":1,"location":null,"numPassingAsserts":2,"retryReasons":[],"startAt":1773233168450,"status":"passed","title":"应该创建嵌套的subskill文件夹"},{"ancestorTitles":["FileService - 文件系统域逻辑","系统文件恢复"],"duration":0,"failing":false,"failureDetails":[],"failureMessages":[],"fullName":"FileService - 文件系统域逻辑 系统文件恢复 应该返回所有文件包括新创建的","invocations":1,"location":null,"numPassingAsserts":1,"retryReasons":[],"startAt":1773233168451,"status":"passed","title":"应该返回所有文件包括新创建的"},{"ancestorTitles":["FileService - 文件系统域逻辑","系统文件恢复"],"duration":0,"failing":false,"failureDetails":[],"failureMessages":[],"fullName":"FileService - 文件系统域逻辑 系统文件恢复 应该标记有更改","invocations":1,"location":null,"numPassingAsserts":1,"retryReasons":[],"startAt":1773233168452,"status":"passed","title":"应该标记有更改"},{"ancestorTitles":["FileService - 文件系统域逻辑","文件树构建"],"duration":1,"failing":false,"failureDetails":[],"failureMessages":[],"fullName":"FileService - 文件系统域逻辑 文件树构建 应该构建扁平文件列表为树结构","invocations":1,"location":null,"numPassingAsserts":1,"retryReasons":[],"startAt":1773233168453,"status":"passed","title":"应该构建扁平文件列表为树结构"},{"ancestorTitles":["FileService - 文件系统域逻辑","文件树构建"],"duration":1,"failing":false,"failureDetails":[],"failureMessages":[],"fullName":"FileService - 文件系统域逻辑 文件树构建 应该处理空文件列表","invocations":1,"location":null,"numPassingAsserts":1,"retryReasons":[],"startAt":1773233168454,"status":"passed","title":"应该处理空文件列表"},{"ancestorTitles":["FileService - 文件系统域逻辑","文件树构建"],"duration":1,"failing":false,"failureDetails":[],"failureMessages":[],"fullName":"FileService - 文件系统域逻辑 文件树构建 应该处理深层嵌套结构","invocations":1,"location":null,"numPassingAsserts":1,"retryReasons":[],"startAt":1773233168455,"status":"passed","title":"应该处理深层嵌套结构"},{"ancestorTitles":["FileService - 文件系统域逻辑","文件操作规则"],"duration":1,"failing":false,"failureDetails":[],"failureMessages":[],"fullName":"FileService - 文件系统域逻辑 文件操作规则 应该验证文件路径存在性","invocations":1,"location":null,"numPassingAsserts":1,"retryReasons":[],"startAt":1773233168456,"status":"passed","title":"应该验证文件路径存在性"},{"ancestorTitles":["FileService - 文件系统域逻辑","文件操作规则"],"duration":1,"failing":false,"failureDetails":[],"failureMessages":[],"fullName":"FileService - 文件系统域逻辑 文件操作规则 应该检测不存在的文件路径","invocations":1,"location":null,"numPassingAsserts":1,"retryReasons":[],"startAt":1773233168457,"status":"passed","title":"应该检测不存在的文件路径"},{"ancestorTitles":["FileService - 文件系统域逻辑","文件操作规则"],"duration":1,"failing":false,"failureDetails":[],"failureMessages":[],"fullName":"FileService - 文件系统域逻辑 文件操作规则 应该验证文件名","invocations":1,"location":null,"numPassingAsserts":1,"retryReasons":[],"startAt":1773233168458,"status":"passed","title":"应该验证文件名"},{"ancestorTitles":["FileService - 文件系统域逻辑","文件操作规则"],"duration":1,"failing":false,"failureDetails":[],"failureMessages":[],"fullName":"FileService - 文件系统域逻辑 文件操作规则 应该拒绝无效文件名","invocations":1,"location":null,"numPassingAsserts":7,"retryReasons":[],"startAt":1773233168459,"status":"passed","title":"应该拒绝无效文件名"},{"ancestorTitles":["FileService - 文件系统域逻辑","边界情况"],"duration":1,"failing":false,"failureDetails":[],"failureMessages":[],"fullName":"FileService - 文件系统域逻辑 边界情况 应该处理空文件列表进行系统恢复","invocations":1,"location":null,"numPassingAsserts":2,"retryReasons":[],"startAt":1773233168460,"status":"passed","title":"应该处理空文件列表进行系统恢复"},{"ancestorTitles":["FileService - 文件系统域逻辑","边界情况"],"duration":2,"failing":false,"failureDetails":[],"failureMessages":[],"fullName":"FileService - 文件系统域逻辑 边界情况 应该处理已有完整系统文件的文件列表","invocations":1,"location":null,"numPassingAsserts":1,"retryReasons":[],"startAt":1773233168461,"status":"passed","title":"应该处理已有完整系统文件的文件列表"},{"ancestorTitles":["FileService - 文件系统域逻辑","边界情况"],"duration":1,"failing":false,"failureDetails":[],"failureMessages":[],"fullName":"FileService - 文件系统域逻辑 边界情况 应该处理null或undefined文件","invocations":1,"location":null,"numPassingAsserts":1,"retryReasons":[],"startAt":1773233168464,"status":"passed","title":"应该处理null或undefined文件"}],"endTime":1773233168466,"message":"","name":"C:\\Users\\shinobi\\Documents\\NovelIDE\\__tests__\\unit\\domains\\file\\fileService.test.ts","startTime":1773233168152,"status":"passed","summary":""},{"assertionResults":[{"ancestorTitles":["diffStore - Diff会话状态管理","会话保存"],"duration":2,"failing":false,"failureDetails":[],"failureMessages":[],"fullName":"diffStore - Diff会话状态管理 会话保存 应该保存diff会话到内存状态","invocations":1,"location":null,"numPassingAsserts":1,"retryReasons":[],"startAt":1773233168811,"status":"passed","title":"应该保存diff会话到内存状态"},{"ancestorTitles":["diffStore - Diff会话状态管理","会话保存"],"duration":1,"failing":false,"failureDetails":[],"failureMessages":[],"fullName":"diffStore - Diff会话状态管理 会话保存 应该调用dbAPI保存会话到IndexedDB","invocations":1,"location":null,"numPassingAsserts":1,"retryReasons":[],"startAt":1773233168813,"status":"passed","title":"应该调用dbAPI保存会话到IndexedDB"},{"ancestorTitles":["diffStore - Diff会话状态管理","会话保存"],"duration":0,"failing":false,"failureDetails":[],"failureMessages":[],"fullName":"diffStore - Diff会话状态管理 会话保存 应该支持保存null值清除会话","invocations":1,"location":null,"numPassingAsserts":2,"retryReasons":[],"startAt":1773233168814,"status":"passed","title":"应该支持保存null值清除会话"},{"ancestorTitles":["diffStore - Diff会话状态管理","会话获取"],"duration":0,"failing":false,"failureDetails":[],"failureMessages":[],"fullName":"diffStore - Diff会话状态管理 会话获取 应该返回已保存的diff会话","invocations":1,"location":null,"numPassingAsserts":1,"retryReasons":[],"startAt":1773233168815,"status":"passed","title":"应该返回已保存的diff会话"},{"ancestorTitles":["diffStore - Diff会话状态管理","会话获取"],"duration":0,"failing":false,"failureDetails":[],"failureMessages":[],"fullName":"diffStore - Diff会话状态管理 会话获取 应该返回null当会话不存在时","invocations":1,"location":null,"numPassingAsserts":1,"retryReasons":[],"startAt":1773233168816,"status":"passed","title":"应该返回null当会话不存在时"},{"ancestorTitles":["diffStore - Diff会话状态管理","会话获取"],"duration":2,"failing":false,"failureDetails":[],"failureMessages":[],"fullName":"diffStore - Diff会话状态管理 会话获取 应该从IndexedDB加载会话","invocations":1,"location":null,"numPassingAsserts":2,"retryReasons":[],"startAt":1773233168816,"status":"passed","title":"应该从IndexedDB加载会话"},{"ancestorTitles":["diffStore - Diff会话状态管理","会话清除"],"duration":1,"failing":false,"failureDetails":[],"failureMessages":[],"fullName":"diffStore - Diff会话状态管理 会话清除 应该清除指定文件的diff会话","invocations":1,"location":null,"numPassingAsserts":1,"retryReasons":[],"startAt":1773233168818,"status":"passed","title":"应该清除指定文件的diff会话"},{"ancestorTitles":["diffStore - Diff会话状态管理","会话清除"],"duration":1,"failing":false,"failureDetails":[],"failureMessages":[],"fullName":"diffStore - Diff会话状态管理 会话清除 应该调用dbAPI清除IndexedDB中的会话","invocations":1,"location":null,"numPassingAsserts":1,"retryReasons":[],"startAt":1773233168819,"status":"passed","title":"应该调用dbAPI清除IndexedDB中的会话"},{"ancestorTitles":["diffStore - Diff会话状态管理","多文件会话管理"],"duration":1,"failing":false,"failureDetails":[],"failureMessages":[],"fullName":"diffStore - Diff会话状态管理 多文件会话管理 应该独立管理多个文件的diff会话","invocations":1,"location":null,"numPassingAsserts":2,"retryReasons":[],"startAt":1773233168820,"status":"passed","title":"应该独立管理多个文件的diff会话"},{"ancestorTitles":["diffStore - Diff会话状态管理","多文件会话管理"],"duration":1,"failing":false,"failureDetails":[],"failureMessages":[],"fullName":"diffStore - Diff会话状态管理 多文件会话管理 应该只清除指定文件的会话不影响其他文件","invocations":1,"location":null,"numPassingAsserts":2,"retryReasons":[],"startAt":1773233168821,"status":"passed","title":"应该只清除指定文件的会话不影响其他文件"},{"ancestorTitles":["diffStore - Diff会话状态管理","文件切换场景"],"duration":1,"failing":false,"failureDetails":[],"failureMessages":[],"fullName":"diffStore - Diff会话状态管理 文件切换场景 应该在文件切换时清理上一个文件的会话","invocations":1,"location":null,"numPassingAsserts":2,"retryReasons":[],"startAt":1773233168822,"status":"passed","title":"应该在文件切换时清理上一个文件的会话"},{"ancestorTitles":["diffStore - Diff会话状态管理","文件切换场景"],"duration":1,"failing":false,"failureDetails":[],"failureMessages":[],"fullName":"diffStore - Diff会话状态管理 文件切换场景 应该防止新文件恢复旧文件的会话","invocations":1,"location":null,"numPassingAsserts":1,"retryReasons":[],"startAt":1773233168823,"status":"passed","title":"应该防止新文件恢复旧文件的会话"},{"ancestorTitles":["diffStore - Diff会话状态管理","边界情况"],"duration":1,"failing":false,"failureDetails":[],"failureMessages":[],"fullName":"diffStore - Diff会话状态管理 边界情况 应该处理保存空会话","invocations":1,"location":null,"numPassingAsserts":1,"retryReasons":[],"startAt":1773233168824,"status":"passed","title":"应该处理保存空会话"},{"ancestorTitles":["diffStore - Diff会话状态管理","边界情况"],"duration":1,"failing":false,"failureDetails":[],"failureMessages":[],"fullName":"diffStore - Diff会话状态管理 边界情况 应该处理清除不存在的会话","invocations":1,"location":null,"numPassingAsserts":1,"retryReasons":[],"startAt":1773233168825,"status":"passed","title":"应该处理清除不存在的会话"},{"ancestorTitles":["diffStore - Diff会话状态管理","边界情况"],"duration":6,"failing":false,"failureDetails":[],"failureMessages":[],"fullName":"diffStore - Diff会话状态管理 边界情况 应该处理保存null到不存在的会话","invocations":1,"location":null,"numPassingAsserts":1,"retryReasons":[],"startAt":1773233168826,"status":"passed","title":"应该处理保存null到不存在的会话"},{"ancestorTitles":["diffStore - Diff会话状态管理","边界情况"],"duration":1,"failing":false,"failureDetails":[],"failureMessages":[],"fullName":"diffStore - Diff会话状态管理 边界情况 应该处理会话文件名不匹配","invocations":1,"location":null,"numPassingAsserts":1,"retryReasons":[],"startAt":1773233168832,"status":"passed","title":"应该处理会话文件名不匹配"}],"endTime":1773233168834,"message":"","name":"C:\\Users\\shinobi\\Documents\\NovelIDE\\__tests__\\unit\\stores\\diffStore.test.ts","startTime":1773233168481,"status":"passed","summary":""},{"assertionResults":[{"ancestorTitles":["Bug #4: Batch Operation Race Condition"],"duration":3,"failing":false,"failureDetails":[],"failureMessages":[],"fullName":"Bug #4: Batch Operation Race Condition should prevent auto-save during batch operation","invocations":1,"location":null,"numPassingAsserts":2,"retryReasons":[],"startAt":1773233169077,"status":"passed","title":"should prevent auto-save during batch operation"},{"ancestorTitles":["Bug #4: Batch Operation Race Condition"],"duration":1,"failing":false,"failureDetails":[],"failureMessages":[],"fullName":"Bug #4: Batch Operation Race Condition should allow normal save after batch operation","invocations":1,"location":null,"numPassingAsserts":1,"retryReasons":[],"startAt":1773233169080,"status":"passed","title":"should allow normal save after batch operation"},{"ancestorTitles":["Bug #4: Batch Operation Race Condition"],"duration":8,"failing":false,"failureDetails":[],"failureMessages":[],"fullName":"Bug #4: Batch Operation Race Condition should reset flag in finally block","invocations":1,"location":null,"numPassingAsserts":4,"retryReasons":[],"startAt":1773233169082,"status":"passed","title":"should reset flag in finally block"},{"ancestorTitles":["Bug #4: Batch Operation Race Condition"],"duration":1,"failing":false,"failureDetails":[],"failureMessages":[],"fullName":"Bug #4: Batch Operation Race Condition should maintain stability during batch operation delay","invocations":1,"location":null,"numPassingAsserts":3,"retryReasons":[],"startAt":1773233169090,"status":"passed","title":"should maintain stability during batch operation delay"},{"ancestorTitles":["Bug #4: Batch Operation Race Condition"],"duration":1,"failing":false,"failureDetails":[],"failureMessages":[],"fullName":"Bug #4: Batch Operation Race Condition should prevent recursive saves during batch operation","invocations":1,"location":null,"numPassingAsserts":3,"retryReasons":[],"startAt":1773233169091,"status":"passed","title":"should prevent recursive saves during batch operation"},{"ancestorTitles":["Bug #4: Batch Operation Race Condition"],"duration":1,"failing":false,"failureDetails":[],"failureMessages":[],"fullName":"Bug #4: Batch Operation Race Condition should correctly set batch flag in handleAcceptAll","invocations":1,"location":null,"numPassingAsserts":3,"retryReasons":[],"startAt":1773233169092,"status":"passed","title":"should correctly set batch flag in handleAcceptAll"}],"endTime":1773233169094,"message":"","name":"C:\\Users\\shinobi\\Documents\\NovelIDE\\__tests__\\integration\\batchOperation.test.tsx","startTime":1773233168851,"status":"passed","summary":""},{"assertionResults":[{"ancestorTitles":["E2E: Cross-File Diff Workflow"],"duration":2,"failing":false,"failureDetails":[],"failureMessages":[],"fullName":"E2E: Cross-File Diff Workflow should maintain independent diff states across files","invocations":1,"location":null,"numPassingAsserts":7,"retryReasons":[],"startAt":1773233169342,"status":"passed","title":"should maintain independent diff states across files"},{"ancestorTitles":["E2E: Cross-File Diff Workflow"],"duration":1,"failing":false,"failureDetails":[],"failureMessages":[],"fullName":"E2E: Cross-File Diff Workflow should handle rapid file switching without state pollution","invocations":1,"location":null,"numPassingAsserts":9,"retryReasons":[],"startAt":1773233169345,"status":"passed","title":"should handle rapid file switching without state pollution"},{"ancestorTitles":["E2E: Cross-File Diff Workflow"],"duration":1,"failing":false,"failureDetails":[],"failureMessages":[],"fullName":"E2E: Cross-File Diff Workflow should correctly save and restore diff sessions","invocations":1,"location":null,"numPassingAsserts":2,"retryReasons":[],"startAt":1773233169346,"status":"passed","title":"should correctly save and restore diff sessions"}],"endTime":1773233169348,"message":"","name":"C:\\Users\\shinobi\\Documents\\NovelIDE\\__tests__\\e2e\\cross-file-diff.e2e.test.tsx","startTime":1773233169119,"status":"passed","summary":""},{"assertionResults":[{"ancestorTitles":["geminiService - empty response handling"],"duration":32,"failing":false,"failureDetails":[],"failureMessages":[],"fullName":"geminiService - empty response handling should throw _isEmptyResponse when content is null and tool_calls is empty","invocations":1,"location":null,"numPassingAsserts":3,"retryReasons":[],"startAt":1773233169664,"status":"passed","title":"should throw _isEmptyResponse when content is null and tool_calls is empty"}],"endTime":1773233169697,"message":"","name":"C:\\Users\\shinobi\\Documents\\NovelIDE\\__tests__\\unit\\services\\geminiService.emptyResponse.test.ts","startTime":1773233169371,"status":"passed","summary":""},{"assertionResults":[{"ancestorTitles":["Bug #2: DiffSession File Name Validation"],"duration":4,"failing":false,"failureDetails":[],"failureMessages":[],"fullName":"Bug #2: DiffSession File Name Validation 应该拒绝文件名不匹配的恢复session","invocations":1,"location":null,"numPassingAsserts":4,"retryReasons":[],"startAt":1773233169955,"status":"passed","title":"应该拒绝文件名不匹配的恢复session"},{"ancestorTitles":["Bug #2: DiffSession File Name Validation"],"duration":2,"failing":false,"failureDetails":[],"failureMessages":[],"fullName":"Bug #2: DiffSession File Name Validation 应该接受文件名匹配的恢复session","invocations":1,"location":null,"numPassingAsserts":3,"retryReasons":[],"startAt":1773233169960,"status":"passed","title":"应该接受文件名匹配的恢复session"},{"ancestorTitles":["Bug #2: DiffSession File Name Validation"],"duration":2,"failing":false,"failureDetails":[],"failureMessages":[],"fullName":"Bug #2: DiffSession File Name Validation 应该在没有session时创建新session","invocations":1,"location":null,"numPassingAsserts":5,"retryReasons":[],"startAt":1773233169962,"status":"passed","title":"应该在没有session时创建新session"},{"ancestorTitles":["Bug #2: DiffSession File Name Validation"],"duration":2,"failing":false,"failureDetails":[],"failureMessages":[],"fullName":"Bug #2: DiffSession File Name Validation 应该处理sourceFileName为undefined的情况","invocations":1,"location":null,"numPassingAsserts":1,"retryReasons":[],"startAt":1773233169964,"status":"passed","title":"应该处理sourceFileName为undefined的情况"}],"endTime":1773233169967,"message":"","name":"C:\\Users\\shinobi\\Documents\\NovelIDE\\__tests__\\integration\\diffSessionRestore.test.tsx","startTime":1773233169715,"status":"passed","summary":""},{"assertionResults":[{"ancestorTitles":["wordCount","countWords"],"duration":1,"failing":false,"failureDetails":[],"failureMessages":[],"fullName":"wordCount countWords should return 0 for empty string","invocations":1,"location":null,"numPassingAsserts":1,"retryReasons":[],"startAt":1773233170278,"status":"passed","title":"should return 0 for empty string"},{"ancestorTitles":["wordCount","countWords"],"duration":1,"failing":false,"failureDetails":[],"failureMessages":[],"fullName":"wordCount countWords should return 0 for null/undefined","invocations":1,"location":null,"numPassingAsserts":2,"retryReasons":[],"startAt":1773233170279,"status":"passed","title":"should return 0 for null/undefined"},{"ancestorTitles":["wordCount","countWords"],"duration":0,"failing":false,"failureDetails":[],"failureMessages":[],"fullName":"wordCount countWords should count Chinese characters","invocations":1,"location":null,"numPassingAsserts":1,"retryReasons":[],"startAt":1773233170280,"status":"passed","title":"should count Chinese characters"},{"ancestorTitles":["wordCount","countWords"],"duration":0,"failing":false,"failureDetails":[],"failureMessages":[],"fullName":"wordCount countWords should count English words","invocations":1,"location":null,"numPassingAsserts":1,"retryReasons":[],"startAt":1773233170281,"status":"passed","title":"should count English words"},{"ancestorTitles":["wordCount","countWords"],"duration":1,"failing":false,"failureDetails":[],"failureMessages":[],"fullName":"wordCount countWords should count mixed Chinese and English","invocations":1,"location":null,"numPassingAsserts":1,"retryReasons":[],"startAt":1773233170281,"status":"passed","title":"should count mixed Chinese and English"},{"ancestorTitles":["wordCount","countWords"],"duration":1,"failing":false,"failureDetails":[],"failureMessages":[],"fullName":"wordCount countWords should count numbers as single word","invocations":1,"location":null,"numPassingAsserts":2,"retryReasons":[],"startAt":1773233170282,"status":"passed","title":"should count numbers as single word"},{"ancestorTitles":["wordCount","countWords"],"duration":0,"failing":false,"failureDetails":[],"failureMessages":[],"fullName":"wordCount countWords should handle punctuation (fullwidth counted)","invocations":1,"location":null,"numPassingAsserts":1,"retryReasons":[],"startAt":1773233170283,"status":"passed","title":"should handle punctuation (fullwidth counted)"},{"ancestorTitles":["wordCount","countWords"],"duration":0,"failing":false,"failureDetails":[],"failureMessages":[],"fullName":"wordCount countWords should handle multiple spaces","invocations":1,"location":null,"numPassingAsserts":1,"retryReasons":[],"startAt":1773233170284,"status":"passed","title":"should handle multiple spaces"},{"ancestorTitles":["wordCount","countWords"],"duration":1,"failing":false,"failureDetails":[],"failureMessages":[],"fullName":"wordCount countWords should handle newlines","invocations":1,"location":null,"numPassingAsserts":1,"retryReasons":[],"startAt":1773233170284,"status":"passed","title":"should handle newlines"},{"ancestorTitles":["wordCount","countWords"],"duration":1,"failing":false,"failureDetails":[],"failureMessages":[],"fullName":"wordCount countWords should handle complex mixed content","invocations":1,"location":null,"numPassingAsserts":1,"retryReasons":[],"startAt":1773233170285,"status":"passed","title":"should handle complex mixed content"},{"ancestorTitles":["wordCount","formatWordCount"],"duration":1,"failing":false,"failureDetails":[],"failureMessages":[],"fullName":"wordCount formatWordCount should format word count info","invocations":1,"location":null,"numPassingAsserts":1,"retryReasons":[],"startAt":1773233170286,"status":"passed","title":"should format word count info"},{"ancestorTitles":["wordCount","formatWordCount"],"duration":1,"failing":false,"failureDetails":[],"failureMessages":[],"fullName":"wordCount formatWordCount should handle multiline text","invocations":1,"location":null,"numPassingAsserts":1,"retryReasons":[],"startAt":1773233170287,"status":"passed","title":"should handle multiline text"},{"ancestorTitles":["wordCount","formatWordCount"],"duration":1,"failing":false,"failureDetails":[],"failureMessages":[],"fullName":"wordCount formatWordCount should handle empty string","invocations":1,"location":null,"numPassingAsserts":1,"retryReasons":[],"startAt":1773233170288,"status":"passed","title":"should handle empty string"}],"endTime":1773233170291,"message":"","name":"C:\\Users\\shinobi\\Documents\\NovelIDE\\__tests__\\unit\\utils\\wordCount.test.ts","startTime":1773233169994,"status":"passed","summary":""},{"assertionResults":[{"ancestorTitles":["Bug #3: Auto-save in Diff Mode"],"duration":2,"failing":false,"failureDetails":[],"failureMessages":[],"fullName":"Bug #3: Auto-save in Diff Mode 不应该在diff模式下触发auto-save","invocations":1,"location":null,"numPassingAsserts":3,"retryReasons":[],"startAt":1773233170508,"status":"passed","title":"不应该在diff模式下触发auto-save"},{"ancestorTitles":["Bug #3: Auto-save in Diff Mode"],"duration":1,"failing":false,"failureDetails":[],"failureMessages":[],"fullName":"Bug #3: Auto-save in Diff Mode 应该只在edit模式下触发auto-save","invocations":1,"location":null,"numPassingAsserts":1,"retryReasons":[],"startAt":1773233170510,"status":"passed","title":"应该只在edit模式下触发auto-save"},{"ancestorTitles":["Bug #3: Auto-save in Diff Mode"],"duration":1,"failing":false,"failureDetails":[],"failureMessages":[],"fullName":"Bug #3: Auto-save in Diff Mode 应该在preview模式下也不触发auto-save","invocations":1,"location":null,"numPassingAsserts":1,"retryReasons":[],"startAt":1773233170511,"status":"passed","title":"应该在preview模式下也不触发auto-save"},{"ancestorTitles":["Bug #3: Auto-save in Diff Mode"],"duration":1,"failing":false,"failureDetails":[],"failureMessages":[],"fullName":"Bug #3: Auto-save in Diff Mode 应该在所有必要条件满足时触发auto-save","invocations":1,"location":null,"numPassingAsserts":1,"retryReasons":[],"startAt":1773233170512,"status":"passed","title":"应该在所有必要条件满足时触发auto-save"},{"ancestorTitles":["Bug #3: Auto-save in Diff Mode"],"duration":1,"failing":false,"failureDetails":[],"failureMessages":[],"fullName":"Bug #3: Auto-save in Diff Mode 应该在任何必要条件不满足时不触发auto-save","invocations":1,"location":null,"numPassingAsserts":4,"retryReasons":[],"startAt":1773233170513,"status":"passed","title":"应该在任何必要条件不满足时不触发auto-save"}],"endTime":1773233170515,"message":"","name":"C:\\Users\\shinobi\\Documents\\NovelIDE\\__tests__\\integration\\autoSave.test.tsx","startTime":1773233170307,"status":"passed","summary":""},{"assertionResults":[{"ancestorTitles":["Bug #7: computedContent Dependencies"],"duration":1,"failing":false,"failureDetails":[],"failureMessages":[],"fullName":"Bug #7: computedContent Dependencies should update computedContent when patchQueue length changes","invocations":1,"location":null,"numPassingAsserts":4,"retryReasons":[],"startAt":1773233170733,"status":"passed","title":"should update computedContent when patchQueue length changes"},{"ancestorTitles":["Bug #7: computedContent Dependencies"],"duration":1,"failing":false,"failureDetails":[],"failureMessages":[],"fullName":"Bug #7: computedContent Dependencies should detect patchQueue changes with length dependency","invocations":1,"location":null,"numPassingAsserts":2,"retryReasons":[],"startAt":1773233170735,"status":"passed","title":"should detect patchQueue changes with length dependency"},{"ancestorTitles":["Bug #7: computedContent Dependencies"],"duration":1,"failing":false,"failureDetails":[],"failureMessages":[],"fullName":"Bug #7: computedContent Dependencies should handle case where patchQueue reference changes but length stays same","invocations":1,"location":null,"numPassingAsserts":2,"retryReasons":[],"startAt":1773233170736,"status":"passed","title":"should handle case where patchQueue reference changes but length stays same"},{"ancestorTitles":["Bug #7: computedContent Dependencies"],"duration":1,"failing":false,"failureDetails":[],"failureMessages":[],"fullName":"Bug #7: computedContent Dependencies should use version number for reliable dependency tracking","invocations":1,"location":null,"numPassingAsserts":3,"retryReasons":[],"startAt":1773233170737,"status":"passed","title":"should use version number for reliable dependency tracking"},{"ancestorTitles":["Bug #7: computedContent Dependencies"],"duration":1,"failing":false,"failureDetails":[],"failureMessages":[],"fullName":"Bug #7: computedContent Dependencies should handle rapid patchQueue updates","invocations":1,"location":null,"numPassingAsserts":2,"retryReasons":[],"startAt":1773233170738,"status":"passed","title":"should handle rapid patchQueue updates"},{"ancestorTitles":["Bug #7: computedContent Dependencies"],"duration":1,"failing":false,"failureDetails":[],"failureMessages":[],"fullName":"Bug #7: computedContent Dependencies should verify the fix: add patchQueue.length to dependencies","invocations":1,"location":null,"numPassingAsserts":3,"retryReasons":[],"startAt":1773233170739,"status":"passed","title":"should verify the fix: add patchQueue.length to dependencies"}],"endTime":1773233170741,"message":"","name":"C:\\Users\\shinobi\\Documents\\NovelIDE\\__tests__\\unit\\computedContent.test.tsx","startTime":1773233170528,"status":"passed","summary":""},{"assertionResults":[{"ancestorTitles":["Bug #5: Pending Changes Cleanup on File Switch"],"duration":2,"failing":false,"failureDetails":[],"failureMessages":[],"fullName":"Bug #5: Pending Changes Cleanup on File Switch should clear previous file pending changes when switching","invocations":1,"location":null,"numPassingAsserts":3,"retryReasons":[],"startAt":1773233171008,"status":"passed","title":"should clear previous file pending changes when switching"},{"ancestorTitles":["Bug #5: Pending Changes Cleanup on File Switch"],"duration":3,"failing":false,"failureDetails":[],"failureMessages":[],"fullName":"Bug #5: Pending Changes Cleanup on File Switch should only clean up changes for the previous file, not all changes","invocations":1,"location":null,"numPassingAsserts":4,"retryReasons":[],"startAt":1773233171011,"status":"passed","title":"should only clean up changes for the previous file, not all changes"},{"ancestorTitles":["Bug #5: Pending Changes Cleanup on File Switch"],"duration":2,"failing":false,"failureDetails":[],"failureMessages":[],"fullName":"Bug #5: Pending Changes Cleanup on File Switch should clean up multiple pending changes for the same file","invocations":1,"location":null,"numPassingAsserts":2,"retryReasons":[],"startAt":1773233171015,"status":"passed","title":"should clean up multiple pending changes for the same file"},{"ancestorTitles":["Bug #5: Pending Changes Cleanup on File Switch"],"duration":2,"failing":false,"failureDetails":[],"failureMessages":[],"fullName":"Bug #5: Pending Changes Cleanup on File Switch should verify the fix approach for clearing pending changes","invocations":1,"location":null,"numPassingAsserts":2,"retryReasons":[],"startAt":1773233171017,"status":"passed","title":"should verify the fix approach for clearing pending changes"}],"endTime":1773233171021,"message":"","name":"C:\\Users\\shinobi\\Documents\\NovelIDE\\__tests__\\integration\\pendingChangesCleanup.test.tsx","startTime":1773233170760,"status":"passed","summary":""},{"assertionResults":[{"ancestorTitles":["Bug #1: File Switch IndexedDB Cleanup"],"duration":3,"failing":false,"failureDetails":[],"failureMessages":[],"fullName":"Bug #1: File Switch IndexedDB Cleanup 应该清除IndexedDB中的diff session当切换文件时","invocations":1,"location":null,"numPassingAsserts":6,"retryReasons":[],"startAt":1773233171291,"status":"passed","title":"应该清除IndexedDB中的diff session当切换文件时"},{"ancestorTitles":["Bug #1: File Switch IndexedDB Cleanup"],"duration":2,"failing":false,"failureDetails":[],"failureMessages":[],"fullName":"Bug #1: File Switch IndexedDB Cleanup 应该防止切换文件后新文件继承旧文件的patchQueue","invocations":1,"location":null,"numPassingAsserts":3,"retryReasons":[],"startAt":1773233171294,"status":"passed","title":"应该防止切换文件后新文件继承旧文件的patchQueue"},{"ancestorTitles":["Bug #1: File Switch IndexedDB Cleanup"],"duration":6,"failing":false,"failureDetails":[],"failureMessages":[],"fullName":"Bug #1: File Switch IndexedDB Cleanup 应该清理所有相关文件切换时的状态","invocations":1,"location":null,"numPassingAsserts":3,"retryReasons":[],"startAt":1773233171297,"status":"passed","title":"应该清理所有相关文件切换时的状态"}],"endTime":1773233171304,"message":"","name":"C:\\Users\\shinobi\\Documents\\NovelIDE\\__tests__\\integration\\fileSwitch.test.tsx","startTime":1773233171040,"status":"passed","summary":""},{"assertionResults":[{"ancestorTitles":["Bug #6: IndexedDB Delete Logic"],"duration":1,"failing":false,"failureDetails":[],"failureMessages":[],"fullName":"Bug #6: IndexedDB Delete Logic should only delete diff sessions for specified project","invocations":1,"location":null,"numPassingAsserts":2,"retryReasons":[],"startAt":1773233171546,"status":"passed","title":"should only delete diff sessions for specified project"},{"ancestorTitles":["Bug #6: IndexedDB Delete Logic"],"duration":1,"failing":false,"failureDetails":[],"failureMessages":[],"fullName":"Bug #6: IndexedDB Delete Logic should delete all diff sessions when projectId matches all","invocations":1,"location":null,"numPassingAsserts":1,"retryReasons":[],"startAt":1773233171548,"status":"passed","title":"should delete all diff sessions when projectId matches all"},{"ancestorTitles":["Bug #6: IndexedDB Delete Logic"],"duration":1,"failing":false,"failureDetails":[],"failureMessages":[],"fullName":"Bug #6: IndexedDB Delete Logic should handle empty diff sessions gracefully","invocations":1,"location":null,"numPassingAsserts":1,"retryReasons":[],"startAt":1773233171549,"status":"passed","title":"should handle empty diff sessions gracefully"},{"ancestorTitles":["Bug #6: IndexedDB Delete Logic"],"duration":1,"failing":false,"failureDetails":[],"failureMessages":[],"fullName":"Bug #6: IndexedDB Delete Logic should handle non-existent project gracefully","invocations":1,"location":null,"numPassingAsserts":1,"retryReasons":[],"startAt":1773233171550,"status":"passed","title":"should handle non-existent project gracefully"},{"ancestorTitles":["Bug #6: IndexedDB Delete Logic"],"duration":1,"failing":false,"failureDetails":[],"failureMessages":[],"fullName":"Bug #6: IndexedDB Delete Logic should implement selective delete based on project ID","invocations":1,"location":null,"numPassingAsserts":3,"retryReasons":[],"startAt":1773233171551,"status":"passed","title":"should implement selective delete based on project ID"},{"ancestorTitles":["Bug #6: IndexedDB Delete Logic"],"duration":2,"failing":false,"failureDetails":[],"failureMessages":[],"fullName":"Bug #6: IndexedDB Delete Logic should log deletion operation","invocations":1,"location":null,"numPassingAsserts":2,"retryReasons":[],"startAt":1773233171552,"status":"passed","title":"should log deletion operation"},{"ancestorTitles":["Bug #6: IndexedDB Delete Logic"],"duration":1,"failing":false,"failureDetails":[],"failureMessages":[],"fullName":"Bug #6: IndexedDB Delete Logic should handle errors during deletion","invocations":1,"location":null,"numPassingAsserts":1,"retryReasons":[],"startAt":1773233171554,"status":"passed","title":"should handle errors during deletion"}],"endTime":1773233171556,"message":"","name":"C:\\Users\\shinobi\\Documents\\NovelIDE\\__tests__\\unit\\persistence.test.ts","startTime":1773233171320,"status":"passed","summary":""},{"assertionResults":[],"coverage":{},"endTime":1773233172665,"message":"  ● Test suite failed to run\n\n    Jest encountered an unexpected token\n\n    Jest failed to parse a file. This happens e.g. when your code or its dependencies use non-standard JavaScript syntax, or when Jest is not configured to support such syntax.\n\n    Out of the box Jest supports Babel, which will be used to transform your files into valid JS based on your Babel configuration.\n\n    By default \"node_modules\" folder is ignored by transformers.\n\n    Here's what you can do:\n     • If you are trying to use ECMAScript Modules, see https://jestjs.io/docs/ecmascript-modules for how to enable it.\n     • If you are trying to use TypeScript, see https://jestjs.io/docs/getting-started#using-typescript\n     • To have some of your \"node_modules\" files transformed, you can specify a custom \"transformIgnorePatterns\" in your config.\n     • If you need a custom transformation, specify a \"transform\" option in your config.\n     • If you simply want to mock your non-JS modules (e.g. binary assets) you can stub them out with the \"moduleNameMapper\" config option.\n\n    You'll find more details and examples of these config options in the docs:\n    https://jestjs.io/docs/configuration\n    For information about custom transformations, see:\n    https://jestjs.io/docs/code-transformation\n\n    Details:\n\n    C:\\Users\\shinobi\\Documents\\NovelIDE\\node_modules\\react-markdown\\index.js:10\n    export {\n    ^^^^^^\n\n    SyntaxError: Unexpected token 'export'\n\n    \u001b[0m \u001b[90m 1 |\u001b[39m\n     \u001b[90m 2 |\u001b[39m \u001b[36mimport\u001b[39m \u001b[33mReact\u001b[39m\u001b[33m,\u001b[39m { useState\u001b[33m,\u001b[39m useEffect\u001b[33m,\u001b[39m useMemo\u001b[33m,\u001b[39m useRef\u001b[33m,\u001b[39m useCallback } \u001b[36mfrom\u001b[39m \u001b[32m'react'\u001b[39m\u001b[33m;\u001b[39m\n    \u001b[31m\u001b[1m>\u001b[22m\u001b[39m\u001b[90m 3 |\u001b[39m \u001b[36mimport\u001b[39m \u001b[33mReactMarkdown\u001b[39m \u001b[36mfrom\u001b[39m \u001b[32m'react-markdown'\u001b[39m\u001b[33m;\u001b[39m\n     \u001b[90m   |\u001b[39m \u001b[31m\u001b[1m^\u001b[22m\u001b[39m\n     \u001b[90m 4 |\u001b[39m \u001b[36mimport\u001b[39m remarkGfm \u001b[36mfrom\u001b[39m \u001b[32m'remark-gfm'\u001b[39m\u001b[33m;\u001b[39m\n     \u001b[90m 5 |\u001b[39m \u001b[36mimport\u001b[39m remarkBreaks \u001b[36mfrom\u001b[39m \u001b[32m'remark-breaks'\u001b[39m\u001b[33m;\u001b[39m\n     \u001b[90m 6 |\u001b[39m \u001b[36mimport\u001b[39m { useFileStore } \u001b[36mfrom\u001b[39m \u001b[32m'../stores/fileStore'\u001b[39m\u001b[33m;\u001b[39m\u001b[0m\n\n      at Runtime.createScriptFromCode (node_modules/jest-runtime/build/index.js:1318:40)\n      at Object.<anonymous> (components/Editor.tsx:3:1)\n      at Object.<anonymous> (components/MainLayout.tsx:4:1)\n      at Object.<anonymous> (__tests__/unit/components/MainLayout.snapshot.test.tsx:11:1)\n","name":"C:\\Users\\shinobi\\Documents\\NovelIDE\\__tests__\\unit\\components\\MainLayout.snapshot.test.tsx","startTime":1773233172665,"status":"failed","summary":""},{"assertionResults":[],"coverage":{},"endTime":1773233172665,"message":"  ● Test suite failed to run\n\n    Jest encountered an unexpected token\n\n    Jest failed to parse a file. This happens e.g. when your code or its dependencies use non-standard JavaScript syntax, or when Jest is not configured to support such syntax.\n\n    Out of the box Jest supports Babel, which will be used to transform your files into valid JS based on your Babel configuration.\n\n    By default \"node_modules\" folder is ignored by transformers.\n\n    Here's what you can do:\n     • If you are trying to use ECMAScript Modules, see https://jestjs.io/docs/ecmascript-modules for how to enable it.\n     • If you are trying to use TypeScript, see https://jestjs.io/docs/getting-started#using-typescript\n     • To have some of your \"node_modules\" files transformed, you can specify a custom \"transformIgnorePatterns\" in your config.\n     • If you need a custom transformation, specify a \"transform\" option in your config.\n     • If you simply want to mock your non-JS modules (e.g. binary assets) you can stub them out with the \"moduleNameMapper\" config option.\n\n    You'll find more details and examples of these config options in the docs:\n    https://jestjs.io/docs/configuration\n    For information about custom transformations, see:\n    https://jestjs.io/docs/code-transformation\n\n    Details:\n\n    C:\\Users\\shinobi\\Documents\\NovelIDE\\node_modules\\react-markdown\\index.js:10\n    export {\n    ^^^^^^\n\n    SyntaxError: Unexpected token 'export'\n\n    \u001b[0m \u001b[90m 1 |\u001b[39m\n     \u001b[90m 2 |\u001b[39m \u001b[36mimport\u001b[39m \u001b[33mReact\u001b[39m\u001b[33m,\u001b[39m { useState\u001b[33m,\u001b[39m useEffect\u001b[33m,\u001b[39m useMemo\u001b[33m,\u001b[39m useRef\u001b[33m,\u001b[39m useCallback } \u001b[36mfrom\u001b[39m \u001b[32m'react'\u001b[39m\u001b[33m;\u001b[39m\n    \u001b[31m\u001b[1m>\u001b[22m\u001b[39m\u001b[90m 3 |\u001b[39m \u001b[36mimport\u001b[39m \u001b[33mReactMarkdown\u001b[39m \u001b[36mfrom\u001b[39m \u001b[32m'react-markdown'\u001b[39m\u001b[33m;\u001b[39m\n     \u001b[90m   |\u001b[39m \u001b[31m\u001b[1m^\u001b[22m\u001b[39m\n     \u001b[90m 4 |\u001b[39m \u001b[36mimport\u001b[39m remarkGfm \u001b[36mfrom\u001b[39m \u001b[32m'remark-gfm'\u001b[39m\u001b[33m;\u001b[39m\n     \u001b[90m 5 |\u001b[39m \u001b[36mimport\u001b[39m remarkBreaks \u001b[36mfrom\u001b[39m \u001b[32m'remark-breaks'\u001b[39m\u001b[33m;\u001b[39m\n     \u001b[90m 6 |\u001b[39m \u001b[36mimport\u001b[39m { useFileStore } \u001b[36mfrom\u001b[39m \u001b[32m'../stores/fileStore'\u001b[39m\u001b[33m;\u001b[39m\u001b[0m\n\n      at Runtime.createScriptFromCode (node_modules/jest-runtime/build/index.js:1318:40)\n      at Object.<anonymous> (components/Editor.tsx:3:1)\n      at Object.<anonymous> (__tests__/unit/components/Editor.snapshot.test.tsx:11:1)\n","name":"C:\\Users\\shinobi\\Documents\\NovelIDE\\__tests__\\unit\\components\\Editor.snapshot.test.tsx","startTime":1773233172665,"status":"failed","summary":""}],"wasInterrupted":false}
