{"C:\\Users\\shinobi\\Documents\\NovelIDE\\App.tsx": {"path":"C:\\Users\\shinobi\\Documents\\NovelIDE\\App.tsx","statementMap":{"0":{"start":{"line":9,"column":27},"end":{"line":9,"column":75}},"1":{"start":{"line":9,"column":52},"end":{"line":9,"column":74}},"2":{"start":{"line":10,"column":24},"end":{"line":10,"column":69}},"3":{"start":{"line":10,"column":49},"end":{"line":10,"column":68}},"4":{"start":{"line":11,"column":23},"end":{"line":11,"column":67}},"5":{"start":{"line":11,"column":48},"end":{"line":11,"column":66}},"6":{"start":{"line":12,"column":23},"end":{"line":12,"column":65}},"7":{"start":{"line":12,"column":46},"end":{"line":12,"column":64}},"8":{"start":{"line":15,"column":2},"end":{"line":18,"column":35}},"9":{"start":{"line":16,"column":4},"end":{"line":16,"column":19}},"10":{"start":{"line":17,"column":4},"end":{"line":17,"column":19}},"11":{"start":{"line":20,"column":30},"end":{"line":22,"column":3}},"12":{"start":{"line":21,"column":4},"end":{"line":21,"column":28}},"13":{"start":{"line":24,"column":21},"end":{"line":26,"column":3}},"14":{"start":{"line":25,"column":4},"end":{"line":25,"column":30}},"15":{"start":{"line":28,"column":2},"end":{"line":39,"column":4}}},"fnMap":{"0":{"name":"App","decl":{"start":{"line":8,"column":24},"end":{"line":8,"column":27}},"loc":{"start":{"line":8,"column":27},"end":{"line":40,"column":1}}},"1":{"name":"(anonymous_1)","decl":{"start":{"line":9,"column":43},"end":{"line":9,"column":48}},"loc":{"start":{"line":9,"column":52},"end":{"line":9,"column":74}}},"2":{"name":"(anonymous_2)","decl":{"start":{"line":10,"column":40},"end":{"line":10,"column":45}},"loc":{"start":{"line":10,"column":49},"end":{"line":10,"column":68}}},"3":{"name":"(anonymous_3)","decl":{"start":{"line":11,"column":39},"end":{"line":11,"column":44}},"loc":{"start":{"line":11,"column":48},"end":{"line":11,"column":66}}},"4":{"name":"(anonymous_4)","decl":{"start":{"line":12,"column":37},"end":{"line":12,"column":42}},"loc":{"start":{"line":12,"column":46},"end":{"line":12,"column":64}}},"5":{"name":"(anonymous_5)","decl":{"start":{"line":15,"column":12},"end":{"line":15,"column":15}},"loc":{"start":{"line":15,"column":17},"end":{"line":18,"column":3}}},"6":{"name":"(anonymous_6)","decl":{"start":{"line":20,"column":30},"end":{"line":20,"column":35}},"loc":{"start":{"line":20,"column":58},"end":{"line":22,"column":3}}},"7":{"name":"(anonymous_7)","decl":{"start":{"line":24,"column":21},"end":{"line":24,"column":26}},"loc":{"start":{"line":24,"column":32},"end":{"line":26,"column":3}}}},"branchMap":{"0":{"loc":{"start":{"line":30,"column":7},"end":{"line":36,"column":null}},"type":"cond-expr","locations":[{"start":{"line":31,"column":8},"end":{"line":31,"column":64}},{"start":{"line":33,"column":8},"end":{"line":35,"column":null}}]}},"s":{"0":0,"1":0,"2":0,"3":0,"4":0,"5":0,"6":0,"7":0,"8":0,"9":0,"10":0,"11":0,"12":0,"13":0,"14":0,"15":0},"f":{"0":0,"1":0,"2":0,"3":0,"4":0,"5":0,"6":0,"7":0},"b":{"0":[0,0]}}
,"C:\\Users\\shinobi\\Documents\\NovelIDE\\index.tsx": {"path":"C:\\Users\\shinobi\\Documents\\NovelIDE\\index.tsx","statementMap":{"0":{"start":{"line":5,"column":20},"end":{"line":5,"column":51}},"1":{"start":{"line":6,"column":0},"end":{"line":8,"column":1}},"2":{"start":{"line":7,"column":2},"end":{"line":7,"column":61}},"3":{"start":{"line":10,"column":13},"end":{"line":10,"column":45}},"4":{"start":{"line":11,"column":0},"end":{"line":15,"column":2}}},"fnMap":{},"branchMap":{"0":{"loc":{"start":{"line":6,"column":0},"end":{"line":8,"column":1}},"type":"if","locations":[{"start":{"line":6,"column":0},"end":{"line":8,"column":1}},{"start":{},"end":{}}]}},"s":{"0":0,"1":0,"2":0,"3":0,"4":0},"f":{},"b":{"0":[0,0]}}
,"C:\\Users\\shinobi\\Documents\\NovelIDE\\types.ts": {"path":"C:\\Users\\shinobi\\Documents\\NovelIDE\\types.ts","statementMap":{"0":{"start":{"line":2,"column":0},"end":{"line":2,"column":null}},"1":{"start":{"line":3,"column":2},"end":{"line":3,"column":null}},"2":{"start":{"line":4,"column":2},"end":{"line":4,"column":null}},"3":{"start":{"line":100,"column":0},"end":{"line":100,"column":null}},"4":{"start":{"line":101,"column":2},"end":{"line":101,"column":null}},"5":{"start":{"line":102,"column":2},"end":{"line":102,"column":null}},"6":{"start":{"line":127,"column":13},"end":{"line":157,"column":2}}},"fnMap":{"0":{"name":"(anonymous_0)","decl":{"start":{"line":2,"column":0},"end":{"line":2,"column":12}},"loc":{"start":{"line":2,"column":20},"end":{"line":5,"column":1}}},"1":{"name":"(anonymous_1)","decl":{"start":{"line":100,"column":0},"end":{"line":100,"column":12}},"loc":{"start":{"line":100,"column":22},"end":{"line":103,"column":1}}}},"branchMap":{"0":{"loc":{"start":{"line":2,"column":12},"end":{"line":2,"column":null}},"type":"binary-expr","locations":[{"start":{"line":2,"column":12},"end":{"line":2,"column":20}},{"start":{"line":2,"column":20},"end":{"line":2,"column":null}}]},"1":{"loc":{"start":{"line":100,"column":12},"end":{"line":100,"column":null}},"type":"binary-expr","locations":[{"start":{"line":100,"column":12},"end":{"line":100,"column":22}},{"start":{"line":100,"column":22},"end":{"line":100,"column":null}}]}},"s":{"0":2,"1":2,"2":2,"3":2,"4":2,"5":2,"6":2},"f":{"0":2,"1":2},"b":{"0":[2,2],"1":[2,2]}}
,"C:\\Users\\shinobi\\Documents\\NovelIDE\\vite.config.ts": {"path":"C:\\Users\\shinobi\\Documents\\NovelIDE\\vite.config.ts","statementMap":{"0":{"start":{"line":6,"column":16},"end":{"line":6,"column":38}},"1":{"start":{"line":7,"column":4},"end":{"line":22,"column":6}}},"fnMap":{"0":{"name":"(anonymous_0)","decl":{"start":{"line":5,"column":28},"end":{"line":5,"column":29}},"loc":{"start":{"line":5,"column":41},"end":{"line":23,"column":1}}}},"branchMap":{},"s":{"0":0,"1":0},"f":{"0":0},"b":{}}
,"C:\\Users\\shinobi\\Documents\\NovelIDE\\components\\AISettingsForm.tsx": {"path":"C:\\Users\\shinobi\\Documents\\NovelIDE\\components\\AISettingsForm.tsx","statementMap":{"0":{"start":{"line":12,"column":54},"end":{"line":336,"column":1}},"1":{"start":{"line":13,"column":38},"end":{"line":13,"column":92}},"2":{"start":{"line":14,"column":32},"end":{"line":14,"column":47}},"3":{"start":{"line":15,"column":44},"end":{"line":15,"column":59}},"4":{"start":{"line":18,"column":2},"end":{"line":20,"column":3}},"5":{"start":{"line":19,"column":6},"end":{"line":19,"column":37}},"6":{"start":{"line":22,"column":24},"end":{"line":22,"column":103}},"7":{"start":{"line":22,"column":61},"end":{"line":22,"column":102}},"8":{"start":{"line":25,"column":29},"end":{"line":25,"column":33}},"9":{"start":{"line":28,"column":2},"end":{"line":32,"column":62}},"10":{"start":{"line":29,"column":4},"end":{"line":31,"column":5}},"11":{"start":{"line":34,"column":21},"end":{"line":45,"column":3}},"12":{"start":{"line":36,"column":26},"end":{"line":36,"column":43}},"13":{"start":{"line":38,"column":6},"end":{"line":42,"column":7}},"14":{"start":{"line":39,"column":10},"end":{"line":39,"column":54}},"15":{"start":{"line":40,"column":10},"end":{"line":40,"column":52}},"16":{"start":{"line":41,"column":10},"end":{"line":41,"column":58}},"17":{"start":{"line":44,"column":6},"end":{"line":44,"column":26}},"18":{"start":{"line":47,"column":27},"end":{"line":61,"column":3}},"19":{"start":{"line":48,"column":20},"end":{"line":48,"column":32}},"20":{"start":{"line":49,"column":40},"end":{"line":55,"column":8}},"21":{"start":{"line":56,"column":6},"end":{"line":60,"column":10}},"22":{"start":{"line":56,"column":29},"end":{"line":60,"column":8}},"23":{"start":{"line":63,"column":30},"end":{"line":76,"column":3}},"24":{"start":{"line":64,"column":6},"end":{"line":67,"column":7}},"25":{"start":{"line":65,"column":10},"end":{"line":65,"column":31}},"26":{"start":{"line":66,"column":10},"end":{"line":66,"column":17}},"27":{"start":{"line":68,"column":6},"end":{"line":68,"column":40}},"28":{"start":{"line":68,"column":33},"end":{"line":68,"column":40}},"29":{"start":{"line":70,"column":26},"end":{"line":70,"column":106}},"30":{"start":{"line":70,"column":64},"end":{"line":70,"column":105}},"31":{"start":{"line":71,"column":6},"end":{"line":75,"column":10}},"32":{"start":{"line":71,"column":29},"end":{"line":75,"column":8}},"33":{"start":{"line":78,"column":30},"end":{"line":85,"column":3}},"34":{"start":{"line":79,"column":6},"end":{"line":84,"column":10}},"35":{"start":{"line":79,"column":29},"end":{"line":84,"column":8}},"36":{"start":{"line":82,"column":14},"end":{"line":82,"column":76}},"37":{"start":{"line":87,"column":2},"end":{"line":335,"column":4}},"38":{"start":{"line":104,"column":39},"end":{"line":104,"column":98}},"39":{"start":{"line":115,"column":39},"end":{"line":115,"column":98}},"40":{"start":{"line":139,"column":47},"end":{"line":139,"column":101}},"41":{"start":{"line":144,"column":47},"end":{"line":144,"column":67}},"42":{"start":{"line":159,"column":43},"end":{"line":159,"column":100}},"43":{"start":{"line":178,"column":53},"end":{"line":178,"column":128}},"44":{"start":{"line":178,"column":76},"end":{"line":178,"column":126}},"45":{"start":{"line":182,"column":40},"end":{"line":182,"column":59}},"46":{"start":{"line":207,"column":55},"end":{"line":207,"column":100}},"47":{"start":{"line":211,"column":59},"end":{"line":211,"column":82}},"48":{"start":{"line":216,"column":59},"end":{"line":216,"column":81}},"49":{"start":{"line":235,"column":47},"end":{"line":235,"column":95}},"50":{"start":{"line":249,"column":51},"end":{"line":249,"column":98}},"51":{"start":{"line":254,"column":51},"end":{"line":254,"column":71}},"52":{"start":{"line":269,"column":47},"end":{"line":269,"column":97}},"53":{"start":{"line":292,"column":39},"end":{"line":292,"column":100}},"54":{"start":{"line":315,"column":35},"end":{"line":315,"column":121}}},"fnMap":{"0":{"name":"(anonymous_0)","decl":{"start":{"line":12,"column":54},"end":{"line":12,"column":55}},"loc":{"start":{"line":12,"column":77},"end":{"line":336,"column":1}}},"1":{"name":"(anonymous_1)","decl":{"start":{"line":22,"column":56},"end":{"line":22,"column":57}},"loc":{"start":{"line":22,"column":61},"end":{"line":22,"column":102}}},"2":{"name":"(anonymous_2)","decl":{"start":{"line":28,"column":12},"end":{"line":28,"column":15}},"loc":{"start":{"line":28,"column":17},"end":{"line":32,"column":3}}},"3":{"name":"(anonymous_3)","decl":{"start":{"line":34,"column":21},"end":{"line":34,"column":24}},"loc":{"start":{"line":34,"column":26},"end":{"line":45,"column":3}}},"4":{"name":"(anonymous_4)","decl":{"start":{"line":47,"column":27},"end":{"line":47,"column":30}},"loc":{"start":{"line":47,"column":32},"end":{"line":61,"column":3}}},"5":{"name":"(anonymous_5)","decl":{"start":{"line":56,"column":20},"end":{"line":56,"column":24}},"loc":{"start":{"line":56,"column":29},"end":{"line":60,"column":8}}},"6":{"name":"(anonymous_6)","decl":{"start":{"line":63,"column":30},"end":{"line":63,"column":33}},"loc":{"start":{"line":63,"column":35},"end":{"line":76,"column":3}}},"7":{"name":"(anonymous_7)","decl":{"start":{"line":70,"column":59},"end":{"line":70,"column":60}},"loc":{"start":{"line":70,"column":64},"end":{"line":70,"column":105}}},"8":{"name":"(anonymous_8)","decl":{"start":{"line":71,"column":20},"end":{"line":71,"column":24}},"loc":{"start":{"line":71,"column":29},"end":{"line":75,"column":8}}},"9":{"name":"(anonymous_9)","decl":{"start":{"line":78,"column":30},"end":{"line":78,"column":31}},"loc":{"start":{"line":78,"column":66},"end":{"line":85,"column":3}}},"10":{"name":"(anonymous_10)","decl":{"start":{"line":79,"column":20},"end":{"line":79,"column":24}},"loc":{"start":{"line":79,"column":29},"end":{"line":84,"column":8}}},"11":{"name":"(anonymous_11)","decl":{"start":{"line":81,"column":51},"end":{"line":81,"column":52}},"loc":{"start":{"line":82,"column":14},"end":{"line":82,"column":76}}},"12":{"name":"(anonymous_12)","decl":{"start":{"line":104,"column":33},"end":{"line":104,"column":36}},"loc":{"start":{"line":104,"column":39},"end":{"line":104,"column":98}}},"13":{"name":"(anonymous_13)","decl":{"start":{"line":115,"column":33},"end":{"line":115,"column":36}},"loc":{"start":{"line":115,"column":39},"end":{"line":115,"column":98}}},"14":{"name":"(anonymous_14)","decl":{"start":{"line":139,"column":42},"end":{"line":139,"column":43}},"loc":{"start":{"line":139,"column":47},"end":{"line":139,"column":101}}},"15":{"name":"(anonymous_15)","decl":{"start":{"line":144,"column":41},"end":{"line":144,"column":44}},"loc":{"start":{"line":144,"column":47},"end":{"line":144,"column":67}}},"16":{"name":"(anonymous_16)","decl":{"start":{"line":159,"column":38},"end":{"line":159,"column":39}},"loc":{"start":{"line":159,"column":43},"end":{"line":159,"column":100}}},"17":{"name":"(anonymous_17)","decl":{"start":{"line":178,"column":46},"end":{"line":178,"column":47}},"loc":{"start":{"line":178,"column":53},"end":{"line":178,"column":128}}},"18":{"name":"(anonymous_18)","decl":{"start":{"line":178,"column":67},"end":{"line":178,"column":71}},"loc":{"start":{"line":178,"column":76},"end":{"line":178,"column":126}}},"19":{"name":"(anonymous_19)","decl":{"start":{"line":181,"column":68},"end":{"line":181,"column":69}},"loc":{"start":{"line":182,"column":40},"end":{"line":182,"column":59}}},"20":{"name":"(anonymous_20)","decl":{"start":{"line":207,"column":50},"end":{"line":207,"column":51}},"loc":{"start":{"line":207,"column":55},"end":{"line":207,"column":100}}},"21":{"name":"(anonymous_21)","decl":{"start":{"line":211,"column":53},"end":{"line":211,"column":56}},"loc":{"start":{"line":211,"column":59},"end":{"line":211,"column":82}}},"22":{"name":"(anonymous_22)","decl":{"start":{"line":216,"column":53},"end":{"line":216,"column":56}},"loc":{"start":{"line":216,"column":59},"end":{"line":216,"column":81}}},"23":{"name":"(anonymous_23)","decl":{"start":{"line":235,"column":42},"end":{"line":235,"column":43}},"loc":{"start":{"line":235,"column":47},"end":{"line":235,"column":95}}},"24":{"name":"(anonymous_24)","decl":{"start":{"line":249,"column":46},"end":{"line":249,"column":47}},"loc":{"start":{"line":249,"column":51},"end":{"line":249,"column":98}}},"25":{"name":"(anonymous_25)","decl":{"start":{"line":254,"column":45},"end":{"line":254,"column":48}},"loc":{"start":{"line":254,"column":51},"end":{"line":254,"column":71}}},"26":{"name":"(anonymous_26)","decl":{"start":{"line":269,"column":42},"end":{"line":269,"column":43}},"loc":{"start":{"line":269,"column":47},"end":{"line":269,"column":97}}},"27":{"name":"(anonymous_27)","decl":{"start":{"line":292,"column":34},"end":{"line":292,"column":35}},"loc":{"start":{"line":292,"column":39},"end":{"line":292,"column":100}}},"28":{"name":"(anonymous_28)","decl":{"start":{"line":315,"column":30},"end":{"line":315,"column":31}},"loc":{"start":{"line":315,"column":35},"end":{"line":315,"column":121}}}},"branchMap":{"0":{"loc":{"start":{"line":18,"column":2},"end":{"line":20,"column":3}},"type":"if","locations":[{"start":{"line":18,"column":2},"end":{"line":20,"column":3}},{"start":{},"end":{}}]},"1":{"loc":{"start":{"line":29,"column":4},"end":{"line":31,"column":5}},"type":"if","locations":[{"start":{"line":29,"column":4},"end":{"line":31,"column":5}},{"start":{},"end":{}}]},"2":{"loc":{"start":{"line":29,"column":8},"end":{"line":29,"column":66}},"type":"binary-expr","locations":[{"start":{"line":29,"column":8},"end":{"line":29,"column":49}},{"start":{"line":29,"column":53},"end":{"line":29,"column":66}}]},"3":{"loc":{"start":{"line":38,"column":6},"end":{"line":42,"column":7}},"type":"if","locations":[{"start":{"line":38,"column":6},"end":{"line":42,"column":7}},{"start":{},"end":{}}]},"4":{"loc":{"start":{"line":38,"column":10},"end":{"line":38,"column":69}},"type":"binary-expr","locations":[{"start":{"line":38,"column":10},"end":{"line":38,"column":52}},{"start":{"line":38,"column":56},"end":{"line":38,"column":69}}]},"5":{"loc":{"start":{"line":58,"column":31},"end":{"line":58,"column":56}},"type":"binary-expr","locations":[{"start":{"line":58,"column":31},"end":{"line":58,"column":50}},{"start":{"line":58,"column":54},"end":{"line":58,"column":56}}]},"6":{"loc":{"start":{"line":64,"column":6},"end":{"line":67,"column":7}},"type":"if","locations":[{"start":{"line":64,"column":6},"end":{"line":67,"column":7}},{"start":{},"end":{}}]},"7":{"loc":{"start":{"line":64,"column":10},"end":{"line":64,"column":77}},"type":"binary-expr","locations":[{"start":{"line":64,"column":10},"end":{"line":64,"column":36}},{"start":{"line":64,"column":40},"end":{"line":64,"column":77}}]},"8":{"loc":{"start":{"line":68,"column":6},"end":{"line":68,"column":40}},"type":"if","locations":[{"start":{"line":68,"column":6},"end":{"line":68,"column":40}},{"start":{},"end":{}}]},"9":{"loc":{"start":{"line":82,"column":14},"end":{"line":82,"column":76}},"type":"cond-expr","locations":[{"start":{"line":82,"column":52},"end":{"line":82,"column":72}},{"start":{"line":82,"column":75},"end":{"line":82,"column":76}}]},"10":{"loc":{"start":{"line":106,"column":28},"end":{"line":108,"column":null}},"type":"cond-expr","locations":[{"start":{"line":107,"column":30},"end":{"line":107,"column":112}},{"start":{"line":108,"column":30},"end":{"line":108,"column":null}}]},"11":{"loc":{"start":{"line":117,"column":28},"end":{"line":119,"column":null}},"type":"cond-expr","locations":[{"start":{"line":118,"column":30},"end":{"line":118,"column":113}},{"start":{"line":119,"column":30},"end":{"line":119,"column":null}}]},"12":{"loc":{"start":{"line":129,"column":13},"end":{"line":164,"column":null}},"type":"binary-expr","locations":[{"start":{"line":129,"column":13},"end":{"line":129,"column":54}},{"start":{"line":130,"column":16},"end":{"line":163,"column":null}}]},"13":{"loc":{"start":{"line":137,"column":38},"end":{"line":137,"column":67}},"type":"cond-expr","locations":[{"start":{"line":137,"column":48},"end":{"line":137,"column":54}},{"start":{"line":137,"column":57},"end":{"line":137,"column":67}}]},"14":{"loc":{"start":{"line":147,"column":33},"end":{"line":147,"column":58}},"type":"cond-expr","locations":[{"start":{"line":147,"column":43},"end":{"line":147,"column":49}},{"start":{"line":147,"column":52},"end":{"line":147,"column":58}}]},"15":{"loc":{"start":{"line":168,"column":13},"end":{"line":275,"column":null}},"type":"binary-expr","locations":[{"start":{"line":168,"column":13},"end":{"line":168,"column":54}},{"start":{"line":168,"column":58},"end":{"line":168,"column":71}},{"start":{"line":169,"column":17},"end":{"line":274,"column":null}}]},"16":{"loc":{"start":{"line":202,"column":29},"end":{"line":217,"column":null}},"type":"cond-expr","locations":[{"start":{"line":203,"column":32},"end":{"line":211,"column":null}},{"start":{"line":214,"column":32},"end":{"line":216,"column":null}}]},"17":{"loc":{"start":{"line":247,"column":42},"end":{"line":247,"column":71}},"type":"cond-expr","locations":[{"start":{"line":247,"column":52},"end":{"line":247,"column":58}},{"start":{"line":247,"column":61},"end":{"line":247,"column":71}}]},"18":{"loc":{"start":{"line":257,"column":37},"end":{"line":257,"column":62}},"type":"cond-expr","locations":[{"start":{"line":257,"column":47},"end":{"line":257,"column":53}},{"start":{"line":257,"column":56},"end":{"line":257,"column":62}}]},"19":{"loc":{"start":{"line":283,"column":21},"end":{"line":286,"column":null}},"type":"binary-expr","locations":[{"start":{"line":283,"column":21},"end":{"line":283,"column":62}},{"start":{"line":284,"column":24},"end":{"line":285,"column":null}}]},"20":{"loc":{"start":{"line":291,"column":31},"end":{"line":291,"column":71}},"type":"binary-expr","locations":[{"start":{"line":291,"column":31},"end":{"line":291,"column":55}},{"start":{"line":291,"column":59},"end":{"line":291,"column":71}}]},"21":{"loc":{"start":{"line":300,"column":25},"end":{"line":302,"column":47}},"type":"cond-expr","locations":[{"start":{"line":301,"column":30},"end":{"line":301,"column":85}},{"start":{"line":302,"column":30},"end":{"line":302,"column":47}}]},"22":{"loc":{"start":{"line":314,"column":27},"end":{"line":314,"column":59}},"type":"binary-expr","locations":[{"start":{"line":314,"column":27},"end":{"line":314,"column":53}},{"start":{"line":314,"column":57},"end":{"line":314,"column":59}}]},"23":{"loc":{"start":{"line":315,"column":82},"end":{"line":315,"column":119}},"type":"binary-expr","locations":[{"start":{"line":315,"column":82},"end":{"line":315,"column":106}},{"start":{"line":315,"column":110},"end":{"line":315,"column":119}}]}},"s":{"0":0,"1":0,"2":0,"3":0,"4":0,"5":0,"6":0,"7":0,"8":0,"9":0,"10":0,"11":0,"12":0,"13":0,"14":0,"15":0,"16":0,"17":0,"18":0,"19":0,"20":0,"21":0,"22":0,"23":0,"24":0,"25":0,"26":0,"27":0,"28":0,"29":0,"30":0,"31":0,"32":0,"33":0,"34":0,"35":0,"36":0,"37":0,"38":0,"39":0,"40":0,"41":0,"42":0,"43":0,"44":0,"45":0,"46":0,"47":0,"48":0,"49":0,"50":0,"51":0,"52":0,"53":0,"54":0},"f":{"0":0,"1":0,"2":0,"3":0,"4":0,"5":0,"6":0,"7":0,"8":0,"9":0,"10":0,"11":0,"12":0,"13":0,"14":0,"15":0,"16":0,"17":0,"18":0,"19":0,"20":0,"21":0,"22":0,"23":0,"24":0,"25":0,"26":0,"27":0,"28":0},"b":{"0":[0,0],"1":[0,0],"2":[0,0],"3":[0,0],"4":[0,0],"5":[0,0],"6":[0,0],"7":[0,0],"8":[0,0],"9":[0,0],"10":[0,0],"11":[0,0],"12":[0,0],"13":[0,0],"14":[0,0],"15":[0,0,0],"16":[0,0],"17":[0,0],"18":[0,0],"19":[0,0],"20":[0,0],"21":[0,0],"22":[0,0],"23":[0,0]}}
,"C:\\Users\\shinobi\\Documents\\NovelIDE\\components\\APIInputView.tsx": {"path":"C:\\Users\\shinobi\\Documents\\NovelIDE\\components\\APIInputView.tsx","statementMap":{"0":{"start":{"line":10,"column":121},"end":{"line":26,"column":1}},"1":{"start":{"line":11,"column":4},"end":{"line":11,"column":27}},"2":{"start":{"line":11,"column":15},"end":{"line":11,"column":27}},"3":{"start":{"line":12,"column":4},"end":{"line":25,"column":6}},"4":{"start":{"line":28,"column":50},"end":{"line":68,"column":1}},"5":{"start":{"line":29,"column":40},"end":{"line":29,"column":55}},"6":{"start":{"line":31,"column":4},"end":{"line":67,"column":6}},"7":{"start":{"line":34,"column":31},"end":{"line":34,"column":57}}},"fnMap":{"0":{"name":"(anonymous_0)","decl":{"start":{"line":10,"column":121},"end":{"line":10,"column":122}},"loc":{"start":{"line":10,"column":193},"end":{"line":26,"column":1}}},"1":{"name":"(anonymous_1)","decl":{"start":{"line":28,"column":50},"end":{"line":28,"column":51}},"loc":{"start":{"line":28,"column":109},"end":{"line":68,"column":1}}},"2":{"name":"(anonymous_2)","decl":{"start":{"line":34,"column":25},"end":{"line":34,"column":28}},"loc":{"start":{"line":34,"column":31},"end":{"line":34,"column":57}}}},"branchMap":{"0":{"loc":{"start":{"line":10,"column":143},"end":{"line":10,"column":166}},"type":"default-arg","locations":[{"start":{"line":10,"column":151},"end":{"line":10,"column":166}}]},"1":{"loc":{"start":{"line":10,"column":168},"end":{"line":10,"column":187}},"type":"default-arg","locations":[{"start":{"line":10,"column":182},"end":{"line":10,"column":187}}]},"2":{"loc":{"start":{"line":11,"column":4},"end":{"line":11,"column":27}},"type":"if","locations":[{"start":{"line":11,"column":4},"end":{"line":11,"column":27}},{"start":{},"end":{}}]},"3":{"loc":{"start":{"line":15,"column":17},"end":{"line":15,"column":43}},"type":"binary-expr","locations":[{"start":{"line":15,"column":17},"end":{"line":15,"column":21}},{"start":{"line":15,"column":25},"end":{"line":15,"column":43}}]},"4":{"loc":{"start":{"line":16,"column":66},"end":{"line":16,"column":85}},"type":"binary-expr","locations":[{"start":{"line":16,"column":66},"end":{"line":16,"column":71}},{"start":{"line":16,"column":75},"end":{"line":16,"column":85}}]},"5":{"loc":{"start":{"line":21,"column":21},"end":{"line":21,"column":84}},"type":"cond-expr","locations":[{"start":{"line":21,"column":48},"end":{"line":21,"column":52}},{"start":{"line":21,"column":55},"end":{"line":21,"column":84}}]},"6":{"loc":{"start":{"line":28,"column":84},"end":{"line":28,"column":103}},"type":"default-arg","locations":[{"start":{"line":28,"column":92},"end":{"line":28,"column":103}}]},"7":{"loc":{"start":{"line":37,"column":17},"end":{"line":37,"column":84}},"type":"cond-expr","locations":[{"start":{"line":37,"column":30},"end":{"line":37,"column":55}},{"start":{"line":37,"column":58},"end":{"line":37,"column":84}}]},"8":{"loc":{"start":{"line":43,"column":13},"end":{"line":64,"column":null}},"type":"binary-expr","locations":[{"start":{"line":43,"column":13},"end":{"line":43,"column":23}},{"start":{"line":44,"column":16},"end":{"line":63,"column":null}}]}},"s":{"0":0,"1":0,"2":0,"3":0,"4":0,"5":0,"6":0,"7":0},"f":{"0":0,"1":0,"2":0},"b":{"0":[0],"1":[0],"2":[0,0],"3":[0,0],"4":[0,0],"5":[0,0],"6":[0],"7":[0,0],"8":[0,0]}}
,"C:\\Users\\shinobi\\Documents\\NovelIDE\\components\\AgentChat.tsx": {"path":"C:\\Users\\shinobi\\Documents\\NovelIDE\\components\\AgentChat.tsx","statementMap":{"0":{"start":{"line":44,"column":44},"end":{"line":296,"column":1}},"1":{"start":{"line":65,"column":40},"end":{"line":65,"column":55}},"2":{"start":{"line":68,"column":26},"end":{"line":68,"column":70}},"3":{"start":{"line":68,"column":48},"end":{"line":68,"column":69}},"4":{"start":{"line":70,"column":31},"end":{"line":70,"column":81}},"5":{"start":{"line":70,"column":54},"end":{"line":70,"column":80}},"6":{"start":{"line":72,"column":2},"end":{"line":72,"column":27}},"7":{"start":{"line":72,"column":15},"end":{"line":72,"column":27}},"8":{"start":{"line":74,"column":32},"end":{"line":74,"column":53}},"9":{"start":{"line":76,"column":28},"end":{"line":94,"column":3}},"10":{"start":{"line":77,"column":19},"end":{"line":77,"column":57}},"11":{"start":{"line":78,"column":6},"end":{"line":84,"column":7}},"12":{"start":{"line":80,"column":10},"end":{"line":80,"column":35}},"13":{"start":{"line":83,"column":10},"end":{"line":83,"column":32}},"14":{"start":{"line":88,"column":6},"end":{"line":88,"column":38}},"15":{"start":{"line":91,"column":6},"end":{"line":93,"column":7}},"16":{"start":{"line":92,"column":10},"end":{"line":92,"column":20}},"17":{"start":{"line":96,"column":30},"end":{"line":102,"column":3}},"18":{"start":{"line":97,"column":6},"end":{"line":97,"column":26}},"19":{"start":{"line":99,"column":6},"end":{"line":101,"column":7}},"20":{"start":{"line":100,"column":10},"end":{"line":100,"column":30}},"21":{"start":{"line":104,"column":30},"end":{"line":107,"column":3}},"22":{"start":{"line":105,"column":6},"end":{"line":105,"column":26}},"23":{"start":{"line":106,"column":6},"end":{"line":106,"column":35}},"24":{"start":{"line":109,"column":37},"end":{"line":114,"column":3}},"25":{"start":{"line":110,"column":22},"end":{"line":110,"column":67}},"26":{"start":{"line":110,"column":41},"end":{"line":110,"column":66}},"27":{"start":{"line":111,"column":6},"end":{"line":113,"column":7}},"28":{"start":{"line":112,"column":10},"end":{"line":112,"column":39}},"29":{"start":{"line":117,"column":27},"end":{"line":121,"column":3}},"30":{"start":{"line":118,"column":6},"end":{"line":118,"column":66}},"31":{"start":{"line":118,"column":26},"end":{"line":118,"column":66}},"32":{"start":{"line":119,"column":6},"end":{"line":119,"column":60}},"33":{"start":{"line":119,"column":23},"end":{"line":119,"column":60}},"34":{"start":{"line":120,"column":6},"end":{"line":120,"column":28}},"35":{"start":{"line":123,"column":2},"end":{"line":295,"column":4}},"36":{"start":{"line":172,"column":31},"end":{"line":172,"column":59}},"37":{"start":{"line":194,"column":24},"end":{"line":194,"column":42}},"38":{"start":{"line":195,"column":24},"end":{"line":195,"column":46}},"39":{"start":{"line":206,"column":20},"end":{"line":207,"column":null}},"40":{"start":{"line":209,"column":28},"end":{"line":209,"column":56}},"41":{"start":{"line":210,"column":28},"end":{"line":210,"column":50}},"42":{"start":{"line":228,"column":52},"end":{"line":228,"column":83}},"43":{"start":{"line":235,"column":52},"end":{"line":235,"column":86}},"44":{"start":{"line":258,"column":24},"end":{"line":259,"column":null}},"45":{"start":{"line":260,"column":43},"end":{"line":260,"column":68}}},"fnMap":{"0":{"name":"(anonymous_0)","decl":{"start":{"line":44,"column":44},"end":{"line":44,"column":45}},"loc":{"start":{"line":64,"column":5},"end":{"line":296,"column":1}}},"1":{"name":"(anonymous_1)","decl":{"start":{"line":68,"column":39},"end":{"line":68,"column":44}},"loc":{"start":{"line":68,"column":48},"end":{"line":68,"column":69}}},"2":{"name":"(anonymous_2)","decl":{"start":{"line":70,"column":45},"end":{"line":70,"column":50}},"loc":{"start":{"line":70,"column":54},"end":{"line":70,"column":80}}},"3":{"name":"(anonymous_3)","decl":{"start":{"line":76,"column":28},"end":{"line":76,"column":29}},"loc":{"start":{"line":76,"column":54},"end":{"line":94,"column":3}}},"4":{"name":"(anonymous_4)","decl":{"start":{"line":96,"column":30},"end":{"line":96,"column":31}},"loc":{"start":{"line":96,"column":66},"end":{"line":102,"column":3}}},"5":{"name":"(anonymous_5)","decl":{"start":{"line":104,"column":30},"end":{"line":104,"column":31}},"loc":{"start":{"line":104,"column":76},"end":{"line":107,"column":3}}},"6":{"name":"(anonymous_6)","decl":{"start":{"line":109,"column":37},"end":{"line":109,"column":40}},"loc":{"start":{"line":109,"column":42},"end":{"line":114,"column":3}}},"7":{"name":"(anonymous_7)","decl":{"start":{"line":110,"column":36},"end":{"line":110,"column":37}},"loc":{"start":{"line":110,"column":41},"end":{"line":110,"column":66}}},"8":{"name":"(anonymous_8)","decl":{"start":{"line":117,"column":27},"end":{"line":117,"column":28}},"loc":{"start":{"line":117,"column":43},"end":{"line":121,"column":3}}},"9":{"name":"(anonymous_9)","decl":{"start":{"line":172,"column":25},"end":{"line":172,"column":28}},"loc":{"start":{"line":172,"column":31},"end":{"line":172,"column":59}}},"10":{"name":"(anonymous_10)","decl":{"start":{"line":193,"column":29},"end":{"line":193,"column":32}},"loc":{"start":{"line":193,"column":34},"end":{"line":196,"column":21}}},"11":{"name":"(anonymous_11)","decl":{"start":{"line":205,"column":30},"end":{"line":205,"column":37}},"loc":{"start":{"line":206,"column":20},"end":{"line":207,"column":null}}},"12":{"name":"(anonymous_12)","decl":{"start":{"line":208,"column":33},"end":{"line":208,"column":36}},"loc":{"start":{"line":208,"column":38},"end":{"line":211,"column":25}}},"13":{"name":"(anonymous_13)","decl":{"start":{"line":228,"column":45},"end":{"line":228,"column":46}},"loc":{"start":{"line":228,"column":52},"end":{"line":228,"column":83}}},"14":{"name":"(anonymous_14)","decl":{"start":{"line":235,"column":45},"end":{"line":235,"column":46}},"loc":{"start":{"line":235,"column":52},"end":{"line":235,"column":86}}},"15":{"name":"(anonymous_15)","decl":{"start":{"line":257,"column":40},"end":{"line":257,"column":46}},"loc":{"start":{"line":258,"column":24},"end":{"line":259,"column":null}}},"16":{"name":"(anonymous_16)","decl":{"start":{"line":260,"column":37},"end":{"line":260,"column":40}},"loc":{"start":{"line":260,"column":43},"end":{"line":260,"column":68}}}},"branchMap":{"0":{"loc":{"start":{"line":60,"column":2},"end":{"line":60,"column":21}},"type":"default-arg","locations":[{"start":{"line":60,"column":19},"end":{"line":60,"column":21}}]},"1":{"loc":{"start":{"line":61,"column":2},"end":{"line":61,"column":13}},"type":"default-arg","locations":[{"start":{"line":61,"column":10},"end":{"line":61,"column":13}}]},"2":{"loc":{"start":{"line":72,"column":2},"end":{"line":72,"column":27}},"type":"if","locations":[{"start":{"line":72,"column":2},"end":{"line":72,"column":27}},{"start":{},"end":{}}]},"3":{"loc":{"start":{"line":78,"column":6},"end":{"line":84,"column":7}},"type":"if","locations":[{"start":{"line":78,"column":6},"end":{"line":84,"column":7}},{"start":{"line":81,"column":13},"end":{"line":84,"column":7}}]},"4":{"loc":{"start":{"line":91,"column":6},"end":{"line":93,"column":7}},"type":"if","locations":[{"start":{"line":91,"column":6},"end":{"line":93,"column":7}},{"start":{},"end":{}}]},"5":{"loc":{"start":{"line":99,"column":6},"end":{"line":101,"column":7}},"type":"if","locations":[{"start":{"line":99,"column":6},"end":{"line":101,"column":7}},{"start":{},"end":{}}]},"6":{"loc":{"start":{"line":111,"column":6},"end":{"line":113,"column":7}},"type":"if","locations":[{"start":{"line":111,"column":6},"end":{"line":113,"column":7}},{"start":{},"end":{}}]},"7":{"loc":{"start":{"line":118,"column":6},"end":{"line":118,"column":66}},"type":"if","locations":[{"start":{"line":118,"column":6},"end":{"line":118,"column":66}},{"start":{},"end":{}}]},"8":{"loc":{"start":{"line":119,"column":6},"end":{"line":119,"column":60}},"type":"if","locations":[{"start":{"line":119,"column":6},"end":{"line":119,"column":60}},{"start":{},"end":{}}]},"9":{"loc":{"start":{"line":131,"column":15},"end":{"line":131,"column":40}},"type":"cond-expr","locations":[{"start":{"line":131,"column":26},"end":{"line":131,"column":32}},{"start":{"line":131,"column":35},"end":{"line":131,"column":40}}]},"10":{"loc":{"start":{"line":140,"column":14},"end":{"line":147,"column":null}},"type":"binary-expr","locations":[{"start":{"line":140,"column":14},"end":{"line":140,"column":24}},{"start":{"line":141,"column":17},"end":{"line":146,"column":null}}]},"11":{"loc":{"start":{"line":153,"column":9},"end":{"line":158,"column":null}},"type":"binary-expr","locations":[{"start":{"line":153,"column":9},"end":{"line":153,"column":19}},{"start":{"line":154,"column":13},"end":{"line":157,"column":null}}]},"12":{"loc":{"start":{"line":162,"column":13},"end":{"line":169,"column":null}},"type":"binary-expr","locations":[{"start":{"line":162,"column":13},"end":{"line":162,"column":25}},{"start":{"line":163,"column":16},"end":{"line":168,"column":null}}]},"13":{"loc":{"start":{"line":173,"column":63},"end":{"line":173,"column":137}},"type":"cond-expr","locations":[{"start":{"line":173,"column":77},"end":{"line":173,"column":101}},{"start":{"line":173,"column":104},"end":{"line":173,"column":137}}]},"14":{"loc":{"start":{"line":187,"column":7},"end":{"line":292,"column":null}},"type":"cond-expr","locations":[{"start":{"line":189,"column":8},"end":{"line":249,"column":null}},{"start":{"line":253,"column":8},"end":{"line":291,"column":null}}]},"15":{"loc":{"start":{"line":213,"column":28},"end":{"line":215,"column":null}},"type":"cond-expr","locations":[{"start":{"line":214,"column":34},"end":{"line":214,"column":69}},{"start":{"line":215,"column":34},"end":{"line":215,"column":null}}]},"16":{"loc":{"start":{"line":220,"column":80},"end":{"line":220,"column":147}},"type":"cond-expr","locations":[{"start":{"line":220,"column":114},"end":{"line":220,"column":129}},{"start":{"line":220,"column":132},"end":{"line":220,"column":147}}]},"17":{"loc":{"start":{"line":221,"column":83},"end":{"line":221,"column":150}},"type":"cond-expr","locations":[{"start":{"line":221,"column":117},"end":{"line":221,"column":132}},{"start":{"line":221,"column":135},"end":{"line":221,"column":150}}]},"18":{"loc":{"start":{"line":222,"column":37},"end":{"line":222,"column":61}},"type":"binary-expr","locations":[{"start":{"line":222,"column":37},"end":{"line":222,"column":50}},{"start":{"line":222,"column":54},"end":{"line":222,"column":61}}]},"19":{"loc":{"start":{"line":255,"column":13},"end":{"line":275,"column":null}},"type":"binary-expr","locations":[{"start":{"line":255,"column":13},"end":{"line":255,"column":38}},{"start":{"line":256,"column":16},"end":{"line":274,"column":null}}]}},"s":{"0":0,"1":0,"2":0,"3":0,"4":0,"5":0,"6":0,"7":0,"8":0,"9":0,"10":0,"11":0,"12":0,"13":0,"14":0,"15":0,"16":0,"17":0,"18":0,"19":0,"20":0,"21":0,"22":0,"23":0,"24":0,"25":0,"26":0,"27":0,"28":0,"29":0,"30":0,"31":0,"32":0,"33":0,"34":0,"35":0,"36":0,"37":0,"38":0,"39":0,"40":0,"41":0,"42":0,"43":0,"44":0,"45":0},"f":{"0":0,"1":0,"2":0,"3":0,"4":0,"5":0,"6":0,"7":0,"8":0,"9":0,"10":0,"11":0,"12":0,"13":0,"14":0,"15":0,"16":0},"b":{"0":[0],"1":[0],"2":[0,0],"3":[0,0],"4":[0,0],"5":[0,0],"6":[0,0],"7":[0,0],"8":[0,0],"9":[0,0],"10":[0,0],"11":[0,0],"12":[0,0],"13":[0,0],"14":[0,0],"15":[0,0],"16":[0,0],"17":[0,0],"18":[0,0],"19":[0,0]}}
,"C:\\Users\\shinobi\\Documents\\NovelIDE\\components\\AgentInput.tsx": {"path":"C:\\Users\\shinobi\\Documents\\NovelIDE\\components\\AgentInput.tsx","statementMap":{"0":{"start":{"line":15,"column":46},"end":{"line":203,"column":1}},"1":{"start":{"line":16,"column":28},"end":{"line":16,"column":40}},"2":{"start":{"line":17,"column":48},"end":{"line":17,"column":63}},"3":{"start":{"line":18,"column":42},"end":{"line":18,"column":54}},"4":{"start":{"line":19,"column":42},"end":{"line":19,"column":53}},"5":{"start":{"line":20,"column":36},"end":{"line":20,"column":47}},"6":{"start":{"line":22,"column":19},"end":{"line":22,"column":52}},"7":{"start":{"line":24,"column":2},"end":{"line":28,"column":18}},"8":{"start":{"line":25,"column":4},"end":{"line":27,"column":5}},"9":{"start":{"line":26,"column":6},"end":{"line":26,"column":32}},"10":{"start":{"line":31,"column":2},"end":{"line":36,"column":14}},"11":{"start":{"line":32,"column":4},"end":{"line":35,"column":5}},"12":{"start":{"line":33,"column":8},"end":{"line":33,"column":47}},"13":{"start":{"line":34,"column":8},"end":{"line":34,"column":92}},"14":{"start":{"line":39,"column":24},"end":{"line":50,"column":44}},"15":{"start":{"line":40,"column":6},"end":{"line":40,"column":38}},"16":{"start":{"line":40,"column":28},"end":{"line":40,"column":38}},"17":{"start":{"line":41,"column":25},"end":{"line":41,"column":51}},"18":{"start":{"line":43,"column":6},"end":{"line":49,"column":21}},"19":{"start":{"line":44,"column":23},"end":{"line":44,"column":83}},"20":{"start":{"line":46,"column":15},"end":{"line":46,"column":79}},"21":{"start":{"line":46,"column":38},"end":{"line":46,"column":79}},"22":{"start":{"line":47,"column":15},"end":{"line":47,"column":51}},"23":{"start":{"line":52,"column":28},"end":{"line":69,"column":3}},"24":{"start":{"line":53,"column":16},"end":{"line":53,"column":30}},"25":{"start":{"line":54,"column":27},"end":{"line":54,"column":55}},"26":{"start":{"line":55,"column":4},"end":{"line":55,"column":18}},"27":{"start":{"line":56,"column":4},"end":{"line":56,"column":33}},"28":{"start":{"line":59,"column":29},"end":{"line":59,"column":57}},"29":{"start":{"line":60,"column":25},"end":{"line":60,"column":62}},"30":{"start":{"line":62,"column":4},"end":{"line":68,"column":5}},"31":{"start":{"line":63,"column":8},"end":{"line":63,"column":33}},"32":{"start":{"line":64,"column":8},"end":{"line":64,"column":41}},"33":{"start":{"line":65,"column":8},"end":{"line":65,"column":27}},"34":{"start":{"line":67,"column":8},"end":{"line":67,"column":34}},"35":{"start":{"line":71,"column":24},"end":{"line":91,"column":3}},"36":{"start":{"line":73,"column":23},"end":{"line":73,"column":47}},"37":{"start":{"line":74,"column":31},"end":{"line":74,"column":56}},"38":{"start":{"line":75,"column":30},"end":{"line":75,"column":52}},"39":{"start":{"line":77,"column":24},"end":{"line":77,"column":57}},"40":{"start":{"line":78,"column":28},"end":{"line":78,"column":82}},"41":{"start":{"line":80,"column":23},"end":{"line":80,"column":54}},"42":{"start":{"line":81,"column":6},"end":{"line":81,"column":25}},"43":{"start":{"line":82,"column":6},"end":{"line":82,"column":32}},"44":{"start":{"line":84,"column":6},"end":{"line":90,"column":12}},"45":{"start":{"line":85,"column":10},"end":{"line":89,"column":11}},"46":{"start":{"line":86,"column":14},"end":{"line":86,"column":39}},"47":{"start":{"line":87,"column":35},"end":{"line":87,"column":55}},"48":{"start":{"line":88,"column":14},"end":{"line":88,"column":77}},"49":{"start":{"line":93,"column":24},"end":{"line":121,"column":3}},"50":{"start":{"line":94,"column":6},"end":{"line":115,"column":7}},"51":{"start":{"line":95,"column":10},"end":{"line":99,"column":11}},"52":{"start":{"line":96,"column":14},"end":{"line":96,"column":33}},"53":{"start":{"line":97,"column":14},"end":{"line":97,"column":88}},"54":{"start":{"line":97,"column":39},"end":{"line":97,"column":85}},"55":{"start":{"line":98,"column":14},"end":{"line":98,"column":21}},"56":{"start":{"line":100,"column":10},"end":{"line":104,"column":11}},"57":{"start":{"line":101,"column":14},"end":{"line":101,"column":33}},"58":{"start":{"line":102,"column":14},"end":{"line":102,"column":88}},"59":{"start":{"line":102,"column":39},"end":{"line":102,"column":85}},"60":{"start":{"line":103,"column":14},"end":{"line":103,"column":21}},"61":{"start":{"line":105,"column":10},"end":{"line":109,"column":11}},"62":{"start":{"line":106,"column":14},"end":{"line":106,"column":33}},"63":{"start":{"line":107,"column":14},"end":{"line":107,"column":57}},"64":{"start":{"line":108,"column":14},"end":{"line":108,"column":21}},"65":{"start":{"line":110,"column":10},"end":{"line":114,"column":11}},"66":{"start":{"line":111,"column":14},"end":{"line":111,"column":33}},"67":{"start":{"line":112,"column":14},"end":{"line":112,"column":40}},"68":{"start":{"line":113,"column":14},"end":{"line":113,"column":21}},"69":{"start":{"line":117,"column":6},"end":{"line":120,"column":7}},"70":{"start":{"line":118,"column":10},"end":{"line":118,"column":29}},"71":{"start":{"line":119,"column":10},"end":{"line":119,"column":25}},"72":{"start":{"line":123,"column":23},"end":{"line":133,"column":3}},"73":{"start":{"line":124,"column":4},"end":{"line":124,"column":30}},"74":{"start":{"line":124,"column":11},"end":{"line":124,"column":30}},"75":{"start":{"line":125,"column":4},"end":{"line":125,"column":43}},"76":{"start":{"line":125,"column":36},"end":{"line":125,"column":43}},"77":{"start":{"line":126,"column":4},"end":{"line":126,"column":25}},"78":{"start":{"line":127,"column":4},"end":{"line":127,"column":17}},"79":{"start":{"line":128,"column":4},"end":{"line":128,"column":30}},"80":{"start":{"line":130,"column":4},"end":{"line":132,"column":5}},"81":{"start":{"line":131,"column":8},"end":{"line":131,"column":47}},"82":{"start":{"line":135,"column":2},"end":{"line":202,"column":4}},"83":{"start":{"line":145,"column":41},"end":{"line":145,"column":65}},"84":{"start":{"line":146,"column":24},"end":{"line":162,"column":26}},"85":{"start":{"line":149,"column":47},"end":{"line":149,"column":66}}},"fnMap":{"0":{"name":"(anonymous_0)","decl":{"start":{"line":15,"column":46},"end":{"line":15,"column":47}},"loc":{"start":{"line":15,"column":105},"end":{"line":203,"column":1}}},"1":{"name":"(anonymous_1)","decl":{"start":{"line":24,"column":12},"end":{"line":24,"column":15}},"loc":{"start":{"line":24,"column":17},"end":{"line":28,"column":3}}},"2":{"name":"(anonymous_2)","decl":{"start":{"line":31,"column":12},"end":{"line":31,"column":15}},"loc":{"start":{"line":31,"column":17},"end":{"line":36,"column":3}}},"3":{"name":"(anonymous_3)","decl":{"start":{"line":39,"column":32},"end":{"line":39,"column":35}},"loc":{"start":{"line":39,"column":37},"end":{"line":50,"column":3}}},"4":{"name":"(anonymous_4)","decl":{"start":{"line":44,"column":18},"end":{"line":44,"column":19}},"loc":{"start":{"line":44,"column":23},"end":{"line":44,"column":83}}},"5":{"name":"(anonymous_5)","decl":{"start":{"line":45,"column":16},"end":{"line":45,"column":17}},"loc":{"start":{"line":45,"column":25},"end":{"line":48,"column":11}}},"6":{"name":"(anonymous_6)","decl":{"start":{"line":52,"column":28},"end":{"line":52,"column":29}},"loc":{"start":{"line":52,"column":74},"end":{"line":69,"column":3}}},"7":{"name":"(anonymous_7)","decl":{"start":{"line":71,"column":24},"end":{"line":71,"column":25}},"loc":{"start":{"line":71,"column":43},"end":{"line":91,"column":3}}},"8":{"name":"(anonymous_8)","decl":{"start":{"line":84,"column":17},"end":{"line":84,"column":20}},"loc":{"start":{"line":84,"column":22},"end":{"line":90,"column":7}}},"9":{"name":"(anonymous_9)","decl":{"start":{"line":93,"column":24},"end":{"line":93,"column":25}},"loc":{"start":{"line":93,"column":72},"end":{"line":121,"column":3}}},"10":{"name":"(anonymous_10)","decl":{"start":{"line":97,"column":30},"end":{"line":97,"column":34}},"loc":{"start":{"line":97,"column":39},"end":{"line":97,"column":85}}},"11":{"name":"(anonymous_11)","decl":{"start":{"line":102,"column":30},"end":{"line":102,"column":34}},"loc":{"start":{"line":102,"column":39},"end":{"line":102,"column":85}}},"12":{"name":"(anonymous_12)","decl":{"start":{"line":123,"column":23},"end":{"line":123,"column":24}},"loc":{"start":{"line":123,"column":47},"end":{"line":133,"column":3}}},"13":{"name":"(anonymous_13)","decl":{"start":{"line":144,"column":39},"end":{"line":144,"column":40}},"loc":{"start":{"line":144,"column":55},"end":{"line":163,"column":21}}},"14":{"name":"(anonymous_14)","decl":{"start":{"line":149,"column":41},"end":{"line":149,"column":44}},"loc":{"start":{"line":149,"column":47},"end":{"line":149,"column":66}}}},"branchMap":{"0":{"loc":{"start":{"line":25,"column":4},"end":{"line":27,"column":5}},"type":"if","locations":[{"start":{"line":25,"column":4},"end":{"line":27,"column":5}},{"start":{},"end":{}}]},"1":{"loc":{"start":{"line":25,"column":8},"end":{"line":25,"column":44}},"type":"binary-expr","locations":[{"start":{"line":25,"column":8},"end":{"line":25,"column":17}},{"start":{"line":25,"column":21},"end":{"line":25,"column":44}}]},"2":{"loc":{"start":{"line":32,"column":4},"end":{"line":35,"column":5}},"type":"if","locations":[{"start":{"line":32,"column":4},"end":{"line":35,"column":5}},{"start":{},"end":{}}]},"3":{"loc":{"start":{"line":40,"column":6},"end":{"line":40,"column":38}},"type":"if","locations":[{"start":{"line":40,"column":6},"end":{"line":40,"column":38}},{"start":{},"end":{}}]},"4":{"loc":{"start":{"line":44,"column":23},"end":{"line":44,"column":83}},"type":"binary-expr","locations":[{"start":{"line":44,"column":23},"end":{"line":44,"column":64}},{"start":{"line":44,"column":68},"end":{"line":44,"column":83}}]},"5":{"loc":{"start":{"line":46,"column":15},"end":{"line":46,"column":79}},"type":"if","locations":[{"start":{"line":46,"column":15},"end":{"line":46,"column":79}},{"start":{},"end":{}}]},"6":{"loc":{"start":{"line":46,"column":45},"end":{"line":46,"column":78}},"type":"cond-expr","locations":[{"start":{"line":46,"column":72},"end":{"line":46,"column":74}},{"start":{"line":46,"column":77},"end":{"line":46,"column":78}}]},"7":{"loc":{"start":{"line":54,"column":27},"end":{"line":54,"column":55}},"type":"binary-expr","locations":[{"start":{"line":54,"column":27},"end":{"line":54,"column":50}},{"start":{"line":54,"column":54},"end":{"line":54,"column":55}}]},"8":{"loc":{"start":{"line":62,"column":4},"end":{"line":68,"column":5}},"type":"if","locations":[{"start":{"line":62,"column":4},"end":{"line":68,"column":5}},{"start":{"line":66,"column":11},"end":{"line":68,"column":5}}]},"9":{"loc":{"start":{"line":85,"column":10},"end":{"line":89,"column":11}},"type":"if","locations":[{"start":{"line":85,"column":10},"end":{"line":89,"column":11}},{"start":{},"end":{}}]},"10":{"loc":{"start":{"line":94,"column":6},"end":{"line":115,"column":7}},"type":"if","locations":[{"start":{"line":94,"column":6},"end":{"line":115,"column":7}},{"start":{},"end":{}}]},"11":{"loc":{"start":{"line":94,"column":10},"end":{"line":94,"column":53}},"type":"binary-expr","locations":[{"start":{"line":94,"column":10},"end":{"line":94,"column":25}},{"start":{"line":94,"column":29},"end":{"line":94,"column":53}}]},"12":{"loc":{"start":{"line":95,"column":10},"end":{"line":99,"column":11}},"type":"if","locations":[{"start":{"line":95,"column":10},"end":{"line":99,"column":11}},{"start":{},"end":{}}]},"13":{"loc":{"start":{"line":97,"column":39},"end":{"line":97,"column":85}},"type":"cond-expr","locations":[{"start":{"line":97,"column":50},"end":{"line":97,"column":58}},{"start":{"line":97,"column":61},"end":{"line":97,"column":85}}]},"14":{"loc":{"start":{"line":100,"column":10},"end":{"line":104,"column":11}},"type":"if","locations":[{"start":{"line":100,"column":10},"end":{"line":104,"column":11}},{"start":{},"end":{}}]},"15":{"loc":{"start":{"line":102,"column":39},"end":{"line":102,"column":85}},"type":"cond-expr","locations":[{"start":{"line":102,"column":73},"end":{"line":102,"column":81}},{"start":{"line":102,"column":84},"end":{"line":102,"column":85}}]},"16":{"loc":{"start":{"line":105,"column":10},"end":{"line":109,"column":11}},"type":"if","locations":[{"start":{"line":105,"column":10},"end":{"line":109,"column":11}},{"start":{},"end":{}}]},"17":{"loc":{"start":{"line":105,"column":14},"end":{"line":105,"column":50}},"type":"binary-expr","locations":[{"start":{"line":105,"column":14},"end":{"line":105,"column":31}},{"start":{"line":105,"column":35},"end":{"line":105,"column":50}}]},"18":{"loc":{"start":{"line":110,"column":10},"end":{"line":114,"column":11}},"type":"if","locations":[{"start":{"line":110,"column":10},"end":{"line":114,"column":11}},{"start":{},"end":{}}]},"19":{"loc":{"start":{"line":117,"column":6},"end":{"line":120,"column":7}},"type":"if","locations":[{"start":{"line":117,"column":6},"end":{"line":120,"column":7}},{"start":{},"end":{}}]},"20":{"loc":{"start":{"line":117,"column":10},"end":{"line":117,"column":75}},"type":"binary-expr","locations":[{"start":{"line":117,"column":10},"end":{"line":117,"column":27}},{"start":{"line":117,"column":32},"end":{"line":117,"column":41}},{"start":{"line":117,"column":45},"end":{"line":117,"column":54}},{"start":{"line":117,"column":59},"end":{"line":117,"column":75}}]},"21":{"loc":{"start":{"line":124,"column":4},"end":{"line":124,"column":30}},"type":"if","locations":[{"start":{"line":124,"column":4},"end":{"line":124,"column":30}},{"start":{},"end":{}}]},"22":{"loc":{"start":{"line":125,"column":4},"end":{"line":125,"column":43}},"type":"if","locations":[{"start":{"line":125,"column":4},"end":{"line":125,"column":43}},{"start":{},"end":{}}]},"23":{"loc":{"start":{"line":125,"column":8},"end":{"line":125,"column":34}},"type":"binary-expr","locations":[{"start":{"line":125,"column":8},"end":{"line":125,"column":21}},{"start":{"line":125,"column":25},"end":{"line":125,"column":34}}]},"24":{"loc":{"start":{"line":130,"column":4},"end":{"line":132,"column":5}},"type":"if","locations":[{"start":{"line":130,"column":4},"end":{"line":132,"column":5}},{"start":{},"end":{}}]},"25":{"loc":{"start":{"line":138,"column":9},"end":{"line":165,"column":null}},"type":"binary-expr","locations":[{"start":{"line":138,"column":9},"end":{"line":138,"column":24}},{"start":{"line":138,"column":28},"end":{"line":138,"column":52}},{"start":{"line":139,"column":12},"end":{"line":164,"column":null}}]},"26":{"loc":{"start":{"line":151,"column":36},"end":{"line":151,"column":null}},"type":"cond-expr","locations":[{"start":{"line":151,"column":61},"end":{"line":151,"column":85}},{"start":{"line":151,"column":88},"end":{"line":151,"column":null}}]},"27":{"loc":{"start":{"line":155,"column":37},"end":{"line":155,"column":194}},"type":"cond-expr","locations":[{"start":{"line":155,"column":69},"end":{"line":155,"column":117}},{"start":{"line":155,"column":120},"end":{"line":155,"column":194}}]},"28":{"loc":{"start":{"line":158,"column":86},"end":{"line":158,"column":144}},"type":"cond-expr","locations":[{"start":{"line":158,"column":111},"end":{"line":158,"column":126}},{"start":{"line":158,"column":129},"end":{"line":158,"column":144}}]},"29":{"loc":{"start":{"line":175,"column":25},"end":{"line":175,"column":80}},"type":"cond-expr","locations":[{"start":{"line":175,"column":37},"end":{"line":175,"column":47}},{"start":{"line":175,"column":50},"end":{"line":175,"column":80}}]},"30":{"loc":{"start":{"line":181,"column":9},"end":{"line":198,"column":null}},"type":"cond-expr","locations":[{"start":{"line":182,"column":12},"end":{"line":188,"column":null}},{"start":{"line":191,"column":12},"end":{"line":197,"column":null}}]}},"s":{"0":0,"1":0,"2":0,"3":0,"4":0,"5":0,"6":0,"7":0,"8":0,"9":0,"10":0,"11":0,"12":0,"13":0,"14":0,"15":0,"16":0,"17":0,"18":0,"19":0,"20":0,"21":0,"22":0,"23":0,"24":0,"25":0,"26":0,"27":0,"28":0,"29":0,"30":0,"31":0,"32":0,"33":0,"34":0,"35":0,"36":0,"37":0,"38":0,"39":0,"40":0,"41":0,"42":0,"43":0,"44":0,"45":0,"46":0,"47":0,"48":0,"49":0,"50":0,"51":0,"52":0,"53":0,"54":0,"55":0,"56":0,"57":0,"58":0,"59":0,"60":0,"61":0,"62":0,"63":0,"64":0,"65":0,"66":0,"67":0,"68":0,"69":0,"70":0,"71":0,"72":0,"73":0,"74":0,"75":0,"76":0,"77":0,"78":0,"79":0,"80":0,"81":0,"82":0,"83":0,"84":0,"85":0},"f":{"0":0,"1":0,"2":0,"3":0,"4":0,"5":0,"6":0,"7":0,"8":0,"9":0,"10":0,"11":0,"12":0,"13":0,"14":0},"b":{"0":[0,0],"1":[0,0],"2":[0,0],"3":[0,0],"4":[0,0],"5":[0,0],"6":[0,0],"7":[0,0],"8":[0,0],"9":[0,0],"10":[0,0],"11":[0,0],"12":[0,0],"13":[0,0],"14":[0,0],"15":[0,0],"16":[0,0],"17":[0,0],"18":[0,0],"19":[0,0],"20":[0,0,0,0],"21":[0,0],"22":[0,0],"23":[0,0],"24":[0,0],"25":[0,0,0],"26":[0,0],"27":[0,0],"28":[0,0],"29":[0,0],"30":[0,0]}}
,"C:\\Users\\shinobi\\Documents\\NovelIDE\\components\\AgentMessageList.tsx": {"path":"C:\\Users\\shinobi\\Documents\\NovelIDE\\components\\AgentMessageList.tsx","statementMap":{"0":{"start":{"line":21,"column":5},"end":{"line":88,"column":1}},"1":{"start":{"line":22,"column":40},"end":{"line":22,"column":69}},"2":{"start":{"line":24,"column":4},"end":{"line":28,"column":28}},"3":{"start":{"line":25,"column":8},"end":{"line":27,"column":9}},"4":{"start":{"line":26,"column":12},"end":{"line":26,"column":32}},"5":{"start":{"line":30,"column":30},"end":{"line":33,"column":19}},"6":{"start":{"line":31,"column":29},"end":{"line":31,"column":47}},"7":{"start":{"line":32,"column":25},"end":{"line":32,"column":48}},"8":{"start":{"line":35,"column":29},"end":{"line":35,"column":74}},"9":{"start":{"line":36,"column":22},"end":{"line":36,"column":41}},"10":{"start":{"line":37,"column":22},"end":{"line":39,"column":69}},"11":{"start":{"line":41,"column":26},"end":{"line":41,"column":110}},"12":{"start":{"line":41,"column":55},"end":{"line":41,"column":73}},"13":{"start":{"line":41,"column":91},"end":{"line":41,"column":109}},"14":{"start":{"line":43,"column":4},"end":{"line":87,"column":6}},"15":{"start":{"line":46,"column":31},"end":{"line":46,"column":57}},"16":{"start":{"line":71,"column":33},"end":{"line":71,"column":53}},"17":{"start":{"line":91,"column":61},"end":{"line":127,"column":1}},"18":{"start":{"line":92,"column":38},"end":{"line":92,"column":42}},"19":{"start":{"line":94,"column":4},"end":{"line":126,"column":6}},"20":{"start":{"line":129,"column":121},"end":{"line":145,"column":1}},"21":{"start":{"line":130,"column":4},"end":{"line":130,"column":27}},"22":{"start":{"line":130,"column":15},"end":{"line":130,"column":27}},"23":{"start":{"line":131,"column":4},"end":{"line":144,"column":6}},"24":{"start":{"line":147,"column":58},"end":{"line":367,"column":1}},"25":{"start":{"line":153,"column":25},"end":{"line":153,"column":53}},"26":{"start":{"line":154,"column":36},"end":{"line":154,"column":65}},"27":{"start":{"line":155,"column":34},"end":{"line":155,"column":46}},"28":{"start":{"line":157,"column":2},"end":{"line":161,"column":46}},"29":{"start":{"line":158,"column":4},"end":{"line":160,"column":5}},"30":{"start":{"line":159,"column":8},"end":{"line":159,"column":71}},"31":{"start":{"line":163,"column":20},"end":{"line":166,"column":3}},"32":{"start":{"line":164,"column":6},"end":{"line":164,"column":27}},"33":{"start":{"line":165,"column":6},"end":{"line":165,"column":28}},"34":{"start":{"line":168,"column":21},"end":{"line":171,"column":3}},"35":{"start":{"line":169,"column":6},"end":{"line":169,"column":25}},"36":{"start":{"line":170,"column":6},"end":{"line":170,"column":22}},"37":{"start":{"line":173,"column":19},"end":{"line":178,"column":3}},"38":{"start":{"line":174,"column":6},"end":{"line":177,"column":7}},"39":{"start":{"line":175,"column":10},"end":{"line":175,"column":38}},"40":{"start":{"line":176,"column":10},"end":{"line":176,"column":29}},"41":{"start":{"line":180,"column":2},"end":{"line":366,"column":4}},"42":{"start":{"line":188,"column":34},"end":{"line":188,"column":98}},"43":{"start":{"line":189,"column":20},"end":{"line":192,"column":21}},"44":{"start":{"line":190,"column":24},"end":{"line":190,"column":51}},"45":{"start":{"line":191,"column":24},"end":{"line":191,"column":38}},"46":{"start":{"line":202,"column":30},"end":{"line":202,"column":110}},"47":{"start":{"line":202,"column":63},"end":{"line":202,"column":77}},"48":{"start":{"line":202,"column":95},"end":{"line":202,"column":109}},"49":{"start":{"line":203,"column":27},"end":{"line":203,"column":46}},"50":{"start":{"line":204,"column":28},"end":{"line":204,"column":48}},"51":{"start":{"line":205,"column":29},"end":{"line":205,"column":50}},"52":{"start":{"line":206,"column":27},"end":{"line":206,"column":56}},"53":{"start":{"line":207,"column":28},"end":{"line":207,"column":64}},"54":{"start":{"line":210,"column":12},"end":{"line":234,"column":13}},"55":{"start":{"line":211,"column":16},"end":{"line":233,"column":18}},"56":{"start":{"line":224,"column":51},"end":{"line":224,"column":112}},"57":{"start":{"line":237,"column":12},"end":{"line":255,"column":13}},"58":{"start":{"line":238,"column":16},"end":{"line":254,"column":18}},"59":{"start":{"line":243,"column":49},"end":{"line":243,"column":76}},"60":{"start":{"line":250,"column":55},"end":{"line":250,"column":71}},"61":{"start":{"line":258,"column":12},"end":{"line":349,"column":14}},"62":{"start":{"line":310,"column":36},"end":{"line":310,"column":75}},"63":{"start":{"line":329,"column":47},"end":{"line":329,"column":61}},"64":{"start":{"line":340,"column":47},"end":{"line":340,"column":67}}},"fnMap":{"0":{"name":"(anonymous_0)","decl":{"start":{"line":21,"column":5},"end":{"line":21,"column":6}},"loc":{"start":{"line":21,"column":57},"end":{"line":88,"column":1}}},"1":{"name":"(anonymous_1)","decl":{"start":{"line":24,"column":14},"end":{"line":24,"column":17}},"loc":{"start":{"line":24,"column":19},"end":{"line":28,"column":5}}},"2":{"name":"(anonymous_2)","decl":{"start":{"line":31,"column":17},"end":{"line":31,"column":18}},"loc":{"start":{"line":31,"column":29},"end":{"line":31,"column":47}}},"3":{"name":"(anonymous_3)","decl":{"start":{"line":32,"column":13},"end":{"line":32,"column":14}},"loc":{"start":{"line":32,"column":25},"end":{"line":32,"column":48}}},"4":{"name":"(anonymous_4)","decl":{"start":{"line":41,"column":43},"end":{"line":41,"column":44}},"loc":{"start":{"line":41,"column":55},"end":{"line":41,"column":73}}},"5":{"name":"(anonymous_5)","decl":{"start":{"line":41,"column":79},"end":{"line":41,"column":80}},"loc":{"start":{"line":41,"column":91},"end":{"line":41,"column":109}}},"6":{"name":"(anonymous_6)","decl":{"start":{"line":46,"column":25},"end":{"line":46,"column":28}},"loc":{"start":{"line":46,"column":31},"end":{"line":46,"column":57}}},"7":{"name":"(anonymous_7)","decl":{"start":{"line":70,"column":48},"end":{"line":70,"column":49}},"loc":{"start":{"line":71,"column":33},"end":{"line":71,"column":53}}},"8":{"name":"(anonymous_8)","decl":{"start":{"line":91,"column":61},"end":{"line":91,"column":62}},"loc":{"start":{"line":91,"column":80},"end":{"line":127,"column":1}}},"9":{"name":"(anonymous_9)","decl":{"start":{"line":129,"column":121},"end":{"line":129,"column":122}},"loc":{"start":{"line":129,"column":193},"end":{"line":145,"column":1}}},"10":{"name":"(anonymous_10)","decl":{"start":{"line":147,"column":58},"end":{"line":147,"column":59}},"loc":{"start":{"line":152,"column":5},"end":{"line":367,"column":1}}},"11":{"name":"(anonymous_11)","decl":{"start":{"line":157,"column":12},"end":{"line":157,"column":15}},"loc":{"start":{"line":157,"column":17},"end":{"line":161,"column":3}}},"12":{"name":"(anonymous_12)","decl":{"start":{"line":163,"column":20},"end":{"line":163,"column":21}},"loc":{"start":{"line":163,"column":41},"end":{"line":166,"column":3}}},"13":{"name":"(anonymous_13)","decl":{"start":{"line":168,"column":21},"end":{"line":168,"column":24}},"loc":{"start":{"line":168,"column":26},"end":{"line":171,"column":3}}},"14":{"name":"(anonymous_14)","decl":{"start":{"line":173,"column":19},"end":{"line":173,"column":20}},"loc":{"start":{"line":173,"column":34},"end":{"line":178,"column":3}}},"15":{"name":"(anonymous_15)","decl":{"start":{"line":187,"column":25},"end":{"line":187,"column":28}},"loc":{"start":{"line":187,"column":30},"end":{"line":193,"column":17}}},"16":{"name":"(anonymous_16)","decl":{"start":{"line":201,"column":22},"end":{"line":201,"column":23}},"loc":{"start":{"line":201,"column":37},"end":{"line":350,"column":9}}},"17":{"name":"(anonymous_17)","decl":{"start":{"line":202,"column":51},"end":{"line":202,"column":52}},"loc":{"start":{"line":202,"column":63},"end":{"line":202,"column":77}}},"18":{"name":"(anonymous_18)","decl":{"start":{"line":202,"column":83},"end":{"line":202,"column":84}},"loc":{"start":{"line":202,"column":95},"end":{"line":202,"column":109}}},"19":{"name":"(anonymous_19)","decl":{"start":{"line":224,"column":45},"end":{"line":224,"column":48}},"loc":{"start":{"line":224,"column":51},"end":{"line":224,"column":112}}},"20":{"name":"(anonymous_20)","decl":{"start":{"line":243,"column":42},"end":{"line":243,"column":43}},"loc":{"start":{"line":243,"column":49},"end":{"line":243,"column":76}}},"21":{"name":"(anonymous_21)","decl":{"start":{"line":250,"column":49},"end":{"line":250,"column":52}},"loc":{"start":{"line":250,"column":55},"end":{"line":250,"column":71}}},"22":{"name":"(anonymous_22)","decl":{"start":{"line":309,"column":47},"end":{"line":309,"column":48}},"loc":{"start":{"line":310,"column":36},"end":{"line":310,"column":75}}},"23":{"name":"(anonymous_23)","decl":{"start":{"line":329,"column":41},"end":{"line":329,"column":44}},"loc":{"start":{"line":329,"column":47},"end":{"line":329,"column":61}}},"24":{"name":"(anonymous_24)","decl":{"start":{"line":340,"column":41},"end":{"line":340,"column":44}},"loc":{"start":{"line":340,"column":47},"end":{"line":340,"column":67}}}},"branchMap":{"0":{"loc":{"start":{"line":22,"column":49},"end":{"line":22,"column":68}},"type":"binary-expr","locations":[{"start":{"line":22,"column":49},"end":{"line":22,"column":55}},{"start":{"line":22,"column":59},"end":{"line":22,"column":68}}]},"1":{"loc":{"start":{"line":25,"column":8},"end":{"line":27,"column":9}},"type":"if","locations":[{"start":{"line":25,"column":8},"end":{"line":27,"column":9}},{"start":{},"end":{}}]},"2":{"loc":{"start":{"line":25,"column":12},"end":{"line":25,"column":31}},"type":"binary-expr","locations":[{"start":{"line":25,"column":12},"end":{"line":25,"column":18}},{"start":{"line":25,"column":22},"end":{"line":25,"column":31}}]},"3":{"loc":{"start":{"line":35,"column":29},"end":{"line":35,"column":74}},"type":"binary-expr","locations":[{"start":{"line":35,"column":29},"end":{"line":35,"column":46}},{"start":{"line":35,"column":50},"end":{"line":35,"column":74}}]},"4":{"loc":{"start":{"line":36,"column":22},"end":{"line":36,"column":41}},"type":"binary-expr","locations":[{"start":{"line":36,"column":22},"end":{"line":36,"column":28}},{"start":{"line":36,"column":32},"end":{"line":36,"column":41}}]},"5":{"loc":{"start":{"line":37,"column":22},"end":{"line":39,"column":69}},"type":"cond-expr","locations":[{"start":{"line":38,"column":11},"end":{"line":38,"column":74}},{"start":{"line":39,"column":11},"end":{"line":39,"column":68}}]},"6":{"loc":{"start":{"line":38,"column":11},"end":{"line":38,"column":74}},"type":"cond-expr","locations":[{"start":{"line":38,"column":30},"end":{"line":38,"column":61}},{"start":{"line":38,"column":64},"end":{"line":38,"column":74}}]},"7":{"loc":{"start":{"line":39,"column":11},"end":{"line":39,"column":68}},"type":"cond-expr","locations":[{"start":{"line":39,"column":30},"end":{"line":39,"column":59}},{"start":{"line":39,"column":62},"end":{"line":39,"column":68}}]},"8":{"loc":{"start":{"line":48,"column":20},"end":{"line":50,"column":null}},"type":"cond-expr","locations":[{"start":{"line":49,"column":26},"end":{"line":49,"column":75}},{"start":{"line":50,"column":26},"end":{"line":50,"column":null}}]},"9":{"loc":{"start":{"line":53,"column":17},"end":{"line":53,"column":84}},"type":"cond-expr","locations":[{"start":{"line":53,"column":30},"end":{"line":53,"column":55}},{"start":{"line":53,"column":58},"end":{"line":53,"column":84}}]},"10":{"loc":{"start":{"line":54,"column":17},"end":{"line":57,"column":null}},"type":"cond-expr","locations":[{"start":{"line":55,"column":20},"end":{"line":55,"column":88}},{"start":{"line":57,"column":20},"end":{"line":57,"column":62}}]},"11":{"loc":{"start":{"line":62,"column":13},"end":{"line":84,"column":null}},"type":"binary-expr","locations":[{"start":{"line":62,"column":13},"end":{"line":62,"column":23}},{"start":{"line":63,"column":16},"end":{"line":83,"column":null}}]},"12":{"loc":{"start":{"line":65,"column":25},"end":{"line":65,"column":89}},"type":"binary-expr","locations":[{"start":{"line":65,"column":25},"end":{"line":65,"column":29}},{"start":{"line":65,"column":33},"end":{"line":65,"column":89}}]},"13":{"loc":{"start":{"line":67,"column":21},"end":{"line":73,"column":null}},"type":"binary-expr","locations":[{"start":{"line":67,"column":21},"end":{"line":67,"column":34}},{"start":{"line":67,"column":38},"end":{"line":67,"column":62}},{"start":{"line":68,"column":24},"end":{"line":72,"column":null}}]},"14":{"loc":{"start":{"line":77,"column":21},"end":{"line":82,"column":null}},"type":"binary-expr","locations":[{"start":{"line":77,"column":21},"end":{"line":77,"column":43}},{"start":{"line":78,"column":24},"end":{"line":81,"column":null}}]},"15":{"loc":{"start":{"line":106,"column":13},"end":{"line":115,"column":null}},"type":"binary-expr","locations":[{"start":{"line":106,"column":13},"end":{"line":106,"column":21}},{"start":{"line":107,"column":16},"end":{"line":114,"column":null}}]},"16":{"loc":{"start":{"line":120,"column":18},"end":{"line":122,"column":75}},"type":"cond-expr","locations":[{"start":{"line":121,"column":22},"end":{"line":121,"column":55}},{"start":{"line":122,"column":22},"end":{"line":122,"column":75}}]},"17":{"loc":{"start":{"line":129,"column":143},"end":{"line":129,"column":166}},"type":"default-arg","locations":[{"start":{"line":129,"column":151},"end":{"line":129,"column":166}}]},"18":{"loc":{"start":{"line":129,"column":168},"end":{"line":129,"column":187}},"type":"default-arg","locations":[{"start":{"line":129,"column":182},"end":{"line":129,"column":187}}]},"19":{"loc":{"start":{"line":130,"column":4},"end":{"line":130,"column":27}},"type":"if","locations":[{"start":{"line":130,"column":4},"end":{"line":130,"column":27}},{"start":{},"end":{}}]},"20":{"loc":{"start":{"line":134,"column":17},"end":{"line":134,"column":43}},"type":"binary-expr","locations":[{"start":{"line":134,"column":17},"end":{"line":134,"column":21}},{"start":{"line":134,"column":25},"end":{"line":134,"column":43}}]},"21":{"loc":{"start":{"line":135,"column":66},"end":{"line":135,"column":85}},"type":"binary-expr","locations":[{"start":{"line":135,"column":66},"end":{"line":135,"column":71}},{"start":{"line":135,"column":75},"end":{"line":135,"column":85}}]},"22":{"loc":{"start":{"line":140,"column":21},"end":{"line":140,"column":84}},"type":"cond-expr","locations":[{"start":{"line":140,"column":48},"end":{"line":140,"column":52}},{"start":{"line":140,"column":55},"end":{"line":140,"column":84}}]},"23":{"loc":{"start":{"line":158,"column":4},"end":{"line":160,"column":5}},"type":"if","locations":[{"start":{"line":158,"column":4},"end":{"line":160,"column":5}},{"start":{},"end":{}}]},"24":{"loc":{"start":{"line":174,"column":6},"end":{"line":177,"column":7}},"type":"if","locations":[{"start":{"line":174,"column":6},"end":{"line":177,"column":7}},{"start":{},"end":{}}]},"25":{"loc":{"start":{"line":174,"column":10},"end":{"line":174,"column":42}},"type":"binary-expr","locations":[{"start":{"line":174,"column":10},"end":{"line":174,"column":23}},{"start":{"line":174,"column":27},"end":{"line":174,"column":42}}]},"26":{"loc":{"start":{"line":182,"column":9},"end":{"line":198,"column":null}},"type":"binary-expr","locations":[{"start":{"line":182,"column":9},"end":{"line":182,"column":30}},{"start":{"line":183,"column":8},"end":{"line":197,"column":null}}]},"27":{"loc":{"start":{"line":189,"column":20},"end":{"line":192,"column":21}},"type":"if","locations":[{"start":{"line":189,"column":20},"end":{"line":192,"column":21}},{"start":{},"end":{}}]},"28":{"loc":{"start":{"line":207,"column":28},"end":{"line":207,"column":64}},"type":"cond-expr","locations":[{"start":{"line":207,"column":40},"end":{"line":207,"column":57}},{"start":{"line":207,"column":60},"end":{"line":207,"column":64}}]},"29":{"loc":{"start":{"line":210,"column":12},"end":{"line":234,"column":13}},"type":"if","locations":[{"start":{"line":210,"column":12},"end":{"line":234,"column":13}},{"start":{},"end":{}}]},"30":{"loc":{"start":{"line":221,"column":25},"end":{"line":230,"column":null}},"type":"binary-expr","locations":[{"start":{"line":221,"column":25},"end":{"line":221,"column":37}},{"start":{"line":222,"column":28},"end":{"line":229,"column":null}}]},"31":{"loc":{"start":{"line":224,"column":64},"end":{"line":224,"column":111}},"type":"cond-expr","locations":[{"start":{"line":224,"column":92},"end":{"line":224,"column":102}},{"start":{"line":224,"column":105},"end":{"line":224,"column":111}}]},"32":{"loc":{"start":{"line":237,"column":12},"end":{"line":255,"column":13}},"type":"if","locations":[{"start":{"line":237,"column":12},"end":{"line":255,"column":13}},{"start":{},"end":{}}]},"33":{"loc":{"start":{"line":261,"column":54},"end":{"line":261,"column":90}},"type":"cond-expr","locations":[{"start":{"line":261,"column":63},"end":{"line":261,"column":74}},{"start":{"line":261,"column":77},"end":{"line":261,"column":90}}]},"34":{"loc":{"start":{"line":264,"column":21},"end":{"line":267,"column":null}},"type":"binary-expr","locations":[{"start":{"line":264,"column":21},"end":{"line":264,"column":28}},{"start":{"line":264,"column":32},"end":{"line":264,"column":55}},{"start":{"line":265,"column":24},"end":{"line":266,"column":null}}]},"35":{"loc":{"start":{"line":272,"column":24},"end":{"line":280,"column":null}},"type":"cond-expr","locations":[{"start":{"line":273,"column":26},"end":{"line":273,"column":66}},{"start":{"line":274,"column":26},"end":{"line":280,"column":null}}]},"36":{"loc":{"start":{"line":274,"column":26},"end":{"line":280,"column":null}},"type":"cond-expr","locations":[{"start":{"line":275,"column":26},"end":{"line":279,"column":97}},{"start":{"line":280,"column":26},"end":{"line":280,"column":null}}]},"37":{"loc":{"start":{"line":275,"column":26},"end":{"line":279,"column":97}},"type":"cond-expr","locations":[{"start":{"line":276,"column":30},"end":{"line":276,"column":94}},{"start":{"line":277,"column":30},"end":{"line":279,"column":97}}]},"38":{"loc":{"start":{"line":277,"column":30},"end":{"line":279,"column":97}},"type":"cond-expr","locations":[{"start":{"line":278,"column":30},"end":{"line":278,"column":100}},{"start":{"line":279,"column":30},"end":{"line":279,"column":97}}]},"39":{"loc":{"start":{"line":284,"column":25},"end":{"line":298,"column":null}},"type":"binary-expr","locations":[{"start":{"line":284,"column":25},"end":{"line":284,"column":33}},{"start":{"line":284,"column":37},"end":{"line":284,"column":54}},{"start":{"line":285,"column":29},"end":{"line":297,"column":null}}]},"40":{"loc":{"start":{"line":286,"column":33},"end":{"line":290,"column":null}},"type":"cond-expr","locations":[{"start":{"line":287,"column":35},"end":{"line":287,"column":49}},{"start":{"line":288,"column":35},"end":{"line":290,"column":null}}]},"41":{"loc":{"start":{"line":288,"column":35},"end":{"line":290,"column":null}},"type":"cond-expr","locations":[{"start":{"line":289,"column":35},"end":{"line":289,"column":51}},{"start":{"line":290,"column":35},"end":{"line":290,"column":null}}]},"42":{"loc":{"start":{"line":292,"column":34},"end":{"line":292,"column":97}},"type":"binary-expr","locations":[{"start":{"line":292,"column":34},"end":{"line":292,"column":67}},{"start":{"line":292,"column":71},"end":{"line":292,"column":97}}]},"43":{"loc":{"start":{"line":293,"column":34},"end":{"line":297,"column":48}},"type":"cond-expr","locations":[{"start":{"line":294,"column":36},"end":{"line":294,"column":50}},{"start":{"line":295,"column":36},"end":{"line":297,"column":48}}]},"44":{"loc":{"start":{"line":295,"column":36},"end":{"line":297,"column":48}},"type":"cond-expr","locations":[{"start":{"line":296,"column":36},"end":{"line":296,"column":45}},{"start":{"line":297,"column":36},"end":{"line":297,"column":48}}]},"45":{"loc":{"start":{"line":302,"column":25},"end":{"line":303,"column":null}},"type":"binary-expr","locations":[{"start":{"line":302,"column":25},"end":{"line":302,"column":33}},{"start":{"line":303,"column":28},"end":{"line":303,"column":121}}]},"46":{"loc":{"start":{"line":307,"column":25},"end":{"line":312,"column":null}},"type":"binary-expr","locations":[{"start":{"line":307,"column":25},"end":{"line":307,"column":32}},{"start":{"line":307,"column":36},"end":{"line":307,"column":45}},{"start":{"line":307,"column":49},"end":{"line":307,"column":69}},{"start":{"line":308,"column":28},"end":{"line":311,"column":null}}]},"47":{"loc":{"start":{"line":317,"column":21},"end":{"line":322,"column":null}},"type":"binary-expr","locations":[{"start":{"line":317,"column":21},"end":{"line":317,"column":47}},{"start":{"line":318,"column":24},"end":{"line":321,"column":null}}]},"48":{"loc":{"start":{"line":321,"column":35},"end":{"line":321,"column":71}},"type":"cond-expr","locations":[{"start":{"line":321,"column":44},"end":{"line":321,"column":58}},{"start":{"line":321,"column":61},"end":{"line":321,"column":71}}]},"49":{"loc":{"start":{"line":326,"column":141},"end":{"line":326,"column":191}},"type":"cond-expr","locations":[{"start":{"line":326,"column":150},"end":{"line":326,"column":168}},{"start":{"line":326,"column":171},"end":{"line":326,"column":191}}]},"50":{"loc":{"start":{"line":327,"column":25},"end":{"line":334,"column":null}},"type":"binary-expr","locations":[{"start":{"line":327,"column":25},"end":{"line":327,"column":31}},{"start":{"line":327,"column":35},"end":{"line":327,"column":48}},{"start":{"line":328,"column":28},"end":{"line":333,"column":null}}]},"51":{"loc":{"start":{"line":338,"column":25},"end":{"line":345,"column":null}},"type":"binary-expr","locations":[{"start":{"line":338,"column":26},"end":{"line":338,"column":33}},{"start":{"line":338,"column":37},"end":{"line":338,"column":45}},{"start":{"line":338,"column":50},"end":{"line":338,"column":62}},{"start":{"line":339,"column":29},"end":{"line":344,"column":null}}]},"52":{"loc":{"start":{"line":352,"column":9},"end":{"line":362,"column":null}},"type":"binary-expr","locations":[{"start":{"line":352,"column":9},"end":{"line":352,"column":18}},{"start":{"line":353,"column":12},"end":{"line":361,"column":null}}]}},"s":{"0":0,"1":0,"2":0,"3":0,"4":0,"5":0,"6":0,"7":0,"8":0,"9":0,"10":0,"11":0,"12":0,"13":0,"14":0,"15":0,"16":0,"17":0,"18":0,"19":0,"20":0,"21":0,"22":0,"23":0,"24":0,"25":0,"26":0,"27":0,"28":0,"29":0,"30":0,"31":0,"32":0,"33":0,"34":0,"35":0,"36":0,"37":0,"38":0,"39":0,"40":0,"41":0,"42":0,"43":0,"44":0,"45":0,"46":0,"47":0,"48":0,"49":0,"50":0,"51":0,"52":0,"53":0,"54":0,"55":0,"56":0,"57":0,"58":0,"59":0,"60":0,"61":0,"62":0,"63":0,"64":0},"f":{"0":0,"1":0,"2":0,"3":0,"4":0,"5":0,"6":0,"7":0,"8":0,"9":0,"10":0,"11":0,"12":0,"13":0,"14":0,"15":0,"16":0,"17":0,"18":0,"19":0,"20":0,"21":0,"22":0,"23":0,"24":0},"b":{"0":[0,0],"1":[0,0],"2":[0,0],"3":[0,0],"4":[0,0],"5":[0,0],"6":[0,0],"7":[0,0],"8":[0,0],"9":[0,0],"10":[0,0],"11":[0,0],"12":[0,0],"13":[0,0,0],"14":[0,0],"15":[0,0],"16":[0,0],"17":[0],"18":[0],"19":[0,0],"20":[0,0],"21":[0,0],"22":[0,0],"23":[0,0],"24":[0,0],"25":[0,0],"26":[0,0],"27":[0,0],"28":[0,0],"29":[0,0],"30":[0,0],"31":[0,0],"32":[0,0],"33":[0,0],"34":[0,0,0],"35":[0,0],"36":[0,0],"37":[0,0],"38":[0,0],"39":[0,0,0],"40":[0,0],"41":[0,0],"42":[0,0],"43":[0,0],"44":[0,0],"45":[0,0],"46":[0,0,0,0],"47":[0,0],"48":[0,0],"49":[0,0],"50":[0,0,0],"51":[0,0,0,0],"52":[0,0]}}
,"C:\\Users\\shinobi\\Documents\\NovelIDE\\components\\AgentTodoList.tsx": {"path":"C:\\Users\\shinobi\\Documents\\NovelIDE\\components\\AgentTodoList.tsx","statementMap":{"0":{"start":{"line":10,"column":52},"end":{"line":51,"column":1}},"1":{"start":{"line":11,"column":38},"end":{"line":11,"column":52}},"2":{"start":{"line":12,"column":23},"end":{"line":12,"column":71}},"3":{"start":{"line":12,"column":41},"end":{"line":12,"column":63}},"4":{"start":{"line":14,"column":2},"end":{"line":50,"column":4}},"5":{"start":{"line":17,"column":27},"end":{"line":17,"column":53}},"6":{"start":{"line":36,"column":28},"end":{"line":36,"column":46}}},"fnMap":{"0":{"name":"(anonymous_0)","decl":{"start":{"line":10,"column":52},"end":{"line":10,"column":53}},"loc":{"start":{"line":10,"column":66},"end":{"line":51,"column":1}}},"1":{"name":"(anonymous_1)","decl":{"start":{"line":12,"column":36},"end":{"line":12,"column":37}},"loc":{"start":{"line":12,"column":41},"end":{"line":12,"column":63}}},"2":{"name":"(anonymous_2)","decl":{"start":{"line":17,"column":21},"end":{"line":17,"column":24}},"loc":{"start":{"line":17,"column":27},"end":{"line":17,"column":53}}},"3":{"name":"(anonymous_3)","decl":{"start":{"line":35,"column":35},"end":{"line":35,"column":39}},"loc":{"start":{"line":36,"column":28},"end":{"line":36,"column":46}}}},"branchMap":{"0":{"loc":{"start":{"line":21,"column":47},"end":{"line":21,"column":101}},"type":"cond-expr","locations":[{"start":{"line":21,"column":66},"end":{"line":21,"column":83}},{"start":{"line":21,"column":86},"end":{"line":21,"column":101}}]},"1":{"loc":{"start":{"line":24,"column":13},"end":{"line":24,"column":77}},"type":"cond-expr","locations":[{"start":{"line":24,"column":26},"end":{"line":24,"column":49}},{"start":{"line":24,"column":52},"end":{"line":24,"column":77}}]},"2":{"loc":{"start":{"line":27,"column":9},"end":{"line":47,"column":null}},"type":"binary-expr","locations":[{"start":{"line":27,"column":9},"end":{"line":27,"column":19}},{"start":{"line":28,"column":12},"end":{"line":46,"column":null}}]},"3":{"loc":{"start":{"line":29,"column":17},"end":{"line":45,"column":null}},"type":"cond-expr","locations":[{"start":{"line":30,"column":20},"end":{"line":30,"column":null}},{"start":{"line":34,"column":20},"end":{"line":44,"column":null}}]},"4":{"loc":{"start":{"line":37,"column":49},"end":{"line":37,"column":108}},"type":"cond-expr","locations":[{"start":{"line":37,"column":74},"end":{"line":37,"column":90}},{"start":{"line":37,"column":93},"end":{"line":37,"column":108}}]},"5":{"loc":{"start":{"line":38,"column":37},"end":{"line":38,"column":71}},"type":"cond-expr","locations":[{"start":{"line":38,"column":62},"end":{"line":38,"column":65}},{"start":{"line":38,"column":68},"end":{"line":38,"column":71}}]},"6":{"loc":{"start":{"line":40,"column":52},"end":{"line":40,"column":123}},"type":"cond-expr","locations":[{"start":{"line":40,"column":77},"end":{"line":40,"column":105}},{"start":{"line":40,"column":108},"end":{"line":40,"column":123}}]}},"s":{"0":0,"1":0,"2":0,"3":0,"4":0,"5":0,"6":0},"f":{"0":0,"1":0,"2":0,"3":0},"b":{"0":[0,0],"1":[0,0],"2":[0,0],"3":[0,0],"4":[0,0],"5":[0,0],"6":[0,0]}}
[...]
,"C:\\Users\\shinobi\\Documents\\NovelIDE\\utils\\exportUtils.ts": {"path":"C:\\Users\\shinobi\\Documents\\NovelIDE\\utils\\exportUtils.ts","statementMap":{"0":{"start":{"line":8,"column":24},"end":{"line":17,"column":1}},"1":{"start":{"line":9,"column":14},"end":{"line":9,"column":39}},"2":{"start":{"line":10,"column":12},"end":{"line":10,"column":39}},"3":{"start":{"line":11,"column":2},"end":{"line":11,"column":15}},"4":{"start":{"line":12,"column":2},"end":{"line":12,"column":24}},"5":{"start":{"line":13,"column":2},"end":{"line":13,"column":31}},"6":{"start":{"line":14,"column":2},"end":{"line":14,"column":12}},"7":{"start":{"line":15,"column":2},"end":{"line":15,"column":31}},"8":{"start":{"line":16,"column":2},"end":{"line":16,"column":27}},"9":{"start":{"line":22,"column":34},"end":{"line":28,"column":1}},"10":{"start":{"line":23,"column":2},"end":{"line":23,"column":42}},"11":{"start":{"line":23,"column":35},"end":{"line":23,"column":42}},"12":{"start":{"line":25,"column":18},"end":{"line":25,"column":36}},"13":{"start":{"line":26,"column":15},"end":{"line":26,"column":75}},"14":{"start":{"line":27,"column":2},"end":{"line":27,"column":35}},"15":{"start":{"line":33,"column":35},"end":{"line":66,"column":1}},"16":{"start":{"line":34,"column":18},"end":{"line":34,"column":65}},"17":{"start":{"line":35,"column":16},"end":{"line":35,"column":55}},"18":{"start":{"line":36,"column":2},"end":{"line":36,"column":94}},"19":{"start":{"line":37,"column":2},"end":{"line":37,"column":23}},"20":{"start":{"line":39,"column":2},"end":{"line":59,"column":5}},"21":{"start":{"line":40,"column":44},"end":{"line":44,"column":6}},"22":{"start":{"line":46,"column":21},"end":{"line":46,"column":50}},"23":{"start":{"line":47,"column":20},"end":{"line":47,"column":64}},"24":{"start":{"line":49,"column":4},"end":{"line":49,"column":115}},"25":{"start":{"line":52,"column":4},"end":{"line":56,"column":5}},"26":{"start":{"line":53,"column":8},"end":{"line":53,"column":62}},"27":{"start":{"line":55,"column":8},"end":{"line":55,"column":37}},"28":{"start":{"line":58,"column":4},"end":{"line":58,"column":25}},"29":{"start":{"line":61,"column":20},"end":{"line":61,"column":111}},"30":{"start":{"line":62,"column":19},"end":{"line":62,"column":36}},"31":{"start":{"line":64,"column":15},"end":{"line":64,"column":75}},"32":{"start":{"line":65,"column":2},"end":{"line":65,"column":34}},"33":{"start":{"line":71,"column":23},"end":{"line":87,"column":1}},"34":{"start":{"line":73,"column":19},"end":{"line":73,"column":64}},"35":{"start":{"line":73,"column":40},"end":{"line":73,"column":63}},"36":{"start":{"line":75,"column":2},"end":{"line":86,"column":5}},"37":{"start":{"line":76,"column":4},"end":{"line":85,"column":5}},"38":{"start":{"line":78,"column":6},"end":{"line":78,"column":54}},"39":{"start":{"line":81,"column":24},"end":{"line":81,"column":52}},"40":{"start":{"line":82,"column":6},"end":{"line":84,"column":7}},"41":{"start":{"line":83,"column":8},"end":{"line":83,"column":54}},"42":{"start":{"line":92,"column":35},"end":{"line":109,"column":1}},"43":{"start":{"line":93,"column":2},"end":{"line":93,"column":50}},"44":{"start":{"line":93,"column":43},"end":{"line":93,"column":50}},"45":{"start":{"line":95,"column":14},"end":{"line":95,"column":25}},"46":{"start":{"line":102,"column":21},"end":{"line":102,"column":48}},"47":{"start":{"line":103,"column":2},"end":{"line":105,"column":3}},"48":{"start":{"line":104,"column":4},"end":{"line":104,"column":56}},"49":{"start":{"line":107,"column":18},"end":{"line":107,"column":59}},"50":{"start":{"line":108,"column":2},"end":{"line":108,"column":53}},"51":{"start":{"line":114,"column":36},"end":{"line":121,"column":1}},"52":{"start":{"line":115,"column":16},"end":{"line":115,"column":27}},"53":{"start":{"line":117,"column":4},"end":{"line":117,"column":42}},"54":{"start":{"line":119,"column":20},"end":{"line":119,"column":61}},"55":{"start":{"line":120,"column":4},"end":{"line":120,"column":51}}},"fnMap":{"0":{"name":"(anonymous_0)","decl":{"start":{"line":8,"column":24},"end":{"line":8,"column":25}},"loc":{"start":{"line":8,"column":57},"end":{"line":17,"column":1}}},"1":{"name":"(anonymous_1)","decl":{"start":{"line":22,"column":34},"end":{"line":22,"column":35}},"loc":{"start":{"line":22,"column":53},"end":{"line":28,"column":1}}},"2":{"name":"(anonymous_2)","decl":{"start":{"line":33,"column":35},"end":{"line":33,"column":36}},"loc":{"start":{"line":33,"column":60},"end":{"line":66,"column":1}}},"3":{"name":"(anonymous_3)","decl":{"start":{"line":39,"column":27},"end":{"line":39,"column":30}},"loc":{"start":{"line":39,"column":33},"end":{"line":59,"column":3}}},"4":{"name":"(anonymous_4)","decl":{"start":{"line":71,"column":23},"end":{"line":71,"column":24}},"loc":{"start":{"line":71,"column":84},"end":{"line":87,"column":1}}},"5":{"name":"(anonymous_5)","decl":{"start":{"line":73,"column":35},"end":{"line":73,"column":36}},"loc":{"start":{"line":73,"column":40},"end":{"line":73,"column":63}}},"6":{"name":"(anonymous_6)","decl":{"start":{"line":75,"column":19},"end":{"line":75,"column":24}},"loc":{"start":{"line":75,"column":27},"end":{"line":86,"column":3}}},"7":{"name":"(anonymous_7)","decl":{"start":{"line":92,"column":35},"end":{"line":92,"column":40}},"loc":{"start":{"line":92,"column":88},"end":{"line":109,"column":1}}},"8":{"name":"(anonymous_8)","decl":{"start":{"line":114,"column":36},"end":{"line":114,"column":41}},"loc":{"start":{"line":114,"column":88},"end":{"line":121,"column":1}}}},"branchMap":{"0":{"loc":{"start":{"line":23,"column":2},"end":{"line":23,"column":42}},"type":"if","locations":[{"start":{"line":23,"column":2},"end":{"line":23,"column":42}},{"start":{},"end":{}}]},"1":{"loc":{"start":{"line":25,"column":18},"end":{"line":25,"column":36}},"type":"binary-expr","locations":[{"start":{"line":25,"column":18},"end":{"line":25,"column":30}},{"start":{"line":25,"column":34},"end":{"line":25,"column":36}}]},"2":{"loc":{"start":{"line":35,"column":27},"end":{"line":35,"column":51}},"type":"binary-expr","locations":[{"start":{"line":35,"column":27},"end":{"line":35,"column":40}},{"start":{"line":35,"column":44},"end":{"line":35,"column":51}}]},"3":{"loc":{"start":{"line":46,"column":21},"end":{"line":46,"column":50}},"type":"binary-expr","locations":[{"start":{"line":46,"column":21},"end":{"line":46,"column":38}},{"start":{"line":46,"column":42},"end":{"line":46,"column":50}}]},"4":{"loc":{"start":{"line":52,"column":4},"end":{"line":56,"column":5}},"type":"if","locations":[{"start":{"line":52,"column":4},"end":{"line":56,"column":5}},{"start":{"line":54,"column":11},"end":{"line":56,"column":5}}]},"5":{"loc":{"start":{"line":52,"column":8},"end":{"line":52,"column":49}},"type":"binary-expr","locations":[{"start":{"line":52,"column":8},"end":{"line":52,"column":29}},{"start":{"line":52,"column":33},"end":{"line":52,"column":49}}]},"6":{"loc":{"start":{"line":61,"column":21},"end":{"line":61,"column":52}},"type":"binary-expr","locations":[{"start":{"line":61,"column":21},"end":{"line":61,"column":34}},{"start":{"line":61,"column":38},"end":{"line":61,"column":52}}]},"7":{"loc":{"start":{"line":76,"column":4},"end":{"line":85,"column":5}},"type":"if","locations":[{"start":{"line":76,"column":4},"end":{"line":85,"column":5}},{"start":{"line":79,"column":11},"end":{"line":85,"column":5}}]},"8":{"loc":{"start":{"line":78,"column":33},"end":{"line":78,"column":52}},"type":"binary-expr","locations":[{"start":{"line":78,"column":33},"end":{"line":78,"column":46}},{"start":{"line":78,"column":50},"end":{"line":78,"column":52}}]},"9":{"loc":{"start":{"line":82,"column":6},"end":{"line":84,"column":7}},"type":"if","locations":[{"start":{"line":82,"column":6},"end":{"line":84,"column":7}},{"start":{},"end":{}}]},"10":{"loc":{"start":{"line":93,"column":2},"end":{"line":93,"column":50}},"type":"if","locations":[{"start":{"line":93,"column":2},"end":{"line":93,"column":50}},{"start":{},"end":{}}]},"11":{"loc":{"start":{"line":103,"column":2},"end":{"line":105,"column":3}},"type":"if","locations":[{"start":{"line":103,"column":2},"end":{"line":105,"column":3}},{"start":{},"end":{}}]}},"s":{"0":0,"1":0,"2":0,"3":0,"4":0,"5":0,"6":0,"7":0,"8":0,"9":0,"10":0,"11":0,"12":0,"13":0,"14":0,"15":0,"16":0,"17":0,"18":0,"19":0,"20":0,"21":0,"22":0,"23":0,"24":0,"25":0,"26":0,"27":0,"28":0,"29":0,"30":0,"31":0,"32":0,"33":0,"34":0,"35":0,"36":0,"37":0,"38":0,"39":0,"40":0,"41":0,"42":0,"43":0,"44":0,"45":0,"46":0,"47":0,"48":0,"49":0,"50":0,"51":0,"52":0,"53":0,"54":0,"55":0},"f":{"0":0,"1":0,"2":0,"3":0,"4":0,"5":0,"6":0,"7":0,"8":0},"b":{"0":[0,0],"1":[0,0],"2":[0,0],"3":[0,0],"4":[0,0],"5":[0,0],"6":[0,0],"7":[0,0],"8":[0,0],"9":[0,0],"10":[0,0],"11":[0,0]}}
,"C:\\Users\\shinobi\\Documents\\NovelIDE\\utils\\frontmatter.ts": {"path":"C:\\Users\\shinobi\\Documents\\NovelIDE\\utils\\frontmatter.ts","statementMap":{"0":{"start":{"line":2,"column":0},"end":{"line":2,"column":27}},"1":{"start":{"line":8,"column":32},"end":{"line":25,"column":1}},"2":{"start":{"line":9,"column":2},"end":{"line":9,"column":26}},"3":{"start":{"line":9,"column":16},"end":{"line":9,"column":26}},"4":{"start":{"line":12,"column":27},"end":{"line":12,"column":62}},"5":{"start":{"line":13,"column":16},"end":{"line":13,"column":47}},"6":{"start":{"line":15,"column":2},"end":{"line":23,"column":3}},"7":{"start":{"line":16,"column":4},"end":{"line":22,"column":5}},"8":{"start":{"line":17,"column":21},"end":{"line":17,"column":40}},"9":{"start":{"line":18,"column":6},"end":{"line":18,"column":91}},"10":{"start":{"line":20,"column":6},"end":{"line":20,"column":50}},"11":{"start":{"line":21,"column":6},"end":{"line":21,"column":16}},"12":{"start":{"line":24,"column":2},"end":{"line":24,"column":12}},"13":{"start":{"line":8,"column":13},"end":{"line":8,"column":32}},"14":{"start":{"line":31,"column":33},"end":{"line":43,"column":1}},"15":{"start":{"line":32,"column":27},"end":{"line":32,"column":62}},"16":{"start":{"line":33,"column":16},"end":{"line":33,"column":47}},"17":{"start":{"line":35,"column":13},"end":{"line":35,"column":20}},"18":{"start":{"line":36,"column":2},"end":{"line":38,"column":3}},"19":{"start":{"line":37,"column":4},"end":{"line":37,"column":49}},"20":{"start":{"line":41,"column":18},"end":{"line":41,"column":63}},"21":{"start":{"line":42,"column":2},"end":{"line":42,"column":41}},"22":{"start":{"line":31,"column":13},"end":{"line":31,"column":33}}},"fnMap":{"0":{"name":"(anonymous_1)","decl":{"start":{"line":8,"column":32},"end":{"line":8,"column":33}},"loc":{"start":{"line":8,"column":66},"end":{"line":25,"column":1}}},"1":{"name":"(anonymous_2)","decl":{"start":{"line":31,"column":33},"end":{"line":31,"column":34}},"loc":{"start":{"line":31,"column":85},"end":{"line":43,"column":1}}}},"branchMap":{"0":{"loc":{"start":{"line":9,"column":2},"end":{"line":9,"column":26}},"type":"if","locations":[{"start":{"line":9,"column":2},"end":{"line":9,"column":26}},{"start":{},"end":{}}]},"1":{"loc":{"start":{"line":15,"column":2},"end":{"line":23,"column":3}},"type":"if","locations":[{"start":{"line":15,"column":2},"end":{"line":23,"column":3}},{"start":{},"end":{}}]},"2":{"loc":{"start":{"line":18,"column":13},"end":{"line":18,"column":90}},"type":"cond-expr","locations":[{"start":{"line":18,"column":63},"end":{"line":18,"column":85}},{"start":{"line":18,"column":88},"end":{"line":18,"column":90}}]},"3":{"loc":{"start":{"line":18,"column":14},"end":{"line":18,"column":59}},"type":"binary-expr","locations":[{"start":{"line":18,"column":14},"end":{"line":18,"column":40}},{"start":{"line":18,"column":44},"end":{"line":18,"column":59}}]},"4":{"loc":{"start":{"line":36,"column":2},"end":{"line":38,"column":3}},"type":"if","locations":[{"start":{"line":36,"column":2},"end":{"line":38,"column":3}},{"start":{},"end":{}}]}},"s":{"0":1,"1":1,"2":41,"3":0,"4":41,"5":41,"6":41,"7":30,"8":30,"9":30,"10":0,"11":0,"12":11,"13":1,"14":1,"15":0,"16":0,"17":0,"18":0,"19":0,"20":0,"21":0,"22":1},"f":{"0":41,"1":0},"b":{"0":[0,41],"1":[30,11],"2":[30,0],"3":[30,30],"4":[0,0]}}
,"C:\\Users\\shinobi\\Documents\\NovelIDE\\utils\\patchQueue.ts": {"path":"C:\\Users\\shinobi\\Documents\\NovelIDE\\utils\\patchQueue.ts","statementMap":{"0":{"start":{"line":19,"column":31},"end":{"line":39,"column":1}},"1":{"start":{"line":20,"column":15},"end":{"line":20,"column":37}},"2":{"start":{"line":23,"column":24},"end":{"line":23,"column":89}},"3":{"start":{"line":23,"column":63},"end":{"line":23,"column":88}},"4":{"start":{"line":25,"column":2},"end":{"line":36,"column":3}},"5":{"start":{"line":26,"column":4},"end":{"line":34,"column":5}},"6":{"start":{"line":28,"column":6},"end":{"line":33,"column":8}},"7":{"start":{"line":38,"column":2},"end":{"line":38,"column":16}},"8":{"start":{"line":45,"column":34},"end":{"line":50,"column":1}},"9":{"start":{"line":46,"column":2},"end":{"line":49,"column":16}},"10":{"start":{"line":47,"column":17},"end":{"line":47,"column":36}},"11":{"start":{"line":48,"column":14},"end":{"line":48,"column":23}},"12":{"start":{"line":55,"column":31},"end":{"line":57,"column":1}},"13":{"start":{"line":56,"column":2},"end":{"line":56,"column":77}},"14":{"start":{"line":63,"column":36},"end":{"line":70,"column":1}},"15":{"start":{"line":69,"column":2},"end":{"line":69,"column":43}},"16":{"start":{"line":76,"column":35},"end":{"line":123,"column":1}},"17":{"start":{"line":85,"column":2},"end":{"line":85,"column":47}},"18":{"start":{"line":85,"column":28},"end":{"line":85,"column":47}},"19":{"start":{"line":88,"column":24},"end":{"line":88,"column":78}},"20":{"start":{"line":88,"column":52},"end":{"line":88,"column":77}},"21":{"start":{"line":90,"column":15},"end":{"line":90,"column":26}},"22":{"start":{"line":92,"column":2},"end":{"line":120,"column":3}},"23":{"start":{"line":93,"column":4},"end":{"line":119,"column":5}},"24":{"start":{"line":95,"column":6},"end":{"line":95,"column":39}},"25":{"start":{"line":96,"column":11},"end":{"line":119,"column":5}},"26":{"start":{"line":100,"column":6},"end":{"line":100,"column":108}},"27":{"start":{"line":101,"column":6},"end":{"line":101,"column":15}},"28":{"start":{"line":102,"column":11},"end":{"line":119,"column":5}},"29":{"start":{"line":104,"column":20},"end":{"line":104,"column":44}},"30":{"start":{"line":105,"column":6},"end":{"line":118,"column":7}},"31":{"start":{"line":107,"column":28},"end":{"line":107,"column":80}},"32":{"start":{"line":107,"column":54},"end":{"line":107,"column":79}},"33":{"start":{"line":108,"column":20},"end":{"line":108,"column":38}},"34":{"start":{"line":110,"column":8},"end":{"line":115,"column":9}},"35":{"start":{"line":111,"column":27},"end":{"line":111,"column":58}},"36":{"start":{"line":112,"column":30},"end":{"line":112,"column":76}},"37":{"start":{"line":113,"column":27},"end":{"line":113,"column":77}},"38":{"start":{"line":114,"column":10},"end":{"line":114,"column":59}},"39":{"start":{"line":117,"column":8},"end":{"line":117,"column":34}},"40":{"start":{"line":122,"column":2},"end":{"line":122,"column":16}}},"fnMap":{"0":{"name":"(anonymous_0)","decl":{"start":{"line":19,"column":31},"end":{"line":19,"column":32}},"loc":{"start":{"line":19,"column":69},"end":{"line":39,"column":1}}},"1":{"name":"(anonymous_1)","decl":{"start":{"line":23,"column":53},"end":{"line":23,"column":54}},"loc":{"start":{"line":23,"column":63},"end":{"line":23,"column":88}}},"2":{"name":"(anonymous_2)","decl":{"start":{"line":45,"column":34},"end":{"line":45,"column":35}},"loc":{"start":{"line":45,"column":96},"end":{"line":50,"column":1}}},"3":{"name":"(anonymous_3)","decl":{"start":{"line":47,"column":12},"end":{"line":47,"column":13}},"loc":{"start":{"line":47,"column":17},"end":{"line":47,"column":36}}},"4":{"name":"(anonymous_4)","decl":{"start":{"line":48,"column":9},"end":{"line":48,"column":10}},"loc":{"start":{"line":48,"column":14},"end":{"line":48,"column":23}}},"5":{"name":"(anonymous_5)","decl":{"start":{"line":55,"column":31},"end":{"line":55,"column":42}},"loc":{"start":{"line":55,"column":44},"end":{"line":57,"column":1}}},"6":{"name":"(anonymous_6)","decl":{"start":{"line":63,"column":36},"end":{"line":63,"column":null}},"loc":{"start":{"line":67,"column":13},"end":{"line":70,"column":1}}},"7":{"name":"(anonymous_7)","decl":{"start":{"line":76,"column":35},"end":{"line":76,"column":null}},"loc":{"start":{"line":84,"column":12},"end":{"line":123,"column":1}}},"8":{"name":"(anonymous_8)","decl":{"start":{"line":88,"column":42},"end":{"line":88,"column":43}},"loc":{"start":{"line":88,"column":52},"end":{"line":88,"column":77}}},"9":{"name":"(anonymous_9)","decl":{"start":{"line":107,"column":44},"end":{"line":107,"column":45}},"loc":{"start":{"line":107,"column":54},"end":{"line":107,"column":79}}}},"branchMap":{"0":{"loc":{"start":{"line":26,"column":4},"end":{"line":34,"column":5}},"type":"if","locations":[{"start":{"line":26,"column":4},"end":{"line":34,"column":5}},{"start":{},"end":{}}]},"1":{"loc":{"start":{"line":30,"column":8},"end":{"line":30,"column":67}},"type":"cond-expr","locations":[{"start":{"line":30,"column":40},"end":{"line":30,"column":41}},{"start":{"line":30,"column":44},"end":{"line":30,"column":67}}]},"2":{"loc":{"start":{"line":31,"column":8},"end":{"line":31,"column":63}},"type":"cond-expr","locations":[{"start":{"line":31,"column":38},"end":{"line":31,"column":39}},{"start":{"line":31,"column":42},"end":{"line":31,"column":63}}]},"3":{"loc":{"start":{"line":85,"column":2},"end":{"line":85,"column":47}},"type":"if","locations":[{"start":{"line":85,"column":2},"end":{"line":85,"column":47}},{"start":{},"end":{}}]},"4":{"loc":{"start":{"line":93,"column":4},"end":{"line":119,"column":5}},"type":"if","locations":[{"start":{"line":93,"column":4},"end":{"line":119,"column":5}},{"start":{"line":96,"column":11},"end":{"line":119,"column":5}}]},"5":{"loc":{"start":{"line":95,"column":15},"end":{"line":95,"column":38}},"type":"binary-expr","locations":[{"start":{"line":95,"column":15},"end":{"line":95,"column":32}},{"start":{"line":95,"column":36},"end":{"line":95,"column":38}}]},"6":{"loc":{"start":{"line":96,"column":11},"end":{"line":119,"column":5}},"type":"if","locations":[{"start":{"line":96,"column":11},"end":{"line":119,"column":5}},{"start":{"line":102,"column":11},"end":{"line":119,"column":5}}]},"7":{"loc":{"start":{"line":102,"column":11},"end":{"line":119,"column":5}},"type":"if","locations":[{"start":{"line":102,"column":11},"end":{"line":119,"column":5}},{"start":{},"end":{}}]},"8":{"loc":{"start":{"line":104,"column":20},"end":{"line":104,"column":44}},"type":"binary-expr","locations":[{"start":{"line":104,"column":20},"end":{"line":104,"column":38}},{"start":{"line":104,"column":42},"end":{"line":104,"column":44}}]},"9":{"loc":{"start":{"line":105,"column":6},"end":{"line":118,"column":7}},"type":"if","locations":[{"start":{"line":105,"column":6},"end":{"line":118,"column":7}},{"start":{},"end":{}}]},"10":{"loc":{"start":{"line":113,"column":27},"end":{"line":113,"column":77}},"type":"cond-expr","locations":[{"start":{"line":113,"column":45},"end":{"line":113,"column":72}},{"start":{"line":113,"column":75},"end":{"line":113,"column":77}}]}},"s":{"0":0,"1":0,"2":0,"3":0,"4":0,"5":0,"6":0,"7":0,"8":0,"9":0,"10":0,"11":0,"12":0,"13":0,"14":0,"15":0,"16":0,"17":0,"18":0,"19":0,"20":0,"21":0,"22":0,"23":0,"24":0,"25":0,"26":0,"27":0,"28":0,"29":0,"30":0,"31":0,"32":0,"33":0,"34":0,"35":0,"36":0,"37":0,"38":0,"39":0,"40":0},"f":{"0":0,"1":0,"2":0,"3":0,"4":0,"5":0,"6":0,"7":0,"8":0,"9":0},"b":{"0":[0,0],"1":[0,0],"2":[0,0],"3":[0,0],"4":[0,0],"5":[0,0],"6":[0,0],"7":[0,0],"8":[0,0],"9":[0,0],"10":[0,0]}}
}
