TN:
SF:App.tsx
FN:8,App
FN:9,(anonymous_1)
FN:10,(anonymous_2)
FN:11,(anonymous_3)
FN:12,(anonymous_4)
FN:15,(anonymous_5)
FN:20,(anonymous_6)
FN:24,(anonymous_7)
FNF:8
FNH:0
FNDA:0,App
FNDA:0,(anonymous_1)
FNDA:0,(anonymous_2)
FNDA:0,(anonymous_3)
FNDA:0,(anonymous_4)
FNDA:0,(anonymous_5)
FNDA:0,(anonymous_6)
FNDA:0,(anonymous_7)
DA:9,0
DA:10,0
DA:11,0
DA:12,0
DA:15,0
DA:16,0
DA:17,0
DA:20,0
DA:21,0
DA:24,0
DA:25,0
DA:28,0
LF:12
LH:0
BRDA:30,0,0,0
BRDA:30,0,1,0
BRF:2
BRH:0
end_of_record
TN:
SF:index.tsx
FNF:0
FNH:0
DA:5,0
DA:6,0
DA:7,0
DA:10,0
DA:11,0
LF:5
LH:0
BRDA:6,0,0,0
BRDA:6,0,1,0
BRF:2
BRH:0
end_of_record
TN:
SF:types.ts
FN:2,(anonymous_0)
FN:100,(anonymous_1)
FNF:2
FNH:2
FNDA:2,(anonymous_0)
FNDA:2,(anonymous_1)
DA:2,2
DA:3,2
DA:4,2
DA:100,2
DA:101,2
DA:102,2
DA:127,2
LF:7
LH:7
BRDA:2,0,0,2
BRDA:2,0,1,2
BRDA:100,1,0,2
BRDA:100,1,1,2
BRF:4
BRH:4
end_of_record
TN:
SF:vite.config.ts
FN:5,(anonymous_0)
FNF:1
FNH:0
FNDA:0,(anonymous_0)
DA:6,0
DA:7,0
LF:2
LH:0
BRF:0
BRH:0
end_of_record
TN:
SF:components\AISettingsForm.tsx
FN:12,(anonymous_0)
FN:22,(anonymous_1)
FN:28,(anonymous_2)
FN:34,(anonymous_3)
FN:47,(anonymous_4)
FN:56,(anonymous_5)
FN:63,(anonymous_6)
FN:70,(anonymous_7)
FN:71,(anonymous_8)
FN:78,(anonymous_9)
FN:79,(anonymous_10)
FN:81,(anonymous_11)
FN:104,(anonymous_12)
FN:115,(anonymous_13)
FN:139,(anonymous_14)
FN:144,(anonymous_15)
FN:159,(anonymous_16)
FN:178,(anonymous_17)
FN:178,(anonymous_18)
FN:181,(anonymous_19)
FN:207,(anonymous_20)
FN:211,(anonymous_21)
FN:216,(anonymous_22)
FN:235,(anonymous_23)
FN:249,(anonymous_24)
FN:254,(anonymous_25)
FN:269,(anonymous_26)
FN:292,(anonymous_27)
FN:315,(anonymous_28)
FNF:29
FNH:0
FNDA:0,(anonymous_0)
FNDA:0,(anonymous_1)
FNDA:0,(anonymous_2)
FNDA:0,(anonymous_3)
FNDA:0,(anonymous_4)
FNDA:0,(anonymous_5)
FNDA:0,(anonymous_6)
FNDA:0,(anonymous_7)
FNDA:0,(anonymous_8)
FNDA:0,(anonymous_9)
FNDA:0,(anonymous_10)
FNDA:0,(anonymous_11)
FNDA:0,(anonymous_12)
FNDA:0,(anonymous_13)
FNDA:0,(anonymous_14)
FNDA:0,(anonymous_15)
FNDA:0,(anonymous_16)
FNDA:0,(anonymous_17)
FNDA:0,(anonymous_18)
FNDA:0,(anonymous_19)
FNDA:0,(anonymous_20)
FNDA:0,(anonymous_21)
FNDA:0,(anonymous_22)
FNDA:0,(anonymous_23)
FNDA:0,(anonymous_24)
FNDA:0,(anonymous_25)
FNDA:0,(anonymous_26)
FNDA:0,(anonymous_27)
FNDA:0,(anonymous_28)
DA:12,0
DA:13,0
DA:14,0
DA:15,0
DA:18,0
DA:19,0
DA:22,0
DA:25,0
DA:28,0
DA:29,0
DA:34,0
DA:36,0
DA:38,0
DA:39,0
DA:40,0
DA:41,0
DA:44,0
DA:47,0
DA:48,0
DA:49,0
DA:56,0
DA:63,0
DA:64,0
DA:65,0
DA:66,0
DA:68,0
DA:70,0
DA:71,0
DA:78,0
DA:79,0
DA:82,0
DA:87,0
DA:104,0
DA:115,0
DA:139,0
DA:144,0
DA:159,0
DA:178,0
DA:182,0
DA:207,0
DA:211,0
DA:216,0
DA:235,0
DA:249,0
DA:254,0
DA:269,0
DA:292,0
DA:315,0
LF:48
LH:0
BRDA:18,0,0,0
BRDA:18,0,1,0
BRDA:29,1,0,0
BRDA:29,1,1,0
BRDA:29,2,0,0
BRDA:29,2,1,0
BRDA:38,3,0,0
BRDA:38,3,1,0
BRDA:38,4,0,0
BRDA:38,4,1,0
BRDA:58,5,0,0
BRDA:58,5,1,0
BRDA:64,6,0,0
BRDA:64,6,1,0
BRDA:64,7,0,0
BRDA:64,7,1,0
BRDA:68,8,0,0
BRDA:68,8,1,0
BRDA:82,9,0,0
BRDA:82,9,1,0
BRDA:106,10,0,0
BRDA:106,10,1,0
BRDA:117,11,0,0
BRDA:117,11,1,0
BRDA:129,12,0,0
BRDA:129,12,1,0
BRDA:137,13,0,0
BRDA:137,13,1,0
BRDA:147,14,0,0
BRDA:147,14,1,0
BRDA:168,15,0,0
BRDA:168,15,1,0
BRDA:168,15,2,0
BRDA:202,16,0,0
BRDA:202,16,1,0
BRDA:247,17,0,0
BRDA:247,17,1,0
BRDA:257,18,0,0
BRDA:257,18,1,0
BRDA:283,19,0,0
BRDA:283,19,1,0
BRDA:291,20,0,0
BRDA:291,20,1,0
BRDA:300,21,0,0
BRDA:300,21,1,0
BRDA:314,22,0,0
BRDA:314,22,1,0
BRDA:315,23,0,0
BRDA:315,23,1,0
BRF:49
BRH:0
end_of_record
TN:
SF:components\APIInputView.tsx
FN:10,(anonymous_0)
FN:28,(anonymous_1)
FN:34,(anonymous_2)
FNF:3
FNH:0
FNDA:0,(anonymous_0)
FNDA:0,(anonymous_1)
FNDA:0,(anonymous_2)
DA:10,0
DA:11,0
DA:12,0
DA:28,0
DA:29,0
DA:31,0
DA:34,0
LF:7
LH:0
BRDA:10,0,0,0
BRDA:10,1,0,0
BRDA:11,2,0,0
BRDA:11,2,1,0
BRDA:15,3,0,0
BRDA:15,3,1,0
BRDA:16,4,0,0
BRDA:16,4,1,0
BRDA:21,5,0,0
BRDA:21,5,1,0
BRDA:28,6,0,0
BRDA:37,7,0,0
BRDA:37,7,1,0
BRDA:43,8,0,0
BRDA:43,8,1,0
BRF:15
BRH:0
end_of_record
TN:
SF:components\AgentChat.tsx
FN:44,(anonymous_0)
FN:68,(anonymous_1)
FN:70,(anonymous_2)
FN:76,(anonymous_3)
FN:96,(anonymous_4)
FN:104,(anonymous_5)
FN:109,(anonymous_6)
FN:110,(anonymous_7)
FN:117,(anonymous_8)
FN:172,(anonymous_9)
FN:193,(anonymous_10)
FN:205,(anonymous_11)
FN:208,(anonymous_12)
FN:228,(anonymous_13)
FN:235,(anonymous_14)
FN:257,(anonymous_15)
FN:260,(anonymous_16)
FNF:17
FNH:0
FNDA:0,(anonymous_0)
FNDA:0,(anonymous_1)
FNDA:0,(anonymous_2)
FNDA:0,(anonymous_3)
FNDA:0,(anonymous_4)
FNDA:0,(anonymous_5)
FNDA:0,(anonymous_6)
FNDA:0,(anonymous_7)
FNDA:0,(anonymous_8)
FNDA:0,(anonymous_9)
FNDA:0,(anonymous_10)
FNDA:0,(anonymous_11)
FNDA:0,(anonymous_12)
FNDA:0,(anonymous_13)
FNDA:0,(anonymous_14)
FNDA:0,(anonymous_15)
FNDA:0,(anonymous_16)
DA:44,0
DA:65,0
DA:68,0
DA:70,0
DA:72,0
DA:74,0
DA:76,0
DA:77,0
DA:78,0
DA:80,0
DA:83,0
DA:88,0
DA:91,0
DA:92,0
DA:96,0
DA:97,0
DA:99,0
DA:100,0
DA:104,0
DA:105,0
DA:106,0
DA:109,0
DA:110,0
DA:111,0
DA:112,0
DA:117,0
DA:118,0
DA:119,0
DA:120,0
DA:123,0
DA:172,0
DA:194,0
DA:195,0
DA:206,0
DA:209,0
DA:210,0
DA:228,0
DA:235,0
DA:258,0
DA:260,0
LF:40
LH:0
BRDA:60,0,0,0
BRDA:61,1,0,0
BRDA:72,2,0,0
BRDA:72,2,1,0
BRDA:78,3,0,0
BRDA:78,3,1,0
BRDA:91,4,0,0
BRDA:91,4,1,0
BRDA:99,5,0,0
BRDA:99,5,1,0
BRDA:111,6,0,0
BRDA:111,6,1,0
BRDA:118,7,0,0
BRDA:118,7,1,0
BRDA:119,8,0,0
BRDA:119,8,1,0
BRDA:131,9,0,0
BRDA:131,9,1,0
BRDA:140,10,0,0
BRDA:140,10,1,0
BRDA:153,11,0,0
BRDA:153,11,1,0
BRDA:162,12,0,0
BRDA:162,12,1,0
BRDA:173,13,0,0
BRDA:173,13,1,0
BRDA:187,14,0,0
BRDA:187,14,1,0
BRDA:213,15,0,0
BRDA:213,15,1,0
BRDA:220,16,0,0
BRDA:220,16,1,0
BRDA:221,17,0,0
BRDA:221,17,1,0
BRDA:222,18,0,0
BRDA:222,18,1,0
BRDA:255,19,0,0
BRDA:255,19,1,0
BRF:38
BRH:0
end_of_record
TN:
SF:components\AgentInput.tsx
FN:15,(anonymous_0)
FN:24,(anonymous_1)
FN:31,(anonymous_2)
FN:39,(anonymous_3)
FN:44,(anonymous_4)
FN:45,(anonymous_5)
FN:52,(anonymous_6)
FN:71,(anonymous_7)
FN:84,(anonymous_8)
FN:93,(anonymous_9)
FN:97,(anonymous_10)
FN:102,(anonymous_11)
FN:123,(anonymous_12)
FN:144,(anonymous_13)
FN:149,(anonymous_14)
FNF:15
FNH:0
FNDA:0,(anonymous_0)
FNDA:0,(anonymous_1)
FNDA:0,(anonymous_2)
FNDA:0,(anonymous_3)
FNDA:0,(anonymous_4)
FNDA:0,(anonymous_5)
FNDA:0,(anonymous_6)
FNDA:0,(anonymous_7)
FNDA:0,(anonymous_8)
FNDA:0,(anonymous_9)
FNDA:0,(anonymous_10)
FNDA:0,(anonymous_11)
FNDA:0,(anonymous_12)
FNDA:0,(anonymous_13)
FNDA:0,(anonymous_14)
DA:15,0
DA:16,0
DA:17,0
DA:18,0
DA:19,0
DA:20,0
DA:22,0
DA:24,0
DA:25,0
DA:26,0
DA:31,0
DA:32,0
DA:33,0
DA:34,0
DA:39,0
DA:40,0
DA:41,0
DA:43,0
DA:44,0
DA:46,0
DA:47,0
DA:52,0
DA:53,0
DA:54,0
DA:55,0
DA:56,0
DA:59,0
DA:60,0
DA:62,0
DA:63,0
DA:64,0
DA:65,0
DA:67,0
DA:71,0
DA:73,0
DA:74,0
DA:75,0
DA:77,0
DA:78,0
DA:80,0
DA:81,0
DA:82,0
DA:84,0
DA:85,0
DA:86,0
DA:87,0
DA:88,0
DA:93,0
DA:94,0
DA:95,0
DA:96,0
DA:97,0
DA:98,0
DA:100,0
DA:101,0
DA:102,0
DA:103,0
DA:105,0
DA:106,0
DA:107,0
DA:108,0
DA:110,0
DA:111,0
DA:112,0
DA:113,0
DA:117,0
DA:118,0
DA:119,0
DA:123,0
DA:124,0
DA:125,0
DA:126,0
DA:127,0
DA:128,0
DA:130,0
DA:131,0
DA:135,0
DA:145,0
DA:146,0
DA:149,0
LF:80
LH:0
BRDA:25,0,0,0
BRDA:25,0,1,0
BRDA:25,1,0,0
BRDA:25,1,1,0
BRDA:32,2,0,0
BRDA:32,2,1,0
BRDA:40,3,0,0
BRDA:40,3,1,0
BRDA:44,4,0,0
BRDA:44,4,1,0
BRDA:46,5,0,0
BRDA:46,5,1,0
BRDA:46,6,0,0
BRDA:46,6,1,0
BRDA:54,7,0,0
BRDA:54,7,1,0
BRDA:62,8,0,0
BRDA:62,8,1,0
BRDA:85,9,0,0
BRDA:85,9,1,0
BRDA:94,10,0,0
BRDA:94,10,1,0
BRDA:94,11,0,0
BRDA:94,11,1,0
BRDA:95,12,0,0
BRDA:95,12,1,0
BRDA:97,13,0,0
BRDA:97,13,1,0
BRDA:100,14,0,0
BRDA:100,14,1,0
BRDA:102,15,0,0
BRDA:102,15,1,0
BRDA:105,16,0,0
BRDA:105,16,1,0
BRDA:105,17,0,0
BRDA:105,17,1,0
BRDA:110,18,0,0
BRDA:110,18,1,0
BRDA:117,19,0,0
BRDA:117,19,1,0
BRDA:117,20,0,0
BRDA:117,20,1,0
BRDA:117,20,2,0
BRDA:117,20,3,0
BRDA:124,21,0,0
BRDA:124,21,1,0
BRDA:125,22,0,0
BRDA:125,22,1,0
BRDA:125,23,0,0
BRDA:125,23,1,0
BRDA:130,24,0,0
BRDA:130,24,1,0
BRDA:138,25,0,0
BRDA:138,25,1,0
BRDA:138,25,2,0
BRDA:151,26,0,0
BRDA:151,26,1,0
BRDA:155,27,0,0
BRDA:155,27,1,0
BRDA:158,28,0,0
BRDA:158,28,1,0
BRDA:175,29,0,0
BRDA:175,29,1,0
BRDA:181,30,0,0
BRDA:181,30,1,0
BRF:65
BRH:0
end_of_record
TN:
SF:components\AgentMessageList.tsx
FN:21,(anonymous_0)
FN:24,(anonymous_1)
FN:31,(anonymous_2)
FN:32,(anonymous_3)
FN:41,(anonymous_4)
FN:41,(anonymous_5)
FN:46,(anonymous_6)
FN:70,(anonymous_7)
FN:91,(anonymous_8)
FN:129,(anonymous_9)
FN:147,(anonymous_10)
FN:157,(anonymous_11)
FN:163,(anonymous_12)
FN:168,(anonymous_13)
FN:173,(anonymous_14)
FN:187,(anonymous_15)
FN:201,(anonymous_16)
FN:202,(anonymous_17)
FN:202,(anonymous_18)
FN:224,(anonymous_19)
FN:243,(anonymous_20)
FN:250,(anonymous_21)
FN:309,(anonymous_22)
FN:329,(anonymous_23)
FN:340,(anonymous_24)
FNF:25
FNH:0
FNDA:0,(anonymous_0)
FNDA:0,(anonymous_1)
FNDA:0,(anonymous_2)
FNDA:0,(anonymous_3)
FNDA:0,(anonymous_4)
FNDA:0,(anonymous_5)
FNDA:0,(anonymous_6)
FNDA:0,(anonymous_7)
FNDA:0,(anonymous_8)
FNDA:0,(anonymous_9)
FNDA:0,(anonymous_10)
FNDA:0,(anonymous_11)
FNDA:0,(anonymous_12)
FNDA:0,(anonymous_13)
FNDA:0,(anonymous_14)
FNDA:0,(anonymous_15)
FNDA:0,(anonymous_16)
FNDA:0,(anonymous_17)
FNDA:0,(anonymous_18)
FNDA:0,(anonymous_19)
FNDA:0,(anonymous_20)
FNDA:0,(anonymous_21)
FNDA:0,(anonymous_22)
FNDA:0,(anonymous_23)
FNDA:0,(anonymous_24)
DA:21,0
DA:22,0
DA:24,0
DA:25,0
DA:26,0
DA:30,0
DA:31,0
DA:32,0
DA:35,0
DA:36,0
DA:37,0
DA:41,0
DA:43,0
DA:46,0
DA:71,0
DA:91,0
DA:92,0
DA:94,0
DA:129,0
DA:130,0
DA:131,0
DA:147,0
DA:153,0
DA:154,0
DA:155,0
DA:157,0
DA:158,0
DA:159,0
DA:163,0
DA:164,0
DA:165,0
DA:168,0
DA:169,0
DA:170,0
DA:173,0
DA:174,0
DA:175,0
DA:176,0
DA:180,0
DA:188,0
DA:189,0
DA:190,0
DA:191,0
DA:202,0
DA:203,0
DA:204,0
DA:205,0
DA:206,0
DA:207,0
DA:210,0
DA:211,0
DA:224,0
DA:237,0
DA:238,0
DA:243,0
DA:250,0
DA:258,0
DA:310,0
DA:329,0
DA:340,0
LF:60
LH:0
BRDA:22,0,0,0
BRDA:22,0,1,0
BRDA:25,1,0,0
BRDA:25,1,1,0
BRDA:25,2,0,0
BRDA:25,2,1,0
BRDA:35,3,0,0
BRDA:35,3,1,0
BRDA:36,4,0,0
BRDA:36,4,1,0
BRDA:37,5,0,0
BRDA:37,5,1,0
BRDA:38,6,0,0
BRDA:38,6,1,0
BRDA:39,7,0,0
BRDA:39,7,1,0
BRDA:48,8,0,0
BRDA:48,8,1,0
BRDA:53,9,0,0
BRDA:53,9,1,0
BRDA:54,10,0,0
BRDA:54,10,1,0
BRDA:62,11,0,0
BRDA:62,11,1,0
BRDA:65,12,0,0
BRDA:65,12,1,0
BRDA:67,13,0,0
BRDA:67,13,1,0
BRDA:67,13,2,0
BRDA:77,14,0,0
BRDA:77,14,1,0
BRDA:106,15,0,0
BRDA:106,15,1,0
BRDA:120,16,0,0
BRDA:120,16,1,0
BRDA:129,17,0,0
BRDA:129,18,0,0
BRDA:130,19,0,0
BRDA:130,19,1,0
BRDA:134,20,0,0
BRDA:134,20,1,0
BRDA:135,21,0,0
BRDA:135,21,1,0
BRDA:140,22,0,0
BRDA:140,22,1,0
BRDA:158,23,0,0
BRDA:158,23,1,0
BRDA:174,24,0,0
BRDA:174,24,1,0
BRDA:174,25,0,0
BRDA:174,25,1,0
BRDA:182,26,0,0
BRDA:182,26,1,0
BRDA:189,27,0,0
BRDA:189,27,1,0
BRDA:207,28,0,0
BRDA:207,28,1,0
BRDA:210,29,0,0
BRDA:210,29,1,0
BRDA:221,30,0,0
BRDA:221,30,1,0
BRDA:224,31,0,0
BRDA:224,31,1,0
BRDA:237,32,0,0
BRDA:237,32,1,0
BRDA:261,33,0,0
BRDA:261,33,1,0
BRDA:264,34,0,0
BRDA:264,34,1,0
BRDA:264,34,2,0
BRDA:272,35,0,0
BRDA:272,35,1,0
BRDA:274,36,0,0
BRDA:274,36,1,0
BRDA:275,37,0,0
BRDA:275,37,1,0
BRDA:277,38,0,0
BRDA:277,38,1,0
BRDA:284,39,0,0
BRDA:284,39,1,0
BRDA:284,39,2,0
BRDA:286,40,0,0
BRDA:286,40,1,0
BRDA:288,41,0,0
BRDA:288,41,1,0
BRDA:292,42,0,0
BRDA:292,42,1,0
BRDA:293,43,0,0
BRDA:293,43,1,0
BRDA:295,44,0,0
BRDA:295,44,1,0
BRDA:302,45,0,0
BRDA:302,45,1,0
BRDA:307,46,0,0
BRDA:307,46,1,0
BRDA:307,46,2,0
BRDA:307,46,3,0
BRDA:317,47,0,0
BRDA:317,47,1,0
BRDA:321,48,0,0
BRDA:321,48,1,0
BRDA:326,49,0,0
BRDA:326,49,1,0
BRDA:327,50,0,0
BRDA:327,50,1,0
BRDA:327,50,2,0
BRDA:338,51,0,0
BRDA:338,51,1,0
BRDA:338,51,2,0
BRDA:338,51,3,0
BRDA:352,52,0,0
BRDA:352,52,1,0
BRF:112
BRH:0
end_of_record
TN:
SF:components\AgentTodoList.tsx
FN:10,(anonymous_0)
FN:12,(anonymous_1)
FN:17,(anonymous_2)
FN:35,(anonymous_3)
FNF:4
FNH:0
FNDA:0,(anonymous_0)
FNDA:0,(anonymous_1)
FNDA:0,(anonymous_2)
FNDA:0,(anonymous_3)
DA:10,0
DA:11,0
DA:12,0
DA:14,0
DA:17,0
DA:36,0
LF:6
LH:0
BRDA:21,0,0,0
BRDA:21,0,1,0
BRDA:24,1,0,0
BRDA:24,1,1,0
BRDA:27,2,0,0
BRDA:27,2,1,0
BRDA:29,3,0,0
BRDA:29,3,1,0
BRDA:37,4,0,0
BRDA:37,4,1,0
BRDA:38,5,0,0
BRDA:38,5,1,0
BRDA:40,6,0,0
BRDA:40,6,1,0
BRF:14
BRH:0
end_of_record
TN:
SF:components\DiffViewer.tsx
FN:20,(anonymous_0)
FN:40,(anonymous_1)
FN:47,(anonymous_2)
FN:48,(anonymous_3)
FN:57,(anonymous_4)
FN:57,(anonymous_5)
FN:61,(anonymous_6)
FN:103,(anonymous_7)
FN:115,(anonymous_8)
FN:126,(anonymous_9)
FN:141,(anonymous_10)
FN:169,(anonymous_11)
FNF:12
FNH:0
FNDA:0,(anonymous_0)
FNDA:0,(anonymous_1)
FNDA:0,(anonymous_2)
FNDA:0,(anonymous_3)
FNDA:0,(anonymous_4)
FNDA:0,(anonymous_5)
FNDA:0,(anonymous_6)
FNDA:0,(anonymous_7)
FNDA:0,(anonymous_8)
FNDA:0,(anonymous_9)
FNDA:0,(anonymous_10)
FNDA:0,(anonymous_11)
DA:20,0
DA:32,0
DA:40,0
DA:41,0
DA:42,0
DA:43,0
DA:47,0
DA:48,0
DA:51,0
DA:57,0
DA:61,0
DA:62,0
DA:72,0
DA:104,0
DA:116,0
DA:117,0
DA:118,0
DA:127,0
DA:128,0
DA:129,0
DA:142,0
DA:170,0
LF:22
LH:0
BRDA:25,0,0,0
BRDA:41,1,0,0
BRDA:41,1,1,0
BRDA:61,2,0,0
BRDA:61,2,1,0
BRDA:61,3,0,0
BRDA:61,3,1,0
BRDA:105,4,0,0
BRDA:105,4,1,0
BRDA:143,5,0,0
BRDA:143,5,1,0
BRDA:144,6,0,0
BRDA:144,6,1,0
BRDA:148,7,0,0
BRDA:148,7,1,0
BRDA:149,8,0,0
BRDA:149,8,1,0
BRDA:152,9,0,0
BRDA:152,9,1,0
BRDA:153,10,0,0
BRDA:153,10,1,0
BRDA:156,11,0,0
BRDA:156,11,1,0
BRDA:157,12,0,0
BRDA:157,12,1,0
BRDA:159,13,0,0
BRDA:159,13,1,0
BRDA:176,14,0,0
BRDA:176,14,1,0
BRF:29
BRH:0
end_of_record
TN:
SF:components\Editor.tsx
FN:25,(anonymous_0)
FN:31,(anonymous_1)
FN:45,(anonymous_2)
FN:83,(anonymous_3)
FN:85,(anonymous_4)
FN:93,(anonymous_5)
FN:104,(anonymous_6)
FN:111,(anonymous_7)
FN:114,(anonymous_8)
FN:119,(anonymous_9)
FN:128,(anonymous_10)
FN:156,(anonymous_11)
FN:168,(anonymous_12)
FN:202,(anonymous_13)
FN:205,(anonymous_14)
FN:224,(anonymous_15)
FN:231,(anonymous_16)
FN:233,(anonymous_17)
FN:237,(anonymous_18)
FN:245,(anonymous_19)
FN:265,(anonymous_20)
FN:287,(anonymous_21)
FN:290,(anonymous_22)
FN:291,(anonymous_23)
FN:321,(anonymous_24)
FN:332,(anonymous_25)
FN:337,(anonymous_26)
FN:339,(anonymous_27)
FN:343,(anonymous_28)
FN:353,(anonymous_29)
FN:363,(anonymous_30)
FN:367,(anonymous_31)
FN:373,(anonymous_32)
FN:380,(anonymous_33)
FN:403,(anonymous_34)
FN:429,(anonymous_35)
FN:441,(anonymous_36)
FN:447,(anonymous_37)
FN:452,(anonymous_38)
FN:457,(anonymous_39)
FN:459,(anonymous_40)
FN:460,(anonymous_41)
FN:465,(anonymous_42)
FN:495,(anonymous_43)
FN:501,(anonymous_44)
FN:528,(anonymous_45)
FN:533,(anonymous_46)
FN:606,(anonymous_47)
FN:624,(anonymous_48)
FN:654,(anonymous_49)
FN:659,(anonymous_50)
FN:662,(anonymous_51)
FN:675,(anonymous_52)
FN:682,(anonymous_53)
FN:696,(anonymous_54)
FN:697,(anonymous_55)
FN:709,(anonymous_56)
FN:716,(anonymous_57)
FN:729,(anonymous_58)
FN:730,(anonymous_59)
FN:742,(anonymous_60)
FN:750,(anonymous_61)
FN:784,(anonymous_62)
FN:785,(anonymous_63)
FN:803,(anonymous_64)
FN:812,(anonymous_65)
FN:842,(anonymous_66)
FN:850,(anonymous_67)
FN:859,(anonymous_68)
FN:930,(anonymous_69)
FN:931,(anonymous_70)
FN:940,(anonymous_71)
FNF:72
FNH:0
FNDA:0,(anonymous_0)
FNDA:0,(anonymous_1)
FNDA:0,(anonymous_2)
FNDA:0,(anonymous_3)
FNDA:0,(anonymous_4)
FNDA:0,(anonymous_5)
FNDA:0,(anonymous_6)
FNDA:0,(anonymous_7)
FNDA:0,(anonymous_8)
FNDA:0,(anonymous_9)
FNDA:0,(anonymous_10)
FNDA:0,(anonymous_11)
FNDA:0,(anonymous_12)
FNDA:0,(anonymous_13)
FNDA:0,(anonymous_14)
FNDA:0,(anonymous_15)
FNDA:0,(anonymous_16)
FNDA:0,(anonymous_17)
FNDA:0,(anonymous_18)
FNDA:0,(anonymous_19)
FNDA:0,(anonymous_20)
FNDA:0,(anonymous_21)
FNDA:0,(anonymous_22)
FNDA:0,(anonymous_23)
FNDA:0,(anonymous_24)
FNDA:0,(anonymous_25)
FNDA:0,(anonymous_26)
FNDA:0,(anonymous_27)
FNDA:0,(anonymous_28)
FNDA:0,(anonymous_29)
FNDA:0,(anonymous_30)
FNDA:0,(anonymous_31)
FNDA:0,(anonymous_32)
FNDA:0,(anonymous_33)
FNDA:0,(anonymous_34)
FNDA:0,(anonymous_35)
FNDA:0,(anonymous_36)
FNDA:0,(anonymous_37)
FNDA:0,(anonymous_38)
FNDA:0,(anonymous_39)
FNDA:0,(anonymous_40)
FNDA:0,(anonymous_41)
FNDA:0,(anonymous_42)
FNDA:0,(anonymous_43)
FNDA:0,(anonymous_44)
FNDA:0,(anonymous_45)
FNDA:0,(anonymous_46)
FNDA:0,(anonymous_47)
FNDA:0,(anonymous_48)
FNDA:0,(anonymous_49)
FNDA:0,(anonymous_50)
FNDA:0,(anonymous_51)
FNDA:0,(anonymous_52)
FNDA:0,(anonymous_53)
FNDA:0,(anonymous_54)
FNDA:0,(anonymous_55)
FNDA:0,(anonymous_56)
FNDA:0,(anonymous_57)
FNDA:0,(anonymous_58)
FNDA:0,(anonymous_59)
FNDA:0,(anonymous_60)
FNDA:0,(anonymous_61)
FNDA:0,(anonymous_62)
FNDA:0,(anonymous_63)
FNDA:0,(anonymous_64)
FNDA:0,(anonymous_65)
FNDA:0,(anonymous_66)
FNDA:0,(anonymous_67)
FNDA:0,(anonymous_68)
FNDA:0,(anonymous_69)
FNDA:0,(anonymous_70)
FNDA:0,(anonymous_71)
DA:25,0
DA:29,0
DA:30,0
DA:31,0
DA:34,0
DA:35,0
DA:38,0
DA:45,0
DA:63,0
DA:65,0
DA:66,0
DA:67,0
DA:70,0
DA:73,0
DA:76,0
DA:78,0
DA:79,0
DA:83,0
DA:84,0
DA:85,0
DA:88,0
DA:93,0
DA:94,0
DA:95,0
DA:99,0
DA:104,0
DA:105,0
DA:107,0
DA:109,0
DA:111,0
DA:114,0
DA:116,0
DA:119,0
DA:122,0
DA:125,0
DA:126,0
DA:128,0
DA:136,0
DA:156,0
DA:158,0
DA:159,0
DA:160,0
DA:161,0
DA:163,0
DA:168,0
DA:169,0
DA:171,0
DA:173,0
DA:175,0
DA:179,0
DA:181,0
DA:185,0
DA:189,0
DA:190,0
DA:198,0
DA:202,0
DA:203,0
DA:205,0
DA:206,0
DA:207,0
DA:209,0
DA:213,0
DA:218,0
DA:223,0
DA:224,0
DA:225,0
DA:226,0
DA:227,0
DA:231,0
DA:232,0
DA:233,0
DA:237,0
DA:238,0
DA:239,0
DA:245,0
DA:248,0
DA:253,0
DA:254,0
DA:259,0
DA:264,0
DA:265,0
DA:267,0
DA:270,0
DA:271,0
DA:275,0
DA:280,0
DA:281,0
DA:282,0
DA:286,0
DA:287,0
DA:288,0
DA:289,0
DA:290,0
DA:291,0
DA:292,0
DA:299,0
DA:300,0
DA:302,0
DA:304,0
DA:306,0
DA:315,0
DA:316,0
DA:321,0
DA:322,0
DA:324,0
DA:325,0
DA:326,0
DA:328,0
DA:332,0
DA:333,0
DA:337,0
DA:338,0
DA:339,0
DA:343,0
DA:344,0
DA:345,0
DA:346,0
DA:347,0
DA:348,0
DA:350,0
DA:353,0
DA:354,0
DA:355,0
DA:356,0
DA:357,0
DA:358,0
DA:359,0
DA:360,0
DA:363,0
DA:364,0
DA:367,0
DA:368,0
DA:369,0
DA:373,0
DA:374,0
DA:377,0
DA:378,0
DA:380,0
DA:381,0
DA:383,0
DA:384,0
DA:386,0
DA:390,0
DA:391,0
DA:392,0
DA:393,0
DA:394,0
DA:396,0
DA:397,0
DA:398,0
DA:399,0
DA:400,0
DA:401,0
DA:402,0
DA:403,0
DA:404,0
DA:405,0
DA:406,0
DA:409,0
DA:411,0
DA:412,0
DA:413,0
DA:414,0
DA:415,0
DA:416,0
DA:417,0
DA:419,0
DA:420,0
DA:421,0
DA:422,0
DA:423,0
DA:425,0
DA:426,0
DA:427,0
DA:428,0
DA:429,0
DA:431,0
DA:432,0
DA:433,0
DA:434,0
DA:435,0
DA:436,0
DA:438,0
DA:439,0
DA:440,0
DA:441,0
DA:447,0
DA:448,0
DA:449,0
DA:452,0
DA:453,0
DA:454,0
DA:457,0
DA:458,0
DA:459,0
DA:460,0
DA:465,0
DA:466,0
DA:469,0
DA:472,0
DA:483,0
DA:484,0
DA:485,0
DA:486,0
DA:487,0
DA:491,0
DA:494,0
DA:495,0
DA:501,0
DA:502,0
DA:505,0
DA:516,0
DA:517,0
DA:518,0
DA:519,0
DA:520,0
DA:524,0
DA:527,0
DA:528,0
DA:533,0
DA:534,0
DA:540,0
DA:541,0
DA:542,0
DA:543,0
DA:547,0
DA:548,0
DA:550,0
DA:552,0
DA:554,0
DA:556,0
DA:557,0
DA:558,0
DA:561,0
DA:562,0
DA:564,0
DA:565,0
DA:566,0
DA:571,0
DA:572,0
DA:573,0
DA:574,0
DA:581,0
DA:584,0
DA:585,0
DA:586,0
DA:587,0
DA:595,0
DA:599,0
DA:600,0
DA:601,0
DA:602,0
DA:605,0
DA:606,0
DA:607,0
DA:608,0
DA:609,0
DA:621,0
DA:624,0
DA:634,0
DA:640,0
DA:641,0
DA:646,0
DA:647,0
DA:648,0
DA:653,0
DA:654,0
DA:656,0
DA:659,0
DA:662,0
DA:663,0
DA:666,0
DA:675,0
DA:676,0
DA:677,0
DA:678,0
DA:682,0
DA:683,0
DA:684,0
DA:685,0
DA:688,0
DA:691,0
DA:692,0
DA:695,0
DA:696,0
DA:697,0
DA:700,0
DA:709,0
DA:710,0
DA:711,0
DA:712,0
DA:716,0
DA:717,0
DA:718,0
DA:719,0
DA:722,0
DA:725,0
DA:728,0
DA:729,0
DA:730,0
DA:733,0
DA:742,0
DA:743,0
DA:744,0
DA:745,0
DA:750,0
DA:751,0
DA:753,0
DA:754,0
DA:757,0
DA:763,0
DA:765,0
DA:768,0
DA:769,0
DA:773,0
DA:776,0
DA:779,0
DA:782,0
DA:783,0
DA:784,0
DA:785,0
DA:788,0
DA:798,0
DA:799,0
DA:800,0
DA:803,0
DA:804,0
DA:813,0
DA:842,0
DA:843,0
DA:851,0
DA:860,0
DA:877,0
DA:878,0
DA:886,0
DA:930,0
DA:931,0
DA:943,0
DA:945,0
DA:947,0
DA:949,0
DA:952,0
DA:956,0
DA:958,0
DA:959,0
DA:962,0
LF:346
LH:0
BRDA:84,0,0,0
BRDA:84,0,1,0
BRDA:85,1,0,0
BRDA:85,1,1,0
BRDA:94,2,0,0
BRDA:94,2,1,0
BRDA:94,3,0,0
BRDA:94,3,1,0
BRDA:105,4,0,0
BRDA:105,4,1,0
BRDA:122,5,0,0
BRDA:122,5,1,0
BRDA:125,6,0,0
BRDA:125,6,1,0
BRDA:158,7,0,0
BRDA:158,7,1,0
BRDA:158,8,0,0
BRDA:158,8,1,0
BRDA:160,9,0,0
BRDA:160,9,1,0
BRDA:169,10,0,0
BRDA:169,10,1,0
BRDA:173,11,0,0
BRDA:173,11,1,0
BRDA:173,12,0,0
BRDA:173,12,1,0
BRDA:175,13,0,0
BRDA:175,13,1,0
BRDA:175,13,2,0
BRDA:179,14,0,0
BRDA:179,14,1,0
BRDA:189,15,0,0
BRDA:189,15,1,0
BRDA:193,16,0,0
BRDA:193,16,1,0
BRDA:193,17,0,0
BRDA:193,17,1,0
BRDA:203,18,0,0
BRDA:203,18,1,0
BRDA:206,19,0,0
BRDA:206,19,1,0
BRDA:226,20,0,0
BRDA:226,20,1,0
BRDA:232,21,0,0
BRDA:232,21,1,0
BRDA:238,22,0,0
BRDA:238,22,1,0
BRDA:238,23,0,0
BRDA:238,23,1,0
BRDA:248,24,0,0
BRDA:248,24,1,0
BRDA:248,24,2,0
BRDA:248,24,3,0
BRDA:253,25,0,0
BRDA:253,25,1,0
BRDA:267,26,0,0
BRDA:267,26,1,0
BRDA:270,27,0,0
BRDA:270,27,1,0
BRDA:280,28,0,0
BRDA:280,28,1,0
BRDA:286,29,0,0
BRDA:286,29,1,0
BRDA:288,30,0,0
BRDA:288,30,1,0
BRDA:299,31,0,0
BRDA:299,31,1,0
BRDA:300,32,0,0
BRDA:300,32,1,0
BRDA:315,33,0,0
BRDA:315,33,1,0
BRDA:315,34,0,0
BRDA:315,34,1,0
BRDA:315,34,2,0
BRDA:315,34,3,0
BRDA:316,35,0,0
BRDA:316,35,1,0
BRDA:322,36,0,0
BRDA:322,36,1,0
BRDA:322,37,0,0
BRDA:322,37,1,0
BRDA:333,38,0,0
BRDA:333,38,1,0
BRDA:338,39,0,0
BRDA:338,39,1,0
BRDA:347,40,0,0
BRDA:347,40,1,0
BRDA:368,41,0,0
BRDA:368,41,1,0
BRDA:377,42,0,0
BRDA:377,42,1,0
BRDA:377,43,0,0
BRDA:377,43,1,0
BRDA:377,43,2,0
BRDA:377,43,3,0
BRDA:377,43,4,0
BRDA:381,44,0,0
BRDA:381,44,1,0
BRDA:381,45,0,0
BRDA:381,45,1,0
BRDA:390,46,0,0
BRDA:390,46,1,0
BRDA:390,47,0,0
BRDA:390,47,1,0
BRDA:390,47,2,0
BRDA:390,47,3,0
BRDA:392,48,0,0
BRDA:392,48,1,0
BRDA:392,49,0,0
BRDA:392,49,1,0
BRDA:393,50,0,0
BRDA:393,50,1,0
BRDA:396,51,0,0
BRDA:396,51,1,0
BRDA:396,52,0,0
BRDA:396,52,1,0
BRDA:396,52,2,0
BRDA:396,52,3,0
BRDA:404,53,0,0
BRDA:404,53,1,0
BRDA:411,54,0,0
BRDA:411,54,1,0
BRDA:419,55,0,0
BRDA:419,55,1,0
BRDA:425,56,0,0
BRDA:425,56,1,0
BRDA:429,57,0,0
BRDA:429,57,1,0
BRDA:434,58,0,0
BRDA:434,58,1,0
BRDA:441,59,0,0
BRDA:441,59,1,0
BRDA:449,60,0,0
BRDA:449,60,1,0
BRDA:454,61,0,0
BRDA:454,61,1,0
BRDA:458,62,0,0
BRDA:458,62,1,0
BRDA:483,63,0,0
BRDA:483,63,1,0
BRDA:485,64,0,0
BRDA:485,64,1,0
BRDA:486,65,0,0
BRDA:486,65,1,0
BRDA:495,66,0,0
BRDA:495,66,1,0
BRDA:516,67,0,0
BRDA:516,67,1,0
BRDA:518,68,0,0
BRDA:518,68,1,0
BRDA:519,69,0,0
BRDA:519,69,1,0
BRDA:528,70,0,0
BRDA:528,70,1,0
BRDA:540,71,0,0
BRDA:540,71,1,0
BRDA:541,72,0,0
BRDA:541,72,1,0
BRDA:550,73,0,0
BRDA:550,73,1,0
BRDA:550,74,0,0
BRDA:550,74,1,0
BRDA:554,75,0,0
BRDA:554,75,1,0
BRDA:562,76,0,0
BRDA:562,76,1,0
BRDA:564,77,0,0
BRDA:564,77,1,0
BRDA:572,78,0,0
BRDA:572,78,1,0
BRDA:581,79,0,0
BRDA:581,79,1,0
BRDA:581,79,2,0
BRDA:584,80,0,0
BRDA:584,80,1,0
BRDA:586,81,0,0
BRDA:586,81,1,0
BRDA:600,82,0,0
BRDA:600,82,1,0
BRDA:607,83,0,0
BRDA:607,83,1,0
BRDA:624,84,0,0
BRDA:624,84,1,0
BRDA:629,85,0,0
BRDA:629,85,1,0
BRDA:635,86,0,0
BRDA:635,86,1,0
BRDA:635,86,2,0
BRDA:640,87,0,0
BRDA:640,87,1,0
BRDA:640,88,0,0
BRDA:640,88,1,0
BRDA:643,89,0,0
BRDA:643,89,1,0
BRDA:647,90,0,0
BRDA:647,90,1,0
BRDA:653,91,0,0
BRDA:653,91,1,0
BRDA:683,92,0,0
BRDA:683,92,1,0
BRDA:683,93,0,0
BRDA:683,93,1,0
BRDA:684,94,0,0
BRDA:684,94,1,0
BRDA:685,95,0,0
BRDA:685,95,1,0
BRDA:717,96,0,0
BRDA:717,96,1,0
BRDA:718,97,0,0
BRDA:718,97,1,0
BRDA:719,98,0,0
BRDA:719,98,1,0
BRDA:751,99,0,0
BRDA:751,99,1,0
BRDA:751,100,0,0
BRDA:751,100,1,0
BRDA:753,101,0,0
BRDA:753,101,1,0
BRDA:754,102,0,0
BRDA:754,102,1,0
BRDA:760,103,0,0
BRDA:760,103,1,0
BRDA:763,104,0,0
BRDA:763,104,1,0
BRDA:763,105,0,0
BRDA:763,105,1,0
BRDA:768,106,0,0
BRDA:768,106,1,0
BRDA:806,107,0,0
BRDA:806,107,1,0
BRDA:826,108,0,0
BRDA:826,108,1,0
BRDA:827,109,0,0
BRDA:827,109,1,0
BRDA:846,110,0,0
BRDA:846,110,1,0
BRDA:846,110,2,0
BRDA:848,111,0,0
BRDA:848,111,1,0
BRDA:848,111,2,0
BRDA:857,112,0,0
BRDA:857,112,1,0
BRDA:857,112,2,0
BRDA:877,113,0,0
BRDA:877,113,1,0
BRDA:877,114,0,0
BRDA:877,114,1,0
BRDA:891,115,0,0
BRDA:891,115,1,0
BRDA:897,116,0,0
BRDA:897,116,1,0
BRDA:898,117,0,0
BRDA:898,117,1,0
BRDA:900,118,0,0
BRDA:900,118,1,0
BRDA:915,119,0,0
BRDA:915,119,1,0
BRDA:916,120,0,0
BRDA:916,120,1,0
BRDA:918,121,0,0
BRDA:918,121,1,0
BRDA:922,122,0,0
BRDA:922,122,1,0
BRDA:928,123,0,0
BRDA:928,123,1,0
BRDA:929,124,0,0
BRDA:929,124,1,0
BRDA:930,125,0,0
BRDA:930,125,1,0
BRDA:930,126,0,0
BRDA:930,126,1,0
BRDA:931,127,0,0
BRDA:931,127,1,0
BRDA:931,128,0,0
BRDA:931,128,1,0
BRDA:932,129,0,0
BRDA:932,129,1,0
BRDA:932,130,0,0
BRDA:932,130,1,0
BRDA:932,131,0,0
BRDA:932,131,1,0
BRDA:938,132,0,0
BRDA:938,132,1,0
BRDA:938,133,0,0
BRDA:938,133,1,0
BRDA:938,133,2,0
BRDA:943,134,0,0
BRDA:943,134,1,0
BRDA:945,135,0,0
BRDA:945,135,1,0
BRDA:945,136,0,0
BRDA:945,136,1,0
BRDA:947,137,0,0
BRDA:947,137,1,0
BRDA:956,138,0,0
BRDA:956,138,1,0
BRDA:958,139,0,0
BRDA:958,139,1,0
BRDA:959,140,0,0
BRDA:959,140,1,0
BRDA:962,141,0,0
BRDA:962,141,1,0
BRDA:965,142,0,0
BRDA:965,142,1,0
BRDA:965,143,0,0
BRDA:965,143,1,0
BRDA:967,144,0,0
BRDA:967,144,1,0
BRDA:977,145,0,0
BRDA:977,145,1,0
BRDA:977,145,2,0
BRDA:978,146,0,0
BRDA:978,146,1,0
BRDA:982,147,0,0
BRDA:982,147,1,0
BRDA:982,147,2,0
BRDA:983,148,0,0
BRDA:983,148,1,0
BRF:318
BRH:0
end_of_record
TN:
SF:components\FileExplorer.tsx
FN:18,(anonymous_0)
FN:37,(anonymous_1)
FN:40,(anonymous_2)
FN:44,(anonymous_3)
FN:54,(anonymous_4)
FN:62,(anonymous_5)
FN:70,(anonymous_6)
FN:79,(anonymous_7)
FN:102,(anonymous_8)
FN:104,(anonymous_9)
FN:105,(anonymous_10)
FN:115,(anonymous_11)
FN:130,(anonymous_12)
FN:159,(anonymous_13)
FN:168,(anonymous_14)
FN:179,(anonymous_15)
FN:186,(anonymous_16)
FN:198,(anonymous_17)
FN:231,(anonymous_18)
FN:234,(anonymous_19)
FN:244,(anonymous_20)
FN:256,(anonymous_21)
FN:263,(anonymous_22)
FNF:23
FNH:0
FNDA:0,(anonymous_0)
FNDA:0,(anonymous_1)
FNDA:0,(anonymous_2)
FNDA:0,(anonymous_3)
FNDA:0,(anonymous_4)
FNDA:0,(anonymous_5)
FNDA:0,(anonymous_6)
FNDA:0,(anonymous_7)
FNDA:0,(anonymous_8)
FNDA:0,(anonymous_9)
FNDA:0,(anonymous_10)
FNDA:0,(anonymous_11)
FNDA:0,(anonymous_12)
FNDA:0,(anonymous_13)
FNDA:0,(anonymous_14)
FNDA:0,(anonymous_15)
FNDA:0,(anonymous_16)
FNDA:0,(anonymous_17)
FNDA:0,(anonymous_18)
FNDA:0,(anonymous_19)
FNDA:0,(anonymous_20)
FNDA:0,(anonymous_21)
FNDA:0,(anonymous_22)
DA:18,0
DA:28,0
DA:31,0
DA:32,0
DA:33,0
DA:34,0
DA:35,0
DA:37,0
DA:38,0
DA:40,0
DA:44,0
DA:45,0
DA:46,0
DA:47,0
DA:49,0
DA:51,0
DA:54,0
DA:55,0
DA:56,0
DA:57,0
DA:58,0
DA:59,0
DA:62,0
DA:63,0
DA:64,0
DA:65,0
DA:66,0
DA:67,0
DA:70,0
DA:71,0
DA:72,0
DA:73,0
DA:75,0
DA:79,0
DA:80,0
DA:81,0
DA:83,0
DA:84,0
DA:86,0
DA:87,0
DA:88,0
DA:89,0
DA:90,0
DA:92,0
DA:93,0
DA:94,0
DA:95,0
DA:96,0
DA:99,0
DA:102,0
DA:103,0
DA:104,0
DA:107,0
DA:108,0
DA:111,0
DA:112,0
DA:115,0
DA:116,0
DA:117,0
DA:118,0
DA:121,0
DA:123,0
DA:131,0
DA:132,0
DA:134,0
DA:159,0
DA:168,0
DA:179,0
DA:186,0
DA:199,0
DA:201,0
DA:220,0
DA:231,0
DA:234,0
DA:244,0
DA:256,0
DA:263,0
LF:77
LH:0
BRDA:38,0,0,0
BRDA:38,0,1,0
BRDA:38,1,0,0
BRDA:38,1,1,0
BRDA:46,2,0,0
BRDA:46,2,1,0
BRDA:72,3,0,0
BRDA:72,3,1,0
BRDA:80,4,0,0
BRDA:80,4,1,0
BRDA:81,5,0,0
BRDA:81,5,1,0
BRDA:81,6,0,0
BRDA:81,6,1,0
BRDA:83,7,0,0
BRDA:83,7,1,0
BRDA:83,8,0,0
BRDA:83,8,1,0
BRDA:84,9,0,0
BRDA:84,9,1,0
BRDA:89,10,0,0
BRDA:89,10,1,0
BRDA:89,11,0,0
BRDA:89,11,1,0
BRDA:95,12,0,0
BRDA:95,12,1,0
BRDA:95,13,0,0
BRDA:95,13,1,0
BRDA:102,14,0,0
BRDA:107,15,0,0
BRDA:107,15,1,0
BRDA:108,16,0,0
BRDA:108,16,1,0
BRDA:111,17,0,0
BRDA:111,17,1,0
BRDA:111,18,0,0
BRDA:111,18,1,0
BRDA:121,19,0,0
BRDA:121,19,1,0
BRDA:127,20,0,0
BRDA:127,20,1,0
BRDA:131,21,0,0
BRDA:131,21,1,0
BRDA:139,22,0,0
BRDA:139,22,1,0
BRDA:140,23,0,0
BRDA:140,23,1,0
BRDA:146,24,0,0
BRDA:146,24,1,0
BRDA:147,25,0,0
BRDA:147,25,1,0
BRDA:150,26,0,0
BRDA:150,26,1,0
BRDA:161,27,0,0
BRDA:161,27,1,0
BRDA:176,28,0,0
BRDA:176,28,1,0
BRDA:196,29,0,0
BRDA:196,29,1,0
BRDA:212,30,0,0
BRDA:212,30,1,0
BRDA:212,30,2,0
BRDA:230,31,0,0
BRDA:230,31,1,0
BRDA:238,32,0,0
BRDA:238,32,1,0
BRDA:240,33,0,0
BRDA:240,33,1,0
BRDA:242,34,0,0
BRDA:242,34,1,0
BRDA:242,35,0,0
BRDA:242,35,1,0
BRDA:250,36,0,0
BRDA:250,36,1,0
BRDA:250,37,0,0
BRDA:250,37,1,0
BRDA:258,38,0,0
BRDA:258,38,1,0
BRDA:273,39,0,0
BRDA:273,39,1,0
BRF:80
BRH:0
end_of_record
TN:
SF:components\MainLayout.tsx
FN:20,(anonymous_0)
FN:33,(anonymous_1)
FN:48,(anonymous_2)
FN:51,(anonymous_3)
FN:52,(anonymous_4)
FN:53,(anonymous_5)
FN:56,(anonymous_6)
FN:75,(anonymous_7)
FN:99,(anonymous_8)
FN:105,(anonymous_9)
FN:125,(anonymous_10)
FN:126,(anonymous_11)
FN:140,(anonymous_12)
FN:144,(anonymous_13)
FN:145,(anonymous_14)
FN:160,(anonymous_15)
FN:173,(anonymous_16)
FN:186,(anonymous_17)
FN:188,(anonymous_18)
FN:200,(anonymous_19)
FN:209,(anonymous_20)
FN:254,(anonymous_21)
FN:261,(anonymous_22)
FN:273,(anonymous_23)
FN:286,(anonymous_24)
FN:304,(anonymous_25)
FN:305,(anonymous_26)
FNF:27
FNH:0
FNDA:0,(anonymous_0)
FNDA:0,(anonymous_1)
FNDA:0,(anonymous_2)
FNDA:0,(anonymous_3)
FNDA:0,(anonymous_4)
FNDA:0,(anonymous_5)
FNDA:0,(anonymous_6)
FNDA:0,(anonymous_7)
FNDA:0,(anonymous_8)
FNDA:0,(anonymous_9)
FNDA:0,(anonymous_10)
FNDA:0,(anonymous_11)
FNDA:0,(anonymous_12)
FNDA:0,(anonymous_13)
FNDA:0,(anonymous_14)
FNDA:0,(anonymous_15)
FNDA:0,(anonymous_16)
FNDA:0,(anonymous_17)
FNDA:0,(anonymous_18)
FNDA:0,(anonymous_19)
FNDA:0,(anonymous_20)
FNDA:0,(anonymous_21)
FNDA:0,(anonymous_22)
FNDA:0,(anonymous_23)
FNDA:0,(anonymous_24)
FNDA:0,(anonymous_25)
FNDA:0,(anonymous_26)
DA:20,0
DA:33,0
DA:46,0
DA:47,0
DA:48,0
DA:51,0
DA:52,0
DA:53,0
DA:56,0
DA:57,0
DA:58,0
DA:74,0
DA:75,0
DA:89,0
DA:99,0
DA:100,0
DA:101,0
DA:102,0
DA:105,0
DA:118,0
DA:125,0
DA:126,0
DA:127,0
DA:131,0
DA:134,0
DA:135,0
DA:136,0
DA:139,0
DA:140,0
DA:144,0
DA:145,0
DA:146,0
DA:147,0
DA:149,0
DA:151,0
DA:152,0
DA:153,0
DA:155,0
DA:156,0
DA:160,0
DA:161,0
DA:162,0
DA:163,0
DA:166,0
DA:167,0
DA:168,0
DA:169,0
DA:170,0
DA:173,0
DA:174,0
DA:175,0
DA:179,0
DA:181,0
DA:186,0
DA:189,0
DA:190,0
DA:200,0
DA:209,0
DA:254,0
DA:261,0
DA:273,0
DA:286,0
DA:304,0
DA:305,0
LF:64
LH:0
BRDA:48,0,0,0
BRDA:48,0,1,0
BRDA:57,1,0,0
BRDA:57,1,1,0
BRDA:100,2,0,0
BRDA:100,2,1,0
BRDA:105,3,0,0
BRDA:105,3,1,0
BRDA:134,4,0,0
BRDA:134,4,1,0
BRDA:146,5,0,0
BRDA:146,5,1,0
BRDA:149,6,0,0
BRDA:149,6,1,0
BRDA:153,7,0,0
BRDA:153,7,1,0
BRDA:166,8,0,0
BRDA:166,8,1,0
BRDA:179,9,0,0
BRDA:179,9,1,0
BRDA:190,10,0,0
BRDA:190,10,1,0
BRDA:197,11,0,0
BRDA:197,11,1,0
BRDA:197,11,2,0
BRDA:213,12,0,0
BRDA:213,12,1,0
BRDA:217,13,0,0
BRDA:217,13,1,0
BRDA:227,14,0,0
BRDA:227,14,1,0
BRDA:230,15,0,0
BRDA:230,15,1,0
BRDA:236,16,0,0
BRDA:236,16,1,0
BRDA:259,17,0,0
BRDA:259,17,1,0
BRDA:259,17,2,0
BRDA:270,18,0,0
BRDA:270,18,1,0
BRDA:270,18,2,0
BRF:41
BRH:0
end_of_record
TN:
SF:components\ProjectManager.tsx
FN:14,(anonymous_0)
FN:16,(anonymous_1)
FN:17,(anonymous_2)
FN:18,(anonymous_3)
FN:19,(anonymous_4)
FN:20,(anonymous_5)
FN:23,(anonymous_6)
FN:24,(anonymous_7)
FN:47,(anonymous_8)
FN:55,(anonymous_9)
FN:65,(anonymous_10)
FN:72,(anonymous_11)
FN:81,(anonymous_12)
FN:92,(anonymous_13)
FN:96,(anonymous_14)
FN:101,(anonymous_15)
FN:117,(anonymous_16)
FN:128,(anonymous_17)
FN:215,(anonymous_18)
FN:236,(anonymous_19)
FN:273,(anonymous_20)
FN:286,(anonymous_21)
FN:298,(anonymous_22)
FN:307,(anonymous_23)
FN:317,(anonymous_24)
FN:352,(anonymous_25)
FN:355,(anonymous_26)
FN:364,(anonymous_27)
FN:371,(anonymous_28)
FN:412,(anonymous_29)
FN:424,(anonymous_30)
FN:444,(anonymous_31)
FN:458,(anonymous_32)
FN:467,(anonymous_33)
FNF:34
FNH:0
FNDA:0,(anonymous_0)
FNDA:0,(anonymous_1)
FNDA:0,(anonymous_2)
FNDA:0,(anonymous_3)
FNDA:0,(anonymous_4)
FNDA:0,(anonymous_5)
FNDA:0,(anonymous_6)
FNDA:0,(anonymous_7)
FNDA:0,(anonymous_8)
FNDA:0,(anonymous_9)
FNDA:0,(anonymous_10)
FNDA:0,(anonymous_11)
FNDA:0,(anonymous_12)
FNDA:0,(anonymous_13)
FNDA:0,(anonymous_14)
FNDA:0,(anonymous_15)
FNDA:0,(anonymous_16)
FNDA:0,(anonymous_17)
FNDA:0,(anonymous_18)
FNDA:0,(anonymous_19)
FNDA:0,(anonymous_20)
FNDA:0,(anonymous_21)
FNDA:0,(anonymous_22)
FNDA:0,(anonymous_23)
FNDA:0,(anonymous_24)
FNDA:0,(anonymous_25)
FNDA:0,(anonymous_26)
FNDA:0,(anonymous_27)
FNDA:0,(anonymous_28)
FNDA:0,(anonymous_29)
FNDA:0,(anonymous_30)
FNDA:0,(anonymous_31)
FNDA:0,(anonymous_32)
FNDA:0,(anonymous_33)
DA:14,0
DA:16,0
DA:17,0
DA:18,0
DA:19,0
DA:20,0
DA:23,0
DA:24,0
DA:26,0
DA:27,0
DA:30,0
DA:31,0
DA:32,0
DA:33,0
DA:34,0
DA:37,0
DA:38,0
DA:39,0
DA:42,0
DA:45,0
DA:47,0
DA:48,0
DA:49,0
DA:51,0
DA:52,0
DA:55,0
DA:56,0
DA:57,0
DA:58,0
DA:59,0
DA:60,0
DA:61,0
DA:62,0
DA:65,0
DA:66,0
DA:67,0
DA:68,0
DA:72,0
DA:73,0
DA:74,0
DA:75,0
DA:76,0
DA:77,0
DA:79,0
DA:80,0
DA:81,0
DA:82,0
DA:83,0
DA:84,0
DA:85,0
DA:86,0
DA:88,0
DA:92,0
DA:93,0
DA:96,0
DA:97,0
DA:98,0
DA:100,0
DA:101,0
DA:102,0
DA:103,0
DA:104,0
DA:105,0
DA:106,0
DA:108,0
DA:109,0
DA:112,0
DA:113,0
DA:117,0
DA:118,0
DA:119,0
DA:120,0
DA:122,0
DA:124,0
DA:128,0
DA:129,0
DA:130,0
DA:131,0
DA:133,0
DA:160,0
DA:167,0
DA:169,0
DA:170,0
DA:171,0
DA:173,0
DA:174,0
DA:175,0
DA:178,0
DA:179,0
DA:180,0
DA:181,0
DA:182,0
DA:185,0
DA:187,0
DA:191,0
DA:192,0
DA:194,0
DA:198,0
DA:199,0
DA:202,0
DA:215,0
DA:236,0
DA:273,0
DA:286,0
DA:298,0
DA:307,0
DA:317,0
DA:353,0
DA:355,0
DA:364,0
DA:371,0
DA:412,0
DA:425,0
DA:426,0
DA:444,0
DA:458,0
DA:467,0
LF:117
LH:0
BRDA:45,0,0,0
BRDA:45,0,1,0
BRDA:49,1,0,0
BRDA:49,1,1,0
BRDA:67,2,0,0
BRDA:67,2,1,0
BRDA:82,3,0,0
BRDA:82,3,1,0
BRDA:98,4,0,0
BRDA:98,4,1,0
BRDA:118,5,0,0
BRDA:118,5,1,0
BRDA:119,6,0,0
BRDA:119,6,1,0
BRDA:137,7,0,0
BRDA:137,7,1,0
BRDA:138,8,0,0
BRDA:138,8,1,0
BRDA:139,9,0,0
BRDA:139,9,1,0
BRDA:144,10,0,0
BRDA:144,10,1,0
BRDA:167,11,0,0
BRDA:167,11,1,0
BRDA:173,12,0,0
BRDA:173,12,1,0
BRDA:173,13,0,0
BRDA:173,13,1,0
BRDA:178,14,0,0
BRDA:178,14,1,0
BRDA:179,15,0,0
BRDA:179,15,1,0
BRDA:180,16,0,0
BRDA:180,16,1,0
BRDA:181,17,0,0
BRDA:181,17,1,0
BRDA:182,18,0,0
BRDA:182,18,1,0
BRDA:198,19,0,0
BRDA:198,19,1,0
BRDA:245,20,0,0
BRDA:245,20,1,0
BRDA:258,21,0,0
BRDA:258,21,1,0
BRDA:298,22,0,0
BRDA:298,22,1,0
BRDA:307,23,0,0
BRDA:307,23,1,0
BRDA:345,24,0,0
BRDA:345,24,1,0
BRDA:383,25,0,0
BRDA:383,25,1,0
BRDA:390,26,0,0
BRDA:390,26,1,0
BRDA:408,27,0,0
BRDA:408,27,1,0
BRDA:435,28,0,0
BRDA:435,28,1,0
BRDA:478,29,0,0
BRDA:478,29,1,0
BRDA:479,30,0,0
BRDA:479,30,1,0
BRF:62
BRH:0
end_of_record
TN:
SF:components\ProjectOverview.tsx
FN:20,(anonymous_0)
FN:33,(anonymous_1)
FN:44,(anonymous_2)
FN:58,(anonymous_3)
FN:73,(anonymous_4)
FN:83,(anonymous_5)
FN:126,(anonymous_6)
FN:135,(anonymous_7)
FN:149,(anonymous_8)
FN:158,(anonymous_9)
FN:169,(anonymous_10)
FNF:11
FNH:0
FNDA:0,(anonymous_0)
FNDA:0,(anonymous_1)
FNDA:0,(anonymous_2)
FNDA:0,(anonymous_3)
FNDA:0,(anonymous_4)
FNDA:0,(anonymous_5)
FNDA:0,(anonymous_6)
FNDA:0,(anonymous_7)
FNDA:0,(anonymous_8)
FNDA:0,(anonymous_9)
FNDA:0,(anonymous_10)
DA:20,0
DA:24,0
DA:27,0
DA:28,0
DA:29,0
DA:30,0
DA:31,0
DA:33,0
DA:34,0
DA:35,0
DA:36,0
DA:37,0
DA:38,0
DA:39,0
DA:40,0
DA:44,0
DA:45,0
DA:52,0
DA:53,0
DA:54,0
DA:58,0
DA:59,0
DA:60,0
DA:63,0
DA:65,0
DA:73,0
DA:83,0
DA:126,0
DA:135,0
DA:149,0
DA:158,0
DA:169,0
LF:32
LH:0
BRDA:28,0,0,0
BRDA:28,0,1,0
BRDA:29,1,0,0
BRDA:29,1,1,0
BRDA:30,2,0,0
BRDA:30,2,1,0
BRDA:31,3,0,0
BRDA:31,3,1,0
BRDA:34,4,0,0
BRDA:34,4,1,0
BRDA:36,5,0,0
BRDA:36,5,1,0
BRDA:37,6,0,0
BRDA:37,6,1,0
BRDA:38,7,0,0
BRDA:38,7,1,0
BRDA:39,8,0,0
BRDA:39,8,1,0
BRDA:52,9,0,0
BRDA:52,9,1,0
BRDA:63,10,0,0
BRDA:63,10,1,0
BRDA:75,11,0,0
BRDA:75,11,1,0
BRDA:85,12,0,0
BRDA:85,12,1,0
BRDA:101,13,0,0
BRDA:101,13,1,0
BRDA:149,14,0,0
BRDA:149,14,1,0
BRDA:158,15,0,0
BRDA:158,15,1,0
BRDA:186,16,0,0
BRDA:186,16,1,0
BRF:34
BRH:0
end_of_record
TN:
SF:components\ProjectStatistics.tsx
FN:12,(anonymous_0)
FNF:1
FNH:0
FNDA:0,(anonymous_0)
DA:12,0
DA:13,0
DA:15,0
LF:3
LH:0
BRF:0
BRH:0
end_of_record
TN:
SF:components\Sidebar.tsx
FN:19,(anonymous_0)
FN:30,(anonymous_1)
FN:41,(anonymous_2)
FN:42,(anonymous_3)
FN:89,(anonymous_4)
FNF:5
FNH:0
FNDA:0,(anonymous_0)
FNDA:0,(anonymous_1)
FNDA:0,(anonymous_2)
FNDA:0,(anonymous_3)
FNDA:0,(anonymous_4)
DA:19,0
DA:29,0
DA:30,0
DA:41,0
DA:42,0
DA:43,0
DA:45,0
DA:46,0
DA:49,0
DA:90,0
DA:91,0
LF:11
LH:0
BRDA:24,0,0,0
BRDA:25,1,0,0
BRDA:43,2,0,0
BRDA:43,2,1,0
BRDA:52,3,0,0
BRDA:52,3,1,0
BRDA:52,3,2,0
BRDA:62,4,0,0
BRDA:62,4,1,0
BRDA:65,5,0,0
BRDA:65,5,1,0
BRDA:66,6,0,0
BRDA:66,6,1,0
BRDA:91,7,0,0
BRDA:91,7,1,0
BRF:15
BRH:0
end_of_record
TN:
SF:components\StatusBar.tsx
FN:15,(anonymous_0)
FNF:1
FNH:0
FNDA:0,(anonymous_0)
DA:15,0
DA:22,0
DA:24,0
LF:3
LH:0
BRDA:36,0,0,0
BRDA:36,0,1,0
BRDA:47,1,0,0
BRDA:47,1,1,0
BRDA:72,2,0,0
BRDA:72,2,1,0
BRF:6
BRH:0
end_of_record
TN:
SF:domains\file\fileService.ts
FN:28,(anonymous_0)
FN:35,(anonymous_1)
FN:46,(anonymous_2)
FN:62,(anonymous_3)
FN:70,(anonymous_4)
FN:75,(anonymous_5)
FN:77,(anonymous_6)
FN:95,(anonymous_7)
FN:101,(anonymous_8)
FN:149,(anonymous_9)
FN:188,(anonymous_10)
FN:195,(anonymous_11)
FN:212,(anonymous_12)
FN:228,(anonymous_13)
FN:234,(anonymous_14)
FN:239,(anonymous_15)
FN:251,(anonymous_16)
FNF:17
FNH:17
FNDA:25,(anonymous_0)
FNDA:11,(anonymous_1)
FNDA:24,(anonymous_2)
FNDA:3,(anonymous_3)
FNDA:17,(anonymous_4)
FNDA:51,(anonymous_5)
FNDA:232,(anonymous_6)
FNDA:102,(anonymous_7)
FNDA:747,(anonymous_8)
FNDA:3,(anonymous_9)
FNDA:2,(anonymous_10)
FNDA:8,(anonymous_11)
FNDA:2,(anonymous_12)
FNDA:4,(anonymous_13)
FNDA:6,(anonymous_14)
FNDA:6,(anonymous_15)
FNDA:17,(anonymous_16)
DA:15,2
DA:18,2
DA:19,2
DA:25,2
DA:29,25
DA:36,11
DA:39,10
DA:40,1
DA:44,9
DA:46,24
DA:47,2
DA:51,7
DA:52,1
DA:56,6
DA:64,3
DA:71,17
DA:72,17
DA:75,17
DA:76,51
DA:77,232
DA:80,51
DA:81,41
DA:88,41
DA:91,51
DA:95,17
DA:100,102
DA:101,747
DA:104,102
DA:105,91
DA:113,91
DA:116,102
DA:120,17
DA:123,17
DA:126,17
DA:129,17
DA:130,17
DA:131,17
DA:134,17
DA:137,17
DA:138,17
DA:140,17
DA:150,3
DA:152,3
DA:153,6
DA:154,6
DA:156,6
DA:157,6
DA:158,10
DA:159,10
DA:161,10
DA:165,6
DA:166,3
DA:167,3
DA:170,3
DA:174,4
DA:175,0
DA:177,4
DA:182,3
DA:189,2
DA:196,8
DA:197,1
DA:201,7
DA:202,7
DA:203,6
DA:206,1
DA:213,2
DA:214,2
DA:216,2
DA:217,2
DA:219,2
DA:220,2
DA:221,0
DA:222,0
DA:223,0
DA:225,0
DA:228,4
DA:235,6
DA:237,6
DA:238,6
DA:239,6
DA:240,4
DA:241,4
DA:242,4
DA:245,6
DA:252,17
LF:85
LH:80
BRDA:36,0,0,1
BRDA:36,0,1,10
BRDA:39,1,0,1
BRDA:39,1,1,9
BRDA:39,2,0,10
BRDA:39,2,1,1
BRDA:44,3,0,9
BRDA:44,3,1,0
BRDA:46,4,0,2
BRDA:46,4,1,7
BRDA:51,5,0,1
BRDA:51,5,1,6
BRDA:51,6,0,7
BRDA:51,6,1,6
BRDA:77,7,0,232
BRDA:77,7,1,10
BRDA:77,7,2,10
BRDA:80,8,0,41
BRDA:80,8,1,10
BRDA:101,9,0,747
BRDA:101,9,1,11
BRDA:101,9,2,11
BRDA:104,10,0,91
BRDA:104,10,1,11
BRDA:161,11,0,6
BRDA:161,11,1,4
BRDA:165,12,0,3
BRDA:165,12,1,3
BRDA:166,13,0,3
BRDA:166,13,1,0
BRDA:174,14,0,0
BRDA:174,14,1,4
BRDA:196,15,0,1
BRDA:196,15,1,7
BRDA:196,16,0,8
BRDA:196,16,1,7
BRDA:202,17,0,6
BRDA:202,17,1,1
BRDA:214,18,0,0
BRDA:214,18,1,2
BRDA:220,19,0,0
BRDA:220,19,1,2
BRDA:222,20,0,0
BRDA:222,20,1,0
BRDA:222,21,0,0
BRDA:222,21,1,0
BRDA:228,22,0,4
BRDA:228,22,1,4
BRDA:240,23,0,0
BRDA:240,23,1,4
BRF:50
BRH:40
end_of_record
TN:
SF:hooks\useAgent.ts
FN:12,(anonymous_0)
FN:55,(anonymous_1)
FN:62,(anonymous_2)
FN:78,(anonymous_3)
FN:83,(anonymous_4)
FN:95,(anonymous_5)
FN:105,(anonymous_6)
FN:108,(anonymous_7)
FN:111,(anonymous_8)
FN:113,(anonymous_9)
FN:116,(anonymous_10)
FN:119,(anonymous_11)
FNF:12
FNH:0
FNDA:0,(anonymous_0)
FNDA:0,(anonymous_1)
FNDA:0,(anonymous_2)
FNDA:0,(anonymous_3)
FNDA:0,(anonymous_4)
FNDA:0,(anonymous_5)
FNDA:0,(anonymous_6)
FNDA:0,(anonymous_7)
FNDA:0,(anonymous_8)
FNDA:0,(anonymous_9)
FNDA:0,(anonymous_10)
FNDA:0,(anonymous_11)
DA:12,0
DA:19,0
DA:28,0
DA:30,0
DA:33,0
DA:45,0
DA:55,0
DA:56,0
DA:57,0
DA:58,0
DA:60,0
DA:61,0
DA:62,0
DA:63,0
DA:64,0
DA:65,0
DA:68,0
DA:69,0
DA:71,0
DA:78,0
DA:80,0
DA:83,0
DA:86,0
DA:87,0
DA:89,0
DA:95,0
DA:96,0
DA:97,0
DA:105,0
DA:106,0
DA:107,0
DA:108,0
DA:111,0
DA:112,0
DA:113,0
DA:116,0
DA:117,0
DA:118,0
DA:119,0
DA:122,0
LF:40
LH:0
BRDA:30,0,0,0
BRDA:30,0,1,0
BRDA:58,1,0,0
BRDA:58,1,1,0
BRDA:61,2,0,0
BRDA:61,2,1,0
BRDA:64,3,0,0
BRDA:64,3,1,0
BRDA:106,4,0,0
BRDA:106,4,1,0
BRDA:123,5,0,0
BRDA:123,5,1,0
BRF:12
BRH:0
end_of_record
TN:
SF:hooks\useProjectStats.ts
FN:5,(anonymous_0)
FN:6,(anonymous_1)
FN:7,(anonymous_2)
FN:8,(anonymous_3)
FN:13,(anonymous_4)
FN:16,(anonymous_5)
FN:25,(anonymous_6)
FN:30,(anonymous_7)
FN:34,(anonymous_8)
FNF:9
FNH:0
FNDA:0,(anonymous_0)
FNDA:0,(anonymous_1)
FNDA:0,(anonymous_2)
FNDA:0,(anonymous_3)
FNDA:0,(anonymous_4)
FNDA:0,(anonymous_5)
FNDA:0,(anonymous_6)
FNDA:0,(anonymous_7)
FNDA:0,(anonymous_8)
DA:5,0
DA:6,0
DA:7,0
DA:8,0
DA:10,0
DA:11,0
DA:12,0
DA:13,0
DA:14,0
DA:16,0
DA:17,0
DA:18,0
DA:19,0
DA:23,0
DA:24,0
DA:25,0
DA:28,0
DA:29,0
DA:30,0
DA:32,0
DA:33,0
DA:34,0
DA:35,0
DA:36,0
DA:37,0
DA:38,0
DA:42,0
DA:44,0
DA:45,0
DA:47,0
LF:30
LH:0
BRDA:7,0,0,0
BRDA:7,0,1,0
BRDA:8,1,0,0
BRDA:8,1,1,0
BRDA:12,2,0,0
BRDA:12,2,1,0
BRDA:17,3,0,0
BRDA:17,3,1,0
BRDA:24,4,0,0
BRDA:24,4,1,0
BRDA:30,5,0,0
BRDA:30,5,1,0
BRDA:32,6,0,0
BRDA:32,6,1,0
BRDA:32,7,0,0
BRDA:32,7,1,0
BRDA:35,8,0,0
BRDA:35,8,1,0
BRDA:36,9,0,0
BRDA:36,9,1,0
BRDA:42,10,0,0
BRDA:42,10,1,0
BRDA:44,11,0,0
BRDA:44,11,1,0
BRDA:44,12,0,0
BRDA:44,12,1,0
BRDA:45,13,0,0
BRDA:45,13,1,0
BRF:28
BRH:0
end_of_record
TN:
SF:hooks\useUndoRedo.ts
FN:20,(anonymous_0)
FN:33,(anonymous_1)
FN:34,(anonymous_2)
FN:48,(anonymous_3)
FN:49,(anonymous_4)
FN:63,(anonymous_5)
FN:64,(anonymous_6)
FN:93,(anonymous_7)
FNF:8
FNH:0
FNDA:0,(anonymous_0)
FNDA:0,(anonymous_1)
FNDA:0,(anonymous_2)
FNDA:0,(anonymous_3)
FNDA:0,(anonymous_4)
FNDA:0,(anonymous_5)
FNDA:0,(anonymous_6)
FNDA:0,(anonymous_7)
DA:20,0
DA:21,0
DA:28,0
DA:30,0
DA:31,0
DA:33,0
DA:34,0
DA:35,0
DA:37,0
DA:38,0
DA:40,0
DA:48,0
DA:49,0
DA:50,0
DA:52,0
DA:53,0
DA:55,0
DA:63,0
DA:64,0
DA:65,0
DA:67,0
DA:68,0
DA:70,0
DA:74,0
DA:75,0
DA:85,0
DA:93,0
DA:94,0
DA:99,0
DA:102,0
LF:30
LH:0
BRDA:20,0,0,0
BRDA:35,1,0,0
BRDA:35,1,1,0
BRDA:50,2,0,0
BRDA:50,2,1,0
BRDA:65,3,0,0
BRDA:65,3,1,0
BRDA:74,4,0,0
BRDA:74,4,1,0
BRDA:74,5,0,0
BRDA:74,5,1,0
BRF:11
BRH:0
end_of_record
TN:
SF:hooks\agent\useAgentContext.ts
FN:10,(anonymous_0)
FN:26,(anonymous_1)
FN:32,(anonymous_2)
FN:42,(anonymous_3)
FN:53,(anonymous_4)
FN:55,(anonymous_5)
FN:58,(anonymous_6)
FN:61,(anonymous_7)
FN:76,(anonymous_8)
FN:97,(anonymous_9)
FNF:10
FNH:0
FNDA:0,(anonymous_0)
FNDA:0,(anonymous_1)
FNDA:0,(anonymous_2)
FNDA:0,(anonymous_3)
FNDA:0,(anonymous_4)
FNDA:0,(anonymous_5)
FNDA:0,(anonymous_6)
FNDA:0,(anonymous_7)
FNDA:0,(anonymous_8)
FNDA:0,(anonymous_9)
DA:8,0
DA:10,0
DA:11,0
DA:16,0
DA:18,0
DA:19,0
DA:22,0
DA:23,0
DA:26,0
DA:27,0
DA:28,0
DA:32,0
DA:33,0
DA:34,0
DA:36,0
DA:42,0
DA:43,0
DA:44,0
DA:45,0
DA:46,0
DA:48,0
DA:53,0
DA:54,0
DA:55,0
DA:58,0
DA:61,0
DA:62,0
DA:69,0
DA:70,0
DA:71,0
DA:72,0
DA:75,0
DA:76,0
DA:78,0
DA:80,0
DA:81,0
DA:83,0
DA:84,0
DA:88,0
DA:89,0
DA:90,0
DA:97,0
DA:98,0
DA:99,0
DA:103,0
LF:45
LH:0
BRDA:33,0,0,0
BRDA:33,0,1,0
BRDA:44,1,0,0
BRDA:44,1,1,0
BRDA:44,2,0,0
BRDA:44,2,1,0
BRDA:54,3,0,0
BRDA:54,3,1,0
BRDA:69,4,0,0
BRDA:69,4,1,0
BRDA:70,5,0,0
BRDA:70,5,1,0
BRDA:70,6,0,0
BRDA:70,6,1,0
BRDA:80,7,0,0
BRDA:80,7,1,0
BRDA:81,8,0,0
BRDA:81,8,1,0
BRDA:88,9,0,0
BRDA:88,9,1,0
BRDA:98,10,0,0
BRDA:98,10,1,0
BRF:22
BRH:0
end_of_record
TN:
SF:hooks\agent\useAgentEngine.ts
FN:19,(anonymous_0)
FN:35,(anonymous_1)
FN:50,(anonymous_2)
FN:73,(anonymous_3)
FN:77,(anonymous_4)
FN:117,(anonymous_5)
FN:118,(anonymous_6)
FN:136,(anonymous_7)
FN:139,(anonymous_8)
FN:146,(anonymous_9)
FN:177,(anonymous_10)
FN:179,(anonymous_11)
FN:216,(anonymous_12)
FNF:13
FNH:0
FNDA:0,(anonymous_0)
FNDA:0,(anonymous_1)
FNDA:0,(anonymous_2)
FNDA:0,(anonymous_3)
FNDA:0,(anonymous_4)
FNDA:0,(anonymous_5)
FNDA:0,(anonymous_6)
FNDA:0,(anonymous_7)
FNDA:0,(anonymous_8)
FNDA:0,(anonymous_9)
FNDA:0,(anonymous_10)
FNDA:0,(anonymous_11)
FNDA:0,(anonymous_12)
DA:19,0
DA:29,0
DA:31,0
DA:32,0
DA:35,0
DA:36,0
DA:39,0
DA:40,0
DA:41,0
DA:42,0
DA:44,0
DA:45,0
DA:47,0
DA:49,0
DA:50,0
DA:51,0
DA:54,0
DA:62,0
DA:63,0
DA:64,0
DA:67,0
DA:68,0
DA:69,0
DA:72,0
DA:73,0
DA:74,0
DA:77,0
DA:78,0
DA:80,0
DA:82,0
DA:83,0
DA:89,0
DA:90,0
DA:91,0
DA:96,0
DA:100,0
DA:108,0
DA:110,0
DA:111,0
DA:113,0
DA:114,0
DA:117,0
DA:118,0
DA:121,0
DA:122,0
DA:123,0
DA:135,0
DA:136,0
DA:138,0
DA:139,0
DA:142,0
DA:143,0
DA:146,0
DA:147,0
DA:148,0
DA:151,0
DA:161,0
DA:162,0
DA:163,0
DA:164,0
DA:167,0
DA:169,0
DA:174,0
DA:177,0
DA:179,0
DA:188,0
DA:193,0
DA:194,0
DA:201,0
DA:202,0
DA:204,0
DA:205,0
DA:208,0
DA:209,0
DA:216,0
DA:217,0
DA:218,0
DA:219,0
DA:223,0
LF:79
LH:0
BRDA:36,0,0,0
BRDA:36,0,1,0
BRDA:36,1,0,0
BRDA:36,1,1,0
BRDA:39,2,0,0
BRDA:39,2,1,0
BRDA:51,3,0,0
BRDA:51,3,1,0
BRDA:67,4,0,0
BRDA:67,4,1,0
BRDA:68,5,0,0
BRDA:68,5,1,0
BRDA:74,6,0,0
BRDA:74,6,1,0
BRDA:80,7,0,0
BRDA:80,7,1,0
BRDA:82,8,0,0
BRDA:82,8,1,0
BRDA:83,9,0,0
BRDA:83,9,1,0
BRDA:90,10,0,0
BRDA:90,10,1,0
BRDA:108,11,0,0
BRDA:108,11,1,0
BRDA:111,12,0,0
BRDA:111,12,1,0
BRDA:111,13,0,0
BRDA:111,13,1,0
BRDA:121,14,0,0
BRDA:121,14,1,0
BRDA:121,15,0,0
BRDA:121,15,1,0
BRDA:122,16,0,0
BRDA:122,16,1,0
BRDA:135,17,0,0
BRDA:135,17,1,0
BRDA:147,18,0,0
BRDA:147,18,1,0
BRDA:162,19,0,0
BRDA:162,19,1,0
BRDA:163,20,0,0
BRDA:163,20,1,0
BRDA:174,21,0,0
BRDA:174,21,1,0
BRDA:179,22,0,0
BRDA:179,22,1,0
BRDA:181,23,0,0
BRDA:181,23,1,0
BRDA:193,24,0,0
BRDA:193,24,1,0
BRDA:193,25,0,0
BRDA:193,25,1,0
BRDA:193,25,2,0
BRDA:201,26,0,0
BRDA:201,26,1,0
BRDA:217,27,0,0
BRDA:217,27,1,0
BRF:57
BRH:0
end_of_record
TN:
SF:hooks\agent\useAgentTools.ts
FN:34,(anonymous_0)
FN:51,(anonymous_1)
FN:53,(anonymous_2)
FN:58,(anonymous_3)
FN:66,(anonymous_4)
FN:73,(anonymous_5)
FN:85,(anonymous_6)
FN:146,(anonymous_7)
FNF:8
FNH:0
FNDA:0,(anonymous_0)
FNDA:0,(anonymous_1)
FNDA:0,(anonymous_2)
FNDA:0,(anonymous_3)
FNDA:0,(anonymous_4)
FNDA:0,(anonymous_5)
FNDA:0,(anonymous_6)
FNDA:0,(anonymous_7)
DA:34,0
DA:46,0
DA:47,0
DA:51,0
DA:52,0
DA:53,0
DA:54,0
DA:55,0
DA:58,0
DA:59,0
DA:60,0
DA:61,0
DA:62,0
DA:63,0
DA:64,0
DA:65,0
DA:66,0
DA:67,0
DA:69,0
DA:73,0
DA:82,0
DA:85,0
DA:90,0
DA:100,0
DA:102,0
DA:103,0
DA:104,0
DA:106,0
DA:107,0
DA:108,0
DA:111,0
DA:112,0
DA:116,0
DA:117,0
DA:118,0
DA:119,0
DA:120,0
DA:122,0
DA:123,0
DA:125,0
DA:138,0
DA:142,0
DA:146,0
DA:147,0
DA:150,0
LF:45
LH:0
BRDA:53,0,0,0
BRDA:53,0,1,0
BRDA:55,1,0,0
BRDA:55,1,1,0
BRDA:55,2,0,0
BRDA:55,2,1,0
BRDA:60,3,0,0
BRDA:60,3,1,0
BRDA:63,4,0,0
BRDA:63,4,1,0
BRDA:64,5,0,0
BRDA:64,5,1,0
BRDA:93,6,0,0
BRDA:93,6,1,0
BRDA:102,7,0,0
BRDA:102,7,1,0
BRDA:107,8,0,0
BRDA:107,8,1,0
BRDA:116,9,0,0
BRDA:116,9,1,0
BRDA:116,9,2,0
BRDA:117,10,0,0
BRDA:117,10,1,0
BRDA:119,11,0,0
BRDA:119,11,1,0
BRDA:122,12,0,0
BRDA:122,12,1,0
BRF:27
BRH:0
end_of_record
TN:
SF:services\fileSystem.ts
FN:20,(anonymous_0)
FN:22,(anonymous_1)
FN:30,(anonymous_2)
FN:40,(anonymous_3)
FN:45,(anonymous_4)
FN:46,(anonymous_5)
FN:51,(anonymous_6)
FN:53,(anonymous_7)
FN:57,(anonymous_8)
FN:58,(anonymous_9)
FN:58,(anonymous_10)
FN:66,(anonymous_11)
FN:75,(anonymous_12)
FN:76,(anonymous_13)
FN:77,(anonymous_14)
FN:78,(anonymous_15)
FN:85,(anonymous_16)
FN:107,(anonymous_17)
FNF:18
FNH:15
FNDA:141,(anonymous_0)
FNDA:27,(anonymous_1)
FNDA:45,(anonymous_2)
FNDA:6,(anonymous_3)
FNDA:0,(anonymous_4)
FNDA:0,(anonymous_5)
FNDA:1,(anonymous_6)
FNDA:0,(anonymous_7)
FNDA:15,(anonymous_8)
FNDA:31,(anonymous_9)
FNDA:31,(anonymous_10)
FNDA:7,(anonymous_11)
FNDA:1,(anonymous_12)
FNDA:2,(anonymous_13)
FNDA:6,(anonymous_14)
FNDA:4,(anonymous_15)
FNDA:3,(anonymous_16)
FNDA:3,(anonymous_17)
DA:2,1
DA:3,1
DA:20,141
DA:22,27
DA:30,45
DA:40,1
DA:41,6
DA:45,1
DA:46,0
DA:51,1
DA:52,1
DA:53,0
DA:54,0
DA:57,1
DA:58,31
DA:59,15
DA:61,15
DA:64,15
DA:65,15
DA:66,15
DA:68,15
DA:69,7
DA:72,7
DA:75,1
DA:76,1
DA:77,6
DA:79,4
DA:80,1
DA:83,2
DA:85,1
DA:86,3
DA:87,3
DA:90,3
DA:91,3
DA:92,0
DA:93,0
DA:94,0
DA:95,0
DA:98,3
DA:99,3
DA:103,1
DA:107,1
DA:108,3
DA:110,3
DA:111,3
DA:112,3
DA:113,3
DA:114,3
DA:115,3
DA:116,3
DA:117,3
DA:120,3
DA:122,3
DA:162,1
LF:54
LH:47
BRDA:40,0,0,0
BRDA:52,1,0,1
BRDA:52,1,1,0
BRDA:52,2,0,1
BRDA:52,2,1,1
BRDA:54,3,0,0
BRDA:54,3,1,0
BRDA:59,4,0,0
BRDA:59,4,1,15
BRDA:66,5,0,7
BRDA:66,5,1,7
BRDA:68,6,0,8
BRDA:68,6,1,7
BRDA:79,7,0,3
BRDA:79,7,1,1
BRDA:79,8,0,3
BRDA:79,8,1,0
BRDA:83,9,0,1
BRDA:83,9,1,1
BRDA:87,10,0,1
BRDA:87,10,1,2
BRDA:91,11,0,0
BRDA:91,11,1,3
BRDA:91,12,0,3
BRDA:91,12,1,2
BRDA:93,13,0,0
BRDA:93,13,1,0
BRDA:93,14,0,0
BRDA:93,14,1,0
BRDA:94,15,0,0
BRDA:94,15,1,0
BRDA:94,16,0,0
BRDA:94,16,1,0
BRDA:95,17,0,0
BRDA:95,17,1,0
BRDA:95,18,0,0
BRDA:95,18,1,0
BRDA:98,19,0,1
BRDA:98,19,1,2
BRF:39
BRH:20
end_of_record
TN:
SF:services\geminiService.ts
FN:8,(anonymous_0)
FN:19,(anonymous_1)
FN:24,(anonymous_2)
FN:29,(anonymous_3)
FN:50,(anonymous_4)
FN:76,(anonymous_5)
FN:88,(anonymous_6)
FN:110,(anonymous_7)
FN:121,(anonymous_8)
FN:128,(anonymous_9)
FN:128,(anonymous_10)
FN:138,(anonymous_11)
FN:175,(anonymous_12)
FN:194,(anonymous_13)
FNF:14
FNH:0
FNDA:0,(anonymous_0)
FNDA:0,(anonymous_1)
FNDA:0,(anonymous_2)
FNDA:0,(anonymous_3)
FNDA:0,(anonymous_4)
FNDA:0,(anonymous_5)
FNDA:0,(anonymous_6)
FNDA:0,(anonymous_7)
FNDA:0,(anonymous_8)
FNDA:0,(anonymous_9)
FNDA:0,(anonymous_10)
FNDA:0,(anonymous_11)
FNDA:0,(anonymous_12)
FNDA:0,(anonymous_13)
DA:8,0
DA:17,0
DA:20,0
DA:21,0
DA:25,0
DA:26,0
DA:30,0
DA:31,0
DA:33,0
DA:36,0
DA:37,0
DA:40,0
DA:57,0
DA:58,0
DA:59,0
DA:62,0
DA:64,0
DA:68,0
DA:72,0
DA:74,0
DA:75,0
DA:76,0
DA:77,0
DA:79,0
DA:84,0
DA:85,0
DA:96,0
DA:97,0
DA:100,0
DA:105,0
DA:107,0
DA:109,0
DA:110,0
DA:111,0
DA:112,0
DA:121,0
DA:122,0
DA:126,0
DA:128,0
DA:138,0
DA:140,0
DA:141,0
DA:142,0
DA:144,0
DA:149,0
DA:150,0
DA:153,0
DA:155,0
DA:156,0
DA:158,0
DA:168,0
DA:169,0
DA:170,0
DA:172,0
DA:175,0
DA:176,0
DA:179,0
DA:180,0
DA:183,0
DA:184,0
DA:187,0
DA:189,0
DA:190,0
DA:193,0
DA:194,0
DA:195,0
DA:198,0
DA:200,0
DA:211,0
DA:222,0
DA:224,0
DA:226,0
DA:227,0
LF:73
LH:0
BRDA:8,0,0,0
BRDA:30,1,0,0
BRDA:30,1,1,0
BRDA:30,1,2,0
BRDA:31,2,0,0
BRDA:31,2,1,0
BRDA:33,3,0,0
BRDA:33,3,1,0
BRDA:36,4,0,0
BRDA:36,4,1,0
BRDA:36,5,0,0
BRDA:36,5,1,0
BRDA:52,6,0,0
BRDA:53,7,0,0
BRDA:62,8,0,0
BRDA:62,8,1,0
BRDA:68,9,0,0
BRDA:68,9,1,0
BRDA:68,9,2,0
BRDA:68,9,3,0
BRDA:72,10,0,0
BRDA:72,10,1,0
BRDA:74,11,0,0
BRDA:74,11,1,0
BRDA:74,12,0,0
BRDA:74,12,1,0
BRDA:75,13,0,0
BRDA:75,13,1,0
BRDA:96,14,0,0
BRDA:96,14,1,0
BRDA:97,15,0,0
BRDA:97,15,1,0
BRDA:107,16,0,0
BRDA:107,16,1,0
BRDA:109,17,0,0
BRDA:109,17,1,0
BRDA:109,18,0,0
BRDA:109,18,1,0
BRDA:111,19,0,0
BRDA:111,19,1,0
BRDA:114,20,0,0
BRDA:114,20,1,0
BRDA:121,21,0,0
BRDA:121,21,1,0
BRDA:121,22,0,0
BRDA:121,22,1,0
BRDA:126,23,0,0
BRDA:126,23,1,0
BRDA:126,24,0,0
BRDA:126,24,1,0
BRDA:130,25,0,0
BRDA:130,25,1,0
BRDA:138,26,0,0
BRDA:138,26,1,0
BRDA:141,27,0,0
BRDA:141,27,1,0
BRDA:142,28,0,0
BRDA:142,28,1,0
BRDA:142,29,0,0
BRDA:142,29,1,0
BRDA:149,30,0,0
BRDA:149,30,1,0
BRDA:155,31,0,0
BRDA:155,31,1,0
BRDA:161,32,0,0
BRDA:161,32,1,0
BRDA:162,33,0,0
BRDA:162,33,1,0
BRDA:168,34,0,0
BRDA:168,34,1,0
BRDA:169,35,0,0
BRDA:169,35,1,0
BRDA:179,36,0,0
BRDA:179,36,1,0
BRDA:179,37,0,0
BRDA:179,37,1,0
BRDA:189,38,0,0
BRDA:189,38,1,0
BRDA:193,39,0,0
BRDA:193,39,1,0
BRDA:195,40,0,0
BRDA:195,40,1,0
BRDA:198,41,0,0
BRDA:198,41,1,0
BRDA:222,42,0,0
BRDA:222,42,1,0
BRDA:222,43,0,0
BRDA:222,43,1,0
BRDA:224,44,0,0
BRDA:224,44,1,0
BRF:90
BRH:0
end_of_record
TN:
SF:services\persistence.ts
FN:47,(anonymous_0)
FN:50,(anonymous_1)
FN:82,(anonymous_2)
FN:87,(anonymous_3)
FN:92,(anonymous_4)
FN:106,(anonymous_5)
FN:111,(anonymous_6)
FN:117,(anonymous_7)
FN:130,(anonymous_8)
FN:138,(anonymous_9)
FN:143,(anonymous_10)
FN:149,(anonymous_11)
FN:159,(anonymous_12)
FN:172,(anonymous_13)
FN:182,(anonymous_14)
FN:196,(anonymous_15)
FN:206,(anonymous_16)
FN:219,(anonymous_17)
FN:237,(anonymous_18)
FN:239,(anonymous_19)
FN:266,(anonymous_20)
FN:277,(anonymous_21)
FN:287,(anonymous_22)
FN:296,(anonymous_23)
FNF:24
FNH:0
FNDA:0,(anonymous_0)
FNDA:0,(anonymous_1)
FNDA:0,(anonymous_2)
FNDA:0,(anonymous_3)
FNDA:0,(anonymous_4)
FNDA:0,(anonymous_5)
FNDA:0,(anonymous_6)
FNDA:0,(anonymous_7)
FNDA:0,(anonymous_8)
FNDA:0,(anonymous_9)
FNDA:0,(anonymous_10)
FNDA:0,(anonymous_11)
FNDA:0,(anonymous_12)
FNDA:0,(anonymous_13)
FNDA:0,(anonymous_14)
FNDA:0,(anonymous_15)
FNDA:0,(anonymous_16)
FNDA:0,(anonymous_17)
FNDA:0,(anonymous_18)
FNDA:0,(anonymous_19)
FNDA:0,(anonymous_20)
FNDA:0,(anonymous_21)
FNDA:0,(anonymous_22)
FNDA:0,(anonymous_23)
DA:2,2
DA:42,2
DA:43,2
DA:47,2
DA:48,0
DA:49,0
DA:52,0
DA:53,0
DA:55,0
DA:56,0
DA:58,0
DA:59,0
DA:61,0
DA:62,0
DA:66,0
DA:67,0
DA:69,0
DA:70,0
DA:75,0
DA:80,2
DA:83,0
DA:84,0
DA:88,0
DA:89,0
DA:93,0
DA:94,0
DA:95,0
DA:96,0
DA:101,0
DA:102,0
DA:107,0
DA:108,0
DA:112,0
DA:113,0
DA:118,0
DA:119,0
DA:120,0
DA:121,0
DA:122,0
DA:123,0
DA:125,0
DA:126,0
DA:131,0
DA:132,0
DA:133,0
DA:134,0
DA:139,0
DA:140,0
DA:144,0
DA:145,0
DA:150,0
DA:151,0
DA:152,0
DA:154,0
DA:155,0
DA:160,0
DA:161,0
DA:162,0
DA:163,0
DA:165,0
DA:168,0
DA:173,0
DA:174,0
DA:175,0
DA:177,0
DA:178,0
DA:183,0
DA:184,0
DA:185,0
DA:186,0
DA:188,0
DA:191,0
DA:197,0
DA:198,0
DA:199,0
DA:201,0
DA:202,0
DA:207,0
DA:208,0
DA:209,0
DA:210,0
DA:212,0
DA:215,0
DA:221,0
DA:222,0
DA:223,0
DA:224,0
DA:225,0
DA:228,0
DA:230,0
DA:232,0
DA:233,0
DA:237,0
DA:238,0
DA:239,0
DA:240,0
DA:241,0
DA:242,0
DA:245,0
DA:248,0
DA:251,0
DA:252,0
DA:253,0
DA:254,0
DA:255,0
DA:258,0
DA:259,0
DA:261,0
DA:267,0
DA:268,0
DA:269,0
DA:270,0
DA:272,0
DA:278,0
DA:279,0
DA:280,0
DA:282,0
DA:283,0
DA:288,0
DA:289,0
DA:290,0
DA:292,0
DA:297,0
DA:298,0
DA:299,0
DA:301,0
LF:126
LH:5
BRDA:48,0,0,0
BRDA:48,0,1,0
BRDA:52,1,0,0
BRDA:52,1,1,0
BRDA:55,2,0,0
BRDA:55,2,1,0
BRDA:58,3,0,0
BRDA:58,3,1,0
BRDA:61,4,0,0
BRDA:61,4,1,0
BRDA:66,5,0,0
BRDA:66,5,1,0
BRDA:69,6,0,0
BRDA:69,6,1,0
BRDA:122,7,0,0
BRDA:122,7,1,0
BRDA:152,8,0,0
BRDA:152,8,1,0
BRDA:162,9,0,0
BRDA:162,9,1,0
BRDA:175,10,0,0
BRDA:175,10,1,0
BRDA:185,11,0,0
BRDA:185,11,1,0
BRDA:209,12,0,0
BRDA:209,12,1,0
BRDA:230,13,0,0
BRDA:230,13,1,0
BRDA:240,14,0,0
BRDA:240,14,1,0
BRDA:241,15,0,0
BRDA:241,15,1,0
BRF:32
BRH:0
end_of_record
TN:
SF:services\projectService.ts
FN:13,(anonymous_0)
FN:35,(anonymous_1)
FN:44,(anonymous_2)
FN:54,(anonymous_3)
FN:56,(anonymous_4)
FN:70,(anonymous_5)
FNF:6
FNH:0
FNDA:0,(anonymous_0)
FNDA:0,(anonymous_1)
FNDA:0,(anonymous_2)
FNDA:0,(anonymous_3)
FNDA:0,(anonymous_4)
FNDA:0,(anonymous_5)
DA:13,0
DA:21,0
DA:32,0
DA:35,0
DA:36,0
DA:44,0
DA:54,0
DA:55,0
DA:56,0
DA:57,0
DA:59,0
DA:61,0
DA:67,0
DA:70,0
DA:71,0
DA:72,0
DA:73,0
DA:76,0
DA:77,0
DA:85,0
DA:86,0
DA:88,0
DA:90,0
DA:91,0
LF:24
LH:0
BRDA:16,0,0,0
BRDA:17,1,0,0
BRDA:18,2,0,0
BRDA:19,3,0,0
BRDA:57,4,0,0
BRDA:57,4,1,0
BRDA:59,5,0,0
BRDA:59,5,1,0
BRDA:73,6,0,0
BRDA:73,6,1,0
BRDA:73,7,0,0
BRDA:73,7,1,0
BRF:12
BRH:0
end_of_record
TN:
SF:services\templates.ts
FNF:0
FNH:0
DA:6,1
DA:7,1
DA:8,1
LF:3
LH:3
BRF:0
BRH:0
end_of_record
TN:
SF:services\agent\toolRunner.ts
FN:45,(anonymous_0)
FN:118,(anonymous_1)
FN:239,(anonymous_2)
FNF:3
FNH:0
FNDA:0,(anonymous_0)
FNDA:0,(anonymous_1)
FNDA:0,(anonymous_2)
DA:45,0
DA:50,0
DA:53,0
DA:54,0
DA:59,0
DA:62,0
DA:63,0
DA:65,0
DA:66,0
DA:69,0
DA:70,0
DA:72,0
DA:73,0
DA:77,0
DA:78,0
DA:82,0
DA:84,0
DA:85,0
DA:86,0
DA:87,0
DA:88,0
DA:89,0
DA:92,0
DA:95,0
DA:98,0
DA:99,0
DA:100,0
DA:101,0
DA:105,0
DA:106,0
DA:107,0
DA:108,0
DA:109,0
DA:110,0
DA:111,0
DA:112,0
DA:113,0
DA:114,0
DA:115,0
DA:117,0
DA:118,0
DA:119,0
DA:120,0
DA:121,0
DA:122,0
DA:123,0
DA:124,0
DA:125,0
DA:128,0
DA:129,0
DA:130,0
DA:131,0
DA:132,0
DA:133,0
DA:134,0
DA:135,0
DA:136,0
DA:139,0
DA:150,0
DA:158,0
DA:163,0
DA:164,0
DA:166,0
DA:167,0
DA:168,0
DA:169,0
DA:170,0
DA:174,0
DA:175,0
DA:178,0
DA:179,0
DA:180,0
DA:183,0
DA:194,0
DA:196,0
DA:197,0
DA:198,0
DA:200,0
DA:201,0
DA:203,0
DA:204,0
DA:206,0
DA:207,0
DA:209,0
DA:214,0
DA:216,0
DA:217,0
DA:218,0
DA:220,0
DA:221,0
DA:225,0
DA:228,0
DA:231,0
DA:232,0
DA:239,0
DA:240,0
DA:241,0
DA:242,0
DA:243,0
DA:244,0
DA:245,0
DA:246,0
DA:247,0
DA:250,0
LF:104
LH:0
BRDA:53,0,0,0
BRDA:53,0,1,0
BRDA:65,1,0,0
BRDA:65,1,1,0
BRDA:69,2,0,0
BRDA:69,2,1,0
BRDA:72,3,0,0
BRDA:72,3,1,0
BRDA:77,4,0,0
BRDA:77,4,1,0
BRDA:77,5,0,0
BRDA:77,5,1,0
BRDA:84,6,0,0
BRDA:84,6,1,0
BRDA:92,7,0,0
BRDA:92,7,1,0
BRDA:98,8,0,0
BRDA:98,8,1,0
BRDA:99,9,0,0
BRDA:99,9,1,0
BRDA:101,10,0,0
BRDA:101,10,1,0
BRDA:105,11,0,0
BRDA:105,11,1,0
BRDA:109,12,0,0
BRDA:109,12,1,0
BRDA:113,13,0,0
BRDA:113,13,1,0
BRDA:123,14,0,0
BRDA:123,14,1,0
BRDA:124,15,0,0
BRDA:124,15,1,0
BRDA:129,16,0,0
BRDA:129,16,1,0
BRDA:131,17,0,0
BRDA:131,17,1,0
BRDA:133,18,0,0
BRDA:133,18,1,0
BRDA:135,19,0,0
BRDA:135,19,1,0
BRDA:147,20,0,0
BRDA:147,20,1,0
BRDA:166,21,0,0
BRDA:166,21,1,0
BRDA:169,22,0,0
BRDA:169,22,1,0
BRDA:174,23,0,0
BRDA:174,23,1,0
BRDA:175,24,0,0
BRDA:175,24,1,0
BRDA:178,25,0,0
BRDA:178,25,1,0
BRDA:179,26,0,0
BRDA:179,26,1,0
BRDA:194,27,0,0
BRDA:194,27,1,0
BRDA:194,27,2,0
BRDA:194,27,3,0
BRDA:194,27,4,0
BRDA:197,28,0,0
BRDA:197,28,1,0
BRDA:214,29,0,0
BRDA:214,29,1,0
BRDA:214,30,0,0
BRDA:214,30,1,0
BRDA:218,31,0,0
BRDA:218,31,1,0
BRDA:220,32,0,0
BRDA:220,32,1,0
BRDA:231,33,0,0
BRDA:231,33,1,0
BRDA:241,34,0,0
BRDA:241,34,1,0
BRDA:241,34,2,0
BRDA:241,34,3,0
BRDA:241,34,4,0
BRDA:241,34,5,0
BRF:77
BRH:0
end_of_record
TN:
SF:services\agent\tools\fileReadTools.ts
FNF:0
FNH:0
DA:6,0
DA:21,0
DA:39,0
LF:3
LH:0
BRF:0
BRH:0
end_of_record
TN:
SF:services\agent\tools\fileWriteTools.ts
FNF:0
FNH:0
DA:4,0
DA:21,0
DA:41,0
DA:70,0
DA:87,0
LF:5
LH:0
BRF:0
BRH:0
end_of_record
TN:
SF:services\agent\tools\index.ts
FNF:0
FNH:0
DA:10,0
LF:1
LH:0
BRF:0
BRH:0
end_of_record
TN:
SF:services\agent\tools\projectTools.ts
FNF:0
FNH:0
DA:3,0
LF:1
LH:0
BRF:0
BRH:0
end_of_record
TN:
SF:services\agent\tools\subAgentTools.ts
FNF:0
FNH:0
DA:3,0
LF:1
LH:0
BRF:0
BRH:0
end_of_record
TN:
SF:services\agent\tools\todoTools.ts
FN:51,(anonymous_0)
FN:65,(anonymous_1)
FN:72,(anonymous_2)
FN:78,(anonymous_3)
FN:92,(anonymous_4)
FN:106,(anonymous_5)
FN:107,(anonymous_6)
FN:119,(anonymous_7)
FNF:8
FNH:0
FNDA:0,(anonymous_0)
FNDA:0,(anonymous_1)
FNDA:0,(anonymous_2)
FNDA:0,(anonymous_3)
FNDA:0,(anonymous_4)
FNDA:0,(anonymous_5)
FNDA:0,(anonymous_6)
FNDA:0,(anonymous_7)
DA:4,0
DA:51,0
DA:58,0
DA:59,0
DA:60,0
DA:62,0
DA:64,0
DA:65,0
DA:70,0
DA:71,0
DA:72,0
DA:73,0
DA:76,0
DA:77,0
DA:78,0
DA:79,0
DA:80,0
DA:81,0
DA:83,0
DA:85,0
DA:86,0
DA:87,0
DA:90,0
DA:91,0
DA:92,0
DA:93,0
DA:94,0
DA:95,0
DA:97,0
DA:99,0
DA:100,0
DA:101,0
DA:104,0
DA:105,0
DA:106,0
DA:107,0
DA:108,0
DA:109,0
DA:110,0
DA:112,0
DA:114,0
DA:115,0
DA:116,0
DA:119,0
DA:120,0
DA:121,0
DA:124,0
DA:127,0
LF:48
LH:0
BRDA:62,0,0,0
BRDA:62,0,1,0
BRDA:62,0,2,0
BRDA:62,0,3,0
BRDA:62,0,4,0
BRDA:62,0,5,0
BRDA:64,1,0,0
BRDA:64,1,1,0
BRDA:64,2,0,0
BRDA:64,2,1,0
BRDA:76,3,0,0
BRDA:76,3,1,0
BRDA:76,4,0,0
BRDA:76,4,1,0
BRDA:79,5,0,0
BRDA:79,5,1,0
BRDA:85,6,0,0
BRDA:85,6,1,0
BRDA:90,7,0,0
BRDA:90,7,1,0
BRDA:90,8,0,0
BRDA:90,8,1,0
BRDA:93,9,0,0
BRDA:93,9,1,0
BRDA:99,10,0,0
BRDA:99,10,1,0
BRDA:104,11,0,0
BRDA:104,11,1,0
BRDA:104,12,0,0
BRDA:104,12,1,0
BRDA:108,13,0,0
BRDA:108,13,1,0
BRDA:114,14,0,0
BRDA:114,14,1,0
BRDA:119,15,0,0
BRDA:119,15,1,0
BRDA:120,16,0,0
BRDA:120,16,1,0
BRDA:127,17,0,0
BRDA:127,17,1,0
BRF:40
BRH:0
end_of_record
TN:
SF:services\resources\agentSkill.ts
FNF:0
FNH:0
DA:3,1
DA:4,1
DA:5,1
DA:6,1
DA:7,1
DA:8,1
DA:9,1
DA:10,1
LF:8
LH:8
BRF:0
BRH:0
end_of_record
TN:
SF:services\resources\projectTemplates.ts
FNF:0
FNH:0
DA:2,1
DA:26,1
DA:64,1
DA:96,1
LF:4
LH:4
BRF:0
BRH:0
end_of_record
TN:
SF:services\resources\writingGuides.ts
FNF:0
FNH:0
DA:2,1
LF:1
LH:1
BRF:0
BRH:0
end_of_record
TN:
SF:services\resources\skills\characterDesigner.ts
FNF:0
FNH:0
DA:2,1
LF:1
LH:1
BRF:0
BRH:0
end_of_record
TN:
SF:services\resources\skills\coreProtocol.ts
FN:74,(anonymous_0)
FN:75,(anonymous_1)
FN:78,(anonymous_2)
FN:81,(anonymous_3)
FN:97,(anonymous_4)
FN:103,(anonymous_5)
FN:110,(anonymous_6)
FN:123,(anonymous_7)
FN:131,(anonymous_8)
FN:134,(anonymous_9)
FN:135,(anonymous_10)
FN:141,(anonymous_11)
FN:143,(anonymous_12)
FN:147,(anonymous_13)
FN:148,(anonymous_14)
FN:177,(anonymous_15)
FN:181,(anonymous_16)
FN:182,(anonymous_17)
FNF:18
FNH:0
FNDA:0,(anonymous_0)
FNDA:0,(anonymous_1)
FNDA:0,(anonymous_2)
FNDA:0,(anonymous_3)
FNDA:0,(anonymous_4)
FNDA:0,(anonymous_5)
FNDA:0,(anonymous_6)
FNDA:0,(anonymous_7)
FNDA:0,(anonymous_8)
FNDA:0,(anonymous_9)
FNDA:0,(anonymous_10)
FNDA:0,(anonymous_11)
FNDA:0,(anonymous_12)
FNDA:0,(anonymous_13)
FNDA:0,(anonymous_14)
FNDA:0,(anonymous_15)
FNDA:0,(anonymous_16)
FNDA:0,(anonymous_17)
DA:11,1
DA:12,1
DA:15,1
DA:49,1
DA:74,1
DA:75,0
DA:76,0
DA:78,0
DA:79,0
DA:81,0
DA:82,0
DA:84,0
DA:88,0
DA:97,1
DA:98,0
DA:99,0
DA:103,0
DA:105,0
DA:106,0
DA:110,0
DA:111,0
DA:116,0
DA:119,0
DA:123,1
DA:131,0
DA:134,0
DA:135,0
DA:137,0
DA:140,0
DA:141,0
DA:142,0
DA:143,0
DA:146,0
DA:147,0
DA:148,0
DA:149,0
DA:150,0
DA:152,0
DA:153,0
DA:155,0
DA:158,0
DA:159,0
DA:166,0
DA:172,0
DA:173,0
DA:177,0
DA:178,0
DA:181,0
DA:182,0
DA:185,0
DA:188,0
LF:51
LH:7
BRDA:75,0,0,0
BRDA:75,0,1,0
BRDA:76,1,0,0
BRDA:76,1,1,0
BRDA:78,2,0,0
BRDA:78,2,1,0
BRDA:79,3,0,0
BRDA:79,3,1,0
BRDA:84,4,0,0
BRDA:84,4,1,0
BRDA:84,5,0,0
BRDA:84,5,1,0
BRDA:88,6,0,0
BRDA:88,6,1,0
BRDA:88,6,2,0
BRDA:98,7,0,0
BRDA:98,7,1,0
BRDA:98,8,0,0
BRDA:98,8,1,0
BRDA:105,9,0,0
BRDA:105,9,1,0
BRDA:116,10,0,0
BRDA:116,10,1,0
BRDA:134,11,0,0
BRDA:134,11,1,0
BRDA:134,12,0,0
BRDA:134,12,1,0
BRDA:135,13,0,0
BRDA:135,13,1,0
BRDA:137,14,0,0
BRDA:137,14,1,0
BRDA:142,15,0,0
BRDA:142,15,1,0
BRDA:142,16,0,0
BRDA:142,16,1,0
BRDA:143,17,0,0
BRDA:143,17,1,0
BRDA:146,18,0,0
BRDA:146,18,1,0
BRDA:147,19,0,0
BRDA:147,19,1,0
BRDA:149,20,0,0
BRDA:149,20,1,0
BRDA:150,21,0,0
BRDA:150,21,1,0
BRDA:150,22,0,0
BRDA:150,22,1,0
BRDA:158,23,0,0
BRDA:158,23,1,0
BRDA:166,24,0,0
BRDA:166,24,1,0
BRDA:167,25,0,0
BRDA:167,25,1,0
BRDA:167,26,0,0
BRDA:167,26,1,0
BRDA:167,27,0,0
BRDA:167,27,1,0
BRDA:182,28,0,0
BRDA:182,28,1,0
BRDA:221,29,0,0
BRDA:221,29,1,0
BRF:61
BRH:0
end_of_record
TN:
SF:services\resources\skills\draftExpander.ts
FNF:0
FNH:0
DA:2,1
LF:1
LH:1
BRF:0
BRH:0
end_of_record
TN:
SF:services\resources\skills\editorReview.ts
FNF:0
FNH:0
DA:2,1
LF:1
LH:1
BRF:0
BRH:0
end_of_record
TN:
SF:services\resources\skills\eroticArchitect.ts
FNF:0
FNH:0
DA:2,1
LF:1
LH:1
BRF:0
BRH:0
end_of_record
TN:
SF:services\resources\skills\humanizerStyle.ts
FNF:0
FNH:0
DA:2,1
LF:1
LH:1
BRF:0
BRH:0
end_of_record
TN:
SF:services\resources\skills\outlineArchitect.ts
FNF:0
FNH:0
DA:2,1
LF:1
LH:1
BRF:0
BRH:0
end_of_record
TN:
SF:services\resources\skills\worldBuilder.ts
FNF:0
FNH:0
DA:2,1
LF:1
LH:1
BRF:0
BRH:0
end_of_record
TN:
SF:services\subAgents\searchAgent.ts
FN:49,(anonymous_0)
FN:86,runSearchSubAgent
FN:130,(anonymous_2)
FN:139,(anonymous_3)
FN:168,(anonymous_4)
FNF:5
FNH:0
FNDA:0,(anonymous_0)
FNDA:0,runSearchSubAgent
FNDA:0,(anonymous_2)
FNDA:0,(anonymous_3)
FNDA:0,(anonymous_4)
DA:11,0
DA:41,0
DA:49,0
DA:95,0
DA:96,0
DA:97,0
DA:100,0
DA:103,0
DA:105,0
DA:107,0
DA:108,0
DA:109,0
DA:112,0
DA:115,0
DA:123,0
DA:124,0
DA:126,0
DA:127,0
DA:130,0
DA:131,0
DA:132,0
DA:136,0
DA:139,0
DA:141,0
DA:142,0
DA:144,0
DA:145,0
DA:147,0
DA:150,0
DA:151,0
DA:155,0
DA:156,0
DA:159,0
DA:168,0
DA:178,0
DA:182,0
DA:183,0
DA:184,0
DA:185,0
DA:186,0
DA:187,0
DA:190,0
DA:193,0
DA:195,0
DA:196,0
DA:198,0
DA:199,0
DA:201,0
DA:202,0
DA:204,0
DA:207,0
DA:210,0
DA:216,0
DA:219,0
DA:222,0
DA:227,0
LF:56
LH:0
BRDA:105,0,0,0
BRDA:105,0,1,0
BRDA:108,1,0,0
BRDA:108,1,1,0
BRDA:124,2,0,0
BRDA:124,2,1,0
BRDA:124,3,0,0
BRDA:124,3,1,0
BRDA:131,4,0,0
BRDA:131,4,1,0
BRDA:131,5,0,0
BRDA:131,5,1,0
BRDA:141,6,0,0
BRDA:141,6,1,0
BRDA:145,7,0,0
BRDA:145,7,1,0
BRDA:150,8,0,0
BRDA:150,8,1,0
BRDA:150,9,0,0
BRDA:150,9,1,0
BRDA:155,10,0,0
BRDA:155,10,1,0
BRDA:156,11,0,0
BRDA:156,11,1,0
BRDA:172,12,0,0
BRDA:172,12,1,0
BRDA:184,13,0,0
BRDA:184,13,1,0
BRDA:187,14,0,0
BRDA:187,14,1,0
BRDA:193,15,0,0
BRDA:193,15,1,0
BRDA:193,15,2,0
BRDA:193,15,3,0
BRDA:219,16,0,0
BRDA:219,16,1,0
BRF:36
BRH:0
end_of_record
TN:
SF:stores\agentStore.ts
FN:8,(anonymous_0)
FN:14,(anonymous_1)
FN:16,(anonymous_2)
FN:65,(anonymous_3)
FN:78,(anonymous_4)
FN:81,(anonymous_5)
FN:86,(anonymous_6)
FN:107,(anonymous_7)
FN:109,(anonymous_8)
FN:121,(anonymous_9)
FN:126,(anonymous_10)
FN:151,(anonymous_11)
FN:176,(anonymous_12)
FN:180,(anonymous_13)
FN:188,(anonymous_14)
FN:190,(anonymous_15)
FN:194,(anonymous_16)
FN:208,(anonymous_17)
FN:212,(anonymous_18)
FN:221,(anonymous_19)
FN:227,(anonymous_20)
FN:228,(anonymous_21)
FN:243,(anonymous_22)
FN:244,(anonymous_23)
FN:246,(anonymous_24)
FN:252,(anonymous_25)
FN:253,(anonymous_26)
FN:255,(anonymous_27)
FN:260,(anonymous_28)
FN:261,(anonymous_29)
FN:262,(anonymous_30)
FN:276,(anonymous_31)
FN:278,(anonymous_32)
FN:279,(anonymous_33)
FN:286,(anonymous_34)
FN:286,(anonymous_35)
FN:288,(anonymous_36)
FN:288,(anonymous_37)
FN:289,(anonymous_38)
FN:292,(anonymous_39)
FN:292,(anonymous_40)
FN:293,(anonymous_41)
FN:297,(anonymous_42)
FNF:43
FNH:0
FNDA:0,(anonymous_0)
FNDA:0,(anonymous_1)
FNDA:0,(anonymous_2)
FNDA:0,(anonymous_3)
FNDA:0,(anonymous_4)
FNDA:0,(anonymous_5)
FNDA:0,(anonymous_6)
FNDA:0,(anonymous_7)
FNDA:0,(anonymous_8)
FNDA:0,(anonymous_9)
FNDA:0,(anonymous_10)
FNDA:0,(anonymous_11)
FNDA:0,(anonymous_12)
FNDA:0,(anonymous_13)
FNDA:0,(anonymous_14)
FNDA:0,(anonymous_15)
FNDA:0,(anonymous_16)
FNDA:0,(anonymous_17)
FNDA:0,(anonymous_18)
FNDA:0,(anonymous_19)
FNDA:0,(anonymous_20)
FNDA:0,(anonymous_21)
FNDA:0,(anonymous_22)
FNDA:0,(anonymous_23)
FNDA:0,(anonymous_24)
FNDA:0,(anonymous_25)
FNDA:0,(anonymous_26)
FNDA:0,(anonymous_27)
FNDA:0,(anonymous_28)
FNDA:0,(anonymous_29)
FNDA:0,(anonymous_30)
FNDA:0,(anonymous_31)
FNDA:0,(anonymous_32)
FNDA:0,(anonymous_33)
FNDA:0,(anonymous_34)
FNDA:0,(anonymous_35)
FNDA:0,(anonymous_36)
FNDA:0,(anonymous_37)
FNDA:0,(anonymous_38)
FNDA:0,(anonymous_39)
FNDA:0,(anonymous_40)
FNDA:0,(anonymous_41)
FNDA:0,(anonymous_42)
DA:8,0
DA:12,0
DA:14,0
DA:15,0
DA:16,0
DA:65,0
DA:66,0
DA:67,0
DA:71,0
DA:74,0
DA:78,0
DA:82,0
DA:83,0
DA:87,0
DA:88,0
DA:90,0
DA:96,0
DA:107,0
DA:111,0
DA:112,0
DA:113,0
DA:115,0
DA:116,0
DA:117,0
DA:119,0
DA:121,0
DA:124,0
DA:125,0
DA:126,0
DA:130,0
DA:131,0
DA:136,0
DA:138,0
DA:141,0
DA:143,0
DA:145,0
DA:146,0
DA:147,0
DA:152,0
DA:153,0
DA:162,0
DA:163,0
DA:170,0
DA:172,0
DA:173,0
DA:177,0
DA:179,0
DA:180,0
DA:181,0
DA:182,0
DA:184,0
DA:189,0
DA:190,0
DA:191,0
DA:193,0
DA:194,0
DA:196,0
DA:197,0
DA:198,0
DA:201,0
DA:202,0
DA:205,0
DA:209,0
DA:210,0
DA:212,0
DA:213,0
DA:215,0
DA:216,0
DA:218,0
DA:219,0
DA:221,0
DA:223,0
DA:224,0
DA:228,0
DA:229,0
DA:231,0
DA:232,0
DA:234,0
DA:244,0
DA:246,0
DA:253,0
DA:255,0
DA:261,0
DA:262,0
DA:263,0
DA:265,0
DA:266,0
DA:268,0
DA:276,0
DA:279,0
DA:286,0
DA:288,0
DA:289,0
DA:292,0
DA:293,0
DA:297,0
LF:96
LH:0
BRDA:15,0,0,0
BRDA:15,0,1,0
BRDA:88,1,0,0
BRDA:88,1,1,0
BRDA:93,2,0,0
BRDA:93,2,1,0
BRDA:94,3,0,0
BRDA:94,3,1,0
BRDA:119,4,0,0
BRDA:119,4,1,0
BRDA:119,5,0,0
BRDA:119,5,1,0
BRDA:126,6,0,0
BRDA:126,6,1,0
BRDA:126,7,0,0
BRDA:126,7,1,0
BRDA:130,8,0,0
BRDA:130,8,1,0
BRDA:151,9,0,0
BRDA:152,10,0,0
BRDA:152,10,1,0
BRDA:181,11,0,0
BRDA:181,11,1,0
BRDA:191,12,0,0
BRDA:191,12,1,0
BRDA:197,13,0,0
BRDA:197,13,1,0
BRDA:198,14,0,0
BRDA:198,14,1,0
BRDA:210,15,0,0
BRDA:210,15,1,0
BRDA:213,16,0,0
BRDA:213,16,1,0
BRDA:231,17,0,0
BRDA:231,17,1,0
BRDA:231,18,0,0
BRDA:231,18,1,0
BRDA:232,19,0,0
BRDA:232,19,1,0
BRDA:246,20,0,0
BRDA:246,20,1,0
BRDA:255,21,0,0
BRDA:255,21,1,0
BRDA:263,22,0,0
BRDA:263,22,1,0
BRDA:265,23,0,0
BRDA:265,23,1,0
BRDA:289,24,0,0
BRDA:289,24,1,0
BRDA:294,25,0,0
BRDA:294,25,1,0
BRF:51
BRH:0
end_of_record
TN:
SF:stores\diffStore.ts
FN:29,(anonymous_0)
FN:32,(anonymous_1)
FN:37,(anonymous_2)
FN:47,(anonymous_3)
FN:60,(anonymous_4)
FN:62,(anonymous_5)
FN:77,(anonymous_6)
FN:79,(anonymous_7)
FNF:8
FNH:8
FNDA:1,(anonymous_0)
FNDA:13,(anonymous_1)
FNDA:1,(anonymous_2)
FNDA:1,(anonymous_3)
FNDA:16,(anonymous_4)
FNDA:16,(anonymous_5)
FNDA:6,(anonymous_6)
FNDA:6,(anonymous_7)
DA:15,1
DA:17,1
DA:29,1
DA:33,13
DA:34,13
DA:39,1
DA:40,1
DA:41,0
DA:45,1
DA:46,1
DA:47,1
DA:53,1
DA:55,0
DA:56,0
DA:62,16
DA:70,16
DA:71,16
DA:73,0
DA:79,6
DA:80,6
DA:81,6
DA:82,6
DA:86,6
DA:87,6
DA:89,0
LF:25
LH:20
BRDA:34,0,0,13
BRDA:34,0,1,7
BRDA:40,1,0,0
BRDA:40,1,1,1
BRF:4
BRH:3
end_of_record
TN:
SF:stores\fileStore.ts
FN:45,(anonymous_0)
FN:50,(anonymous_1)
FN:72,(anonymous_2)
FN:74,(anonymous_3)
FN:79,(anonymous_4)
FN:101,(anonymous_5)
FN:114,(anonymous_6)
FN:116,(anonymous_7)
FN:123,(anonymous_8)
FN:140,(anonymous_9)
FN:145,(anonymous_10)
FN:149,(anonymous_11)
FN:153,(anonymous_12)
FN:156,(anonymous_13)
FN:160,(anonymous_14)
FN:166,(anonymous_15)
FN:167,(anonymous_16)
FN:173,(anonymous_17)
FN:177,(anonymous_18)
FN:178,(anonymous_19)
FN:183,(anonymous_20)
FN:191,(anonymous_21)
FN:213,(anonymous_22)
FN:214,(anonymous_23)
FN:220,(anonymous_24)
FN:239,(anonymous_25)
FN:243,(anonymous_26)
FN:246,(anonymous_27)
FN:249,(anonymous_28)
FN:255,(anonymous_29)
FN:257,(anonymous_30)
FN:266,(anonymous_31)
FN:268,(anonymous_32)
FN:268,(anonymous_33)
FN:272,(anonymous_34)
FN:283,(anonymous_35)
FN:293,(anonymous_36)
FN:294,(anonymous_37)
FN:304,(anonymous_38)
FNF:39
FNH:36
FNDA:1,(anonymous_0)
FNDA:5,(anonymous_1)
FNDA:59,(anonymous_2)
FNDA:0,(anonymous_3)
FNDA:59,(anonymous_4)
FNDA:9,(anonymous_5)
FNDA:2,(anonymous_6)
FNDA:22,(anonymous_7)
FNDA:4,(anonymous_8)
FNDA:2,(anonymous_9)
FNDA:1,(anonymous_10)
FNDA:1,(anonymous_11)
FNDA:1,(anonymous_12)
FNDA:1,(anonymous_13)
FNDA:2,(anonymous_14)
FNDA:1,(anonymous_15)
FNDA:3,(anonymous_16)
FNDA:1,(anonymous_17)
FNDA:1,(anonymous_18)
FNDA:3,(anonymous_19)
FNDA:1,(anonymous_20)
FNDA:0,(anonymous_21)
FNDA:1,(anonymous_22)
FNDA:3,(anonymous_23)
FNDA:2,(anonymous_24)
FNDA:1,(anonymous_25)
FNDA:2,(anonymous_26)
FNDA:3,(anonymous_27)
FNDA:1,(anonymous_28)
FNDA:4,(anonymous_29)
FNDA:7,(anonymous_30)
FNDA:3,(anonymous_31)
FNDA:9,(anonymous_32)
FNDA:0,(anonymous_33)
FNDA:9,(anonymous_34)
FNDA:2,(anonymous_35)
FNDA:1,(anonymous_36)
FNDA:3,(anonymous_37)
FNDA:1,(anonymous_38)
DA:2,1
DA:3,1
DA:4,1
DA:5,1
DA:6,1
DA:7,1
DA:10,1
DA:45,1
DA:53,5
DA:55,5
DA:57,1
DA:61,5
DA:62,2
DA:63,2
DA:65,2
DA:68,5
DA:72,59
DA:73,5
DA:74,0
DA:75,0
DA:79,5
DA:80,59
DA:81,36
DA:82,36
DA:83,30
DA:84,30
DA:87,29
DA:90,5
DA:91,2
DA:95,5
DA:98,5
DA:102,9
DA:105,9
DA:108,9
DA:109,9
DA:110,9
DA:114,2
DA:117,22
DA:118,22
DA:119,21
DA:124,4
DA:125,4
DA:127,3
DA:128,3
DA:129,3
DA:131,3
DA:132,3
DA:133,1
DA:134,1
DA:135,0
DA:138,2
DA:139,2
DA:140,2
DA:141,2
DA:142,2
DA:146,1
DA:148,1
DA:149,1
DA:150,1
DA:154,1
DA:155,1
DA:156,1
DA:157,1
DA:161,2
DA:162,2
DA:163,2
DA:165,1
DA:166,1
DA:167,3
DA:169,1
DA:170,1
DA:174,1
DA:176,1
DA:177,1
DA:178,3
DA:180,1
DA:184,1
DA:185,1
DA:186,1
DA:188,1
DA:191,1
DA:193,1
DA:194,1
DA:195,1
DA:197,1
DA:201,1
DA:205,1
DA:207,1
DA:210,1
DA:212,1
DA:213,1
DA:214,3
DA:216,1
DA:217,1
DA:221,2
DA:222,2
DA:223,2
DA:225,1
DA:226,1
DA:227,1
DA:231,1
DA:232,1
DA:233,1
DA:236,1
DA:238,1
DA:239,1
DA:240,1
DA:244,2
DA:245,2
DA:246,3
DA:247,2
DA:249,1
DA:250,1
DA:251,1
DA:256,4
DA:257,7
DA:258,4
DA:261,3
DA:262,0
DA:265,3
DA:266,3
DA:267,3
DA:268,9
DA:270,3
DA:272,9
DA:273,3
DA:274,3
DA:275,3
DA:278,3
DA:280,3
DA:284,2
DA:285,2
DA:286,2
DA:289,1
DA:290,0
DA:293,1
DA:294,3
DA:296,1
DA:299,1
DA:301,1
DA:304,1
LF:141
LH:136
BRDA:61,0,0,2
BRDA:61,0,1,3
BRDA:61,1,0,5
BRDA:61,1,1,4
BRDA:73,2,0,0
BRDA:73,2,1,5
BRDA:74,3,0,0
BRDA:74,3,1,0
BRDA:80,4,0,36
BRDA:80,4,1,23
BRDA:80,5,0,59
BRDA:80,5,1,36
BRDA:80,5,2,36
BRDA:82,6,0,30
BRDA:82,6,1,6
BRDA:90,7,0,2
BRDA:90,7,1,3
BRDA:108,8,0,9
BRDA:108,8,1,0
BRDA:118,9,0,21
BRDA:118,9,1,1
BRDA:125,10,0,1
BRDA:125,10,1,3
BRDA:132,11,0,1
BRDA:132,11,1,2
BRDA:134,12,0,1
BRDA:134,12,1,0
BRDA:134,13,0,1
BRDA:134,13,1,0
BRDA:163,14,0,1
BRDA:163,14,1,1
BRDA:167,15,0,1
BRDA:167,15,1,2
BRDA:178,16,0,1
BRDA:178,16,1,2
BRDA:186,17,0,0
BRDA:186,17,1,1
BRDA:188,18,0,1
BRDA:188,18,1,0
BRDA:201,19,0,1
BRDA:201,19,1,0
BRDA:214,20,0,1
BRDA:214,20,1,2
BRDA:220,21,0,2
BRDA:223,22,0,1
BRDA:223,22,1,1
BRDA:225,23,0,1
BRDA:225,23,1,0
BRDA:232,24,0,1
BRDA:232,24,1,0
BRDA:240,25,0,0
BRDA:240,25,1,1
BRDA:246,26,0,3
BRDA:246,26,1,2
BRDA:246,26,2,1
BRDA:247,27,0,1
BRDA:247,27,1,1
BRDA:251,28,0,0
BRDA:251,28,1,1
BRDA:257,29,0,4
BRDA:257,29,1,3
BRDA:258,30,0,1
BRDA:258,30,1,3
BRDA:261,31,0,0
BRDA:261,31,1,3
BRDA:274,32,0,1
BRDA:274,32,1,2
BRDA:286,33,0,1
BRDA:286,33,1,1
BRDA:289,34,0,0
BRDA:289,34,1,1
BRDA:294,35,0,1
BRDA:294,35,1,2
BRF:73
BRH:58
end_of_record
TN:
SF:stores\projectStore.ts
FN:25,(anonymous_0)
FN:30,(anonymous_1)
FN:32,(anonymous_2)
FN:35,(anonymous_3)
FN:41,(anonymous_4)
FN:56,(anonymous_5)
FN:62,(anonymous_6)
FN:75,(anonymous_7)
FN:76,(anonymous_8)
FN:85,(anonymous_9)
FN:87,(anonymous_10)
FN:92,(anonymous_11)
FN:93,(anonymous_12)
FN:99,(anonymous_13)
FN:102,(anonymous_14)
FN:103,(anonymous_15)
FN:115,(anonymous_16)
FN:118,(anonymous_17)
FNF:18
FNH:0
FNDA:0,(anonymous_0)
FNDA:0,(anonymous_1)
FNDA:0,(anonymous_2)
FNDA:0,(anonymous_3)
FNDA:0,(anonymous_4)
FNDA:0,(anonymous_5)
FNDA:0,(anonymous_6)
FNDA:0,(anonymous_7)
FNDA:0,(anonymous_8)
FNDA:0,(anonymous_9)
FNDA:0,(anonymous_10)
FNDA:0,(anonymous_11)
FNDA:0,(anonymous_12)
FNDA:0,(anonymous_13)
FNDA:0,(anonymous_14)
FNDA:0,(anonymous_15)
FNDA:0,(anonymous_16)
FNDA:0,(anonymous_17)
DA:25,0
DA:31,0
DA:32,0
DA:36,0
DA:38,0
DA:40,0
DA:41,0
DA:42,0
DA:45,0
DA:46,0
DA:47,0
DA:50,0
DA:52,0
DA:57,0
DA:59,0
DA:63,0
DA:75,0
DA:76,0
DA:80,0
DA:82,0
DA:86,0
DA:87,0
DA:88,0
DA:90,0
DA:92,0
DA:93,0
DA:96,0
DA:100,0
DA:102,0
DA:103,0
DA:107,0
DA:110,0
DA:111,0
DA:117,0
DA:118,0
DA:119,0
LF:36
LH:0
BRDA:46,0,0,0
BRDA:46,0,1,0
BRDA:88,1,0,0
BRDA:88,1,1,0
BRDA:93,2,0,0
BRDA:93,2,1,0
BRDA:104,3,0,0
BRDA:104,3,1,0
BRDA:110,4,0,0
BRDA:110,4,1,0
BRF:10
BRH:0
end_of_record
TN:
SF:stores\uiStore.ts
FN:33,(anonymous_0)
FN:38,(anonymous_1)
FN:51,(anonymous_2)
FN:60,(anonymous_3)
FN:70,(anonymous_4)
FN:71,(anonymous_5)
FN:72,(anonymous_6)
FN:73,(anonymous_7)
FN:74,(anonymous_8)
FN:76,(anonymous_9)
FN:76,(anonymous_10)
FN:77,(anonymous_11)
FN:77,(anonymous_12)
FN:78,(anonymous_13)
FN:78,(anonymous_14)
FN:79,(anonymous_15)
FN:79,(anonymous_16)
FN:80,(anonymous_17)
FN:80,(anonymous_18)
FN:86,(anonymous_19)
FNF:20
FNH:0
FNDA:0,(anonymous_0)
FNDA:0,(anonymous_1)
FNDA:0,(anonymous_2)
FNDA:0,(anonymous_3)
FNDA:0,(anonymous_4)
FNDA:0,(anonymous_5)
FNDA:0,(anonymous_6)
FNDA:0,(anonymous_7)
FNDA:0,(anonymous_8)
FNDA:0,(anonymous_9)
FNDA:0,(anonymous_10)
FNDA:0,(anonymous_11)
FNDA:0,(anonymous_12)
FNDA:0,(anonymous_13)
FNDA:0,(anonymous_14)
FNDA:0,(anonymous_15)
FNDA:0,(anonymous_16)
FNDA:0,(anonymous_17)
FNDA:0,(anonymous_18)
FNDA:0,(anonymous_19)
DA:32,0
DA:34,0
DA:36,0
DA:40,0
DA:41,0
DA:53,0
DA:58,0
DA:60,0
DA:70,0
DA:71,0
DA:72,0
DA:73,0
DA:74,0
DA:76,0
DA:77,0
DA:78,0
DA:79,0
DA:80,0
DA:86,0
LF:19
LH:0
BRDA:36,0,0,0
BRDA:36,0,1,0
BRDA:42,1,0,0
BRDA:42,1,1,0
BRDA:43,2,0,0
BRDA:43,2,1,0
BRDA:44,3,0,0
BRDA:44,3,1,0
BRDA:45,4,0,0
BRDA:45,4,1,0
BRDA:46,5,0,0
BRDA:46,5,1,0
BRDA:47,6,0,0
BRDA:47,6,1,0
BRDA:48,7,0,0
BRDA:48,7,1,0
BRF:16
BRH:0
end_of_record
TN:
SF:utils\diffUtils.ts
FN:24,(anonymous_0)
FN:38,(anonymous_1)
FN:83,(anonymous_2)
FN:87,(anonymous_3)
FN:107,(anonymous_4)
FN:110,(anonymous_5)
FN:111,(anonymous_6)
FN:112,(anonymous_7)
FN:113,(anonymous_8)
FN:117,(anonymous_9)
FN:138,(anonymous_10)
FN:155,(anonymous_11)
FN:177,(anonymous_12)
FNF:13
FNH:0
FNDA:0,(anonymous_0)
FNDA:0,(anonymous_1)
FNDA:0,(anonymous_2)
FNDA:0,(anonymous_3)
FNDA:0,(anonymous_4)
FNDA:0,(anonymous_5)
FNDA:0,(anonymous_6)
FNDA:0,(anonymous_7)
FNDA:0,(anonymous_8)
FNDA:0,(anonymous_9)
FNDA:0,(anonymous_10)
FNDA:0,(anonymous_11)
FNDA:0,(anonymous_12)
DA:24,0
DA:25,0
DA:28,0
DA:29,0
DA:32,0
DA:34,0
DA:35,0
DA:37,0
DA:38,0
DA:40,0
DA:43,0
DA:45,0
DA:46,0
DA:52,0
DA:54,0
DA:55,0
DA:63,0
DA:64,0
DA:74,0
DA:83,0
DA:84,0
DA:87,0
DA:88,0
DA:89,0
DA:91,0
DA:92,0
DA:95,0
DA:96,0
DA:101,0
DA:102,0
DA:104,0
DA:105,0
DA:107,0
DA:108,0
DA:110,0
DA:111,0
DA:112,0
DA:113,0
DA:116,0
DA:117,0
DA:119,0
DA:120,0
DA:121,0
DA:122,0
DA:124,0
DA:126,0
DA:135,0
DA:138,0
DA:139,0
DA:142,0
DA:143,0
DA:144,0
DA:146,0
DA:148,0
DA:150,0
DA:155,0
DA:156,0
DA:157,0
DA:158,0
DA:160,0
DA:161,0
DA:163,0
DA:164,0
DA:165,0
DA:167,0
DA:170,0
DA:177,0
DA:184,0
DA:185,0
DA:187,0
DA:188,0
DA:190,0
DA:191,0
DA:194,0
DA:197,0
DA:199,0
DA:202,0
DA:205,0
DA:206,0
DA:210,0
DA:211,0
DA:213,0
LF:82
LH:0
BRDA:28,0,0,0
BRDA:28,0,1,0
BRDA:29,1,0,0
BRDA:29,1,1,0
BRDA:40,2,0,0
BRDA:40,2,1,0
BRDA:43,3,0,0
BRDA:43,3,1,0
BRDA:52,4,0,0
BRDA:52,4,1,0
BRDA:83,5,0,0
BRDA:88,6,0,0
BRDA:88,6,1,0
BRDA:92,7,0,0
BRDA:92,7,1,0
BRDA:96,8,0,0
BRDA:96,8,1,0
BRDA:102,9,0,0
BRDA:102,9,1,0
BRDA:108,10,0,0
BRDA:108,10,1,0
BRDA:117,11,0,0
BRDA:117,11,1,0
BRDA:117,12,0,0
BRDA:117,12,1,0
BRDA:129,13,0,0
BRDA:129,13,1,0
BRDA:130,14,0,0
BRDA:130,14,1,0
BRDA:131,15,0,0
BRDA:131,15,1,0
BRDA:132,16,0,0
BRDA:132,16,1,0
BRDA:133,17,0,0
BRDA:133,17,1,0
BRDA:142,18,0,0
BRDA:142,18,1,0
BRDA:164,19,0,0
BRDA:164,19,1,0
BRDA:167,20,0,0
BRDA:167,20,1,0
BRDA:194,21,0,0
BRDA:194,21,1,0
BRDA:194,22,0,0
BRDA:194,22,1,0
BRDA:199,23,0,0
BRDA:199,23,1,0
BRDA:199,24,0,0
BRDA:199,24,1,0
BRDA:205,25,0,0
BRDA:205,25,1,0
BRDA:205,26,0,0
BRDA:205,26,1,0
BRF:53
BRH:0
end_of_record
TN:
SF:utils\exportUtils.ts
FN:8,(anonymous_0)
FN:22,(anonymous_1)
FN:33,(anonymous_2)
FN:39,(anonymous_3)
FN:71,(anonymous_4)
FN:73,(anonymous_5)
FN:75,(anonymous_6)
FN:92,(anonymous_7)
FN:114,(anonymous_8)
FNF:9
FNH:0
FNDA:0,(anonymous_0)
FNDA:0,(anonymous_1)
FNDA:0,(anonymous_2)
FNDA:0,(anonymous_3)
FNDA:0,(anonymous_4)
FNDA:0,(anonymous_5)
FNDA:0,(anonymous_6)
FNDA:0,(anonymous_7)
FNDA:0,(anonymous_8)
DA:8,0
DA:9,0
DA:10,0
DA:11,0
DA:12,0
DA:13,0
DA:14,0
DA:15,0
DA:16,0
DA:22,0
DA:23,0
DA:25,0
DA:26,0
DA:27,0
DA:33,0
DA:34,0
DA:35,0
DA:36,0
DA:37,0
DA:39,0
DA:40,0
DA:46,0
DA:47,0
DA:49,0
DA:52,0
DA:53,0
DA:55,0
DA:58,0
DA:61,0
DA:62,0
DA:64,0
DA:65,0
DA:71,0
DA:73,0
DA:75,0
DA:76,0
DA:78,0
DA:81,0
DA:82,0
DA:83,0
DA:92,0
DA:93,0
DA:95,0
DA:102,0
DA:103,0
DA:104,0
DA:107,0
DA:108,0
DA:114,0
DA:115,0
DA:117,0
DA:119,0
DA:120,0
LF:53
LH:0
BRDA:23,0,0,0
BRDA:23,0,1,0
BRDA:25,1,0,0
BRDA:25,1,1,0
BRDA:35,2,0,0
BRDA:35,2,1,0
BRDA:46,3,0,0
BRDA:46,3,1,0
BRDA:52,4,0,0
BRDA:52,4,1,0
BRDA:52,5,0,0
BRDA:52,5,1,0
BRDA:61,6,0,0
BRDA:61,6,1,0
BRDA:76,7,0,0
BRDA:76,7,1,0
BRDA:78,8,0,0
BRDA:78,8,1,0
BRDA:82,9,0,0
BRDA:82,9,1,0
BRDA:93,10,0,0
BRDA:93,10,1,0
BRDA:103,11,0,0
BRDA:103,11,1,0
BRF:24
BRH:0
end_of_record
TN:
SF:utils\frontmatter.ts
FN:8,(anonymous_1)
FN:31,(anonymous_2)
FNF:2
FNH:1
FNDA:41,(anonymous_1)
FNDA:0,(anonymous_2)
DA:2,1
DA:8,1
DA:9,41
DA:12,41
DA:13,41
DA:15,41
DA:16,30
DA:17,30
DA:18,30
DA:20,0
DA:21,0
DA:24,11
DA:31,1
DA:32,0
DA:33,0
DA:35,0
DA:36,0
DA:37,0
DA:41,0
DA:42,0
LF:20
LH:11
BRDA:9,0,0,0
BRDA:9,0,1,41
BRDA:15,1,0,30
BRDA:15,1,1,11
BRDA:18,2,0,30
BRDA:18,2,1,0
BRDA:18,3,0,30
BRDA:18,3,1,30
BRDA:36,4,0,0
BRDA:36,4,1,0
BRF:10
BRH:6
end_of_record
TN:
SF:utils\patchQueue.ts
FN:19,(anonymous_0)
FN:23,(anonymous_1)
FN:45,(anonymous_2)
FN:47,(anonymous_3)
FN:48,(anonymous_4)
FN:55,(anonymous_5)
FN:63,(anonymous_6)
FN:76,(anonymous_7)
FN:88,(anonymous_8)
FN:107,(anonymous_9)
FNF:10
FNH:0
FNDA:0,(anonymous_0)
FNDA:0,(anonymous_1)
FNDA:0,(anonymous_2)
FNDA:0,(anonymous_3)
FNDA:0,(anonymous_4)
FNDA:0,(anonymous_5)
FNDA:0,(anonymous_6)
FNDA:0,(anonymous_7)
FNDA:0,(anonymous_8)
FNDA:0,(anonymous_9)
DA:19,0
DA:20,0
DA:23,0
DA:25,0
DA:26,0
DA:28,0
DA:38,0
DA:45,0
DA:46,0
DA:47,0
DA:48,0
DA:55,0
DA:56,0
DA:63,0
DA:69,0
DA:76,0
DA:85,0
DA:88,0
DA:90,0
DA:92,0
DA:93,0
DA:95,0
DA:96,0
DA:100,0
DA:101,0
DA:102,0
DA:104,0
DA:105,0
DA:107,0
DA:108,0
DA:110,0
DA:111,0
DA:112,0
DA:113,0
DA:114,0
DA:117,0
DA:122,0
LF:37
LH:0
BRDA:26,0,0,0
BRDA:26,0,1,0
BRDA:30,1,0,0
BRDA:30,1,1,0
BRDA:31,2,0,0
BRDA:31,2,1,0
BRDA:85,3,0,0
BRDA:85,3,1,0
BRDA:93,4,0,0
BRDA:93,4,1,0
BRDA:95,5,0,0
BRDA:95,5,1,0
BRDA:96,6,0,0
BRDA:96,6,1,0
BRDA:102,7,0,0
BRDA:102,7,1,0
BRDA:104,8,0,0
BRDA:104,8,1,0
BRDA:105,9,0,0
BRDA:105,9,1,0
BRDA:113,10,0,0
BRDA:113,10,1,0
BRF:22
BRH:0
end_of_record
